1508577060 15
1508577120 14
1508577180 20
1508577240 13
1508577300 13
1508577360 13
1508577420 14
1508577480 11
1508577540 10
1508577600 12
1508577660 14
1508577720 16
1508577780 18
1508577840 15
1508577900 15
1508577960 14
1508578020 10
1508578080 2
1508578140 7
1508578200 4
1508578260 11
1508578320 11
1508578380 14
1508578440 14
1508578500 11
1508578560 12
1508578620 9
1508578680 14
1508578740 13
1508578800 5
1508578860 3
1508578920 10
1508578980 1
1508579040 2
1508579100 3
1508579160 3
1508579280 1
1508579340 4
1508579400 2
1508579460 4
1508579520 6
1508579580 14
1508579640 14
1508579700 14
1508579760 13
1508579820 9
1508579880 9
1508579940 11
1508580000 8
1508580060 10
1508580120 9
1508580180 10
1508580240 8
1508580300 10
1508580360 9
1508580420 10
1508580480 13
1508580540 10
1508580600 9
1508580660 9
1508580720 7
1508580780 6
1508580840 6
1508580900 9
1508580960 9
1508581020 9
1508581080 10
1508581140 9
1508581200 5
1508581260 2
