1513420860 44
1513420920 42
1513420980 38
1513421040 44
1513421100 51
1513421160 54
1513421220 60
1513421280 56
1513421340 58
1513421400 60
1513421460 57
1513421520 59
1513421580 54
1513421640 57
1513421700 60
1513421760 58
1513421820 61
1513421880 63
1513421940 59
1513422000 60
1513422060 70
1513422120 74
1513422180 74
1513422240 74
1513422300 74
1513422360 77
1513422420 81
1513422480 85
1513422540 90
1513422600 96
1513422660 103
1513422720 107
1513422780 106
1513422840 114
1513422900 115
1513422960 117
1513423020 122
1513423080 117
1513423140 115
1513423200 114
1513423260 110
1513423320 112
1513423380 117
1513423440 117
1513423500 122
1513423560 113
1513423620 113
1513423680 112
1513423740 118
1513423800 121
1513423860 122
1513423920 112
1513423980 115
1513424040 118
1513424100 122
1513424160 122
1513424220 128
1513424280 123
1513424340 126
1513424400 122
1513424460 121
1513424520 120
1513424580 123
1513424640 126
1513424700 128
1513424760 134
1513424820 131
1513424880 135
1513424940 120
1513425000 127
1513425060 125
1513425120 123
1513425180 123
1513425240 121
1513425300 118
1513425360 114
1513425420 118
1513425480 122
1513425540 128
1513425600 136
1513425660 127
1513425720 126
1513425780 124
1513425840 119
1513425900 124
1513425960 128
1513426020 125
1513426080 129
1513426140 131
1513426200 133
1513426260 133
1513426320 133
1513426380 133
1513426440 138
1513426500 133
1513426560 125
1513426620 127
1513426680 127
1513426740 132
1513426800 144
1513426860 141
1513426920 143
1513426980 141
1513427040 145
1513427100 150
1513427160 150
1513427220 157
1513427280 148
1513427340 147
1513427400 145
1513427460 146
1513427520 148
1513427580 147
1513427640 142
1513427700 135
1513427760 126
1513427820 120
1513427880 117
1513427940 116
1513428000 121
1513428060 125
1513428120 120
1513428180 129
1513428240 123
1513428300 125
1513428360 127
1513428420 132
1513428480 135
1513428540 132
1513428600 128
1513428660 130
1513428720 123
1513428780 124
1513428840 132
1513428900 126
1513428960 128
1513429020 126
1513429080 125
1513429140 122
1513429200 129
1513429260 130
1513429320 132
1513429380 133
1513429440 135
1513429500 133
1513429560 136
1513429620 136
1513429680 140
1513429740 136
1513429800 138
1513429860 144
1513429920 141
1513429980 146
1513430040 146
1513430100 148
1513430160 149
1513430220 156
1513430280 149
1513430340 144
1513430400 130
1513430460 127
1513430520 131
1513430580 139
1513430640 135
1513430700 131
1513430760 125
1513430820 122
1513430880 122
1513430940 122
1513431000 121
1513431060 124
1513431120 126
1513431180 119
1513431240 129
1513431300 125
1513431360 134
1513431420 135
1513431480 134
1513431540 131
1513431600 129
1513431660 136
1513431720 141
1513431780 139
1513431840 140
1513431900 132
1513431960 123
1513432020 111
1513432080 107
1513432140 105
1513432200 95
1513432260 42
