1507009080 16
1507009140 14
1507009200 13
1507009260 13
1507009320 20
1507009380 28
1507009440 32
1507009500 39
1507009560 39
1507009620 41
1507009680 39
1507009740 37
1507009800 35
1507009860 40
1507009920 49
1507009980 49
1507010040 55
1507010100 53
1507010160 56
1507010220 64
1507010280 69
1507010340 74
1507010400 68
1507010460 77
1507010520 77
1507010580 78
1507010640 82
1507010700 84
1507010760 90
1507010820 89
1507010880 99
1507010940 103
1507011000 107
1507011060 111
1507011120 109
1507011180 116
1507011240 118
1507011300 123
1507011360 116
1507011420 120
1507011480 113
1507011540 114
1507011600 116
1507011660 120
1507011720 119
1507011780 121
1507011840 125
1507011900 123
1507011960 125
1507012020 127
1507012080 122
1507012140 121
1507012200 128
1507012260 122
1507012320 123
1507012380 128
1507012440 133
1507012500 132
1507012560 134
1507012620 131
1507012680 135
1507012740 126
1507012800 132
1507012860 134
1507012920 144
1507012980 144
1507013040 149
1507013100 143
1507013160 135
1507013220 135
1507013280 139
1507013340 139
1507013400 135
1507013460 138
1507013520 137
1507013580 143
1507013640 140
1507013700 145
1507013760 140
1507013820 139
1507013880 136
1507013940 144
1507014000 145
1507014060 151
1507014120 150
1507014180 150
1507014240 155
1507014300 154
1507014360 148
1507014420 156
1507014480 150
1507014540 151
1507014600 145
1507014660 143
1507014720 150
1507014780 150
1507014840 144
1507014900 147
1507014960 153
1507015020 149
1507015080 160
1507015140 162
1507015200 161
1507015260 164
1507015320 164
1507015380 168
1507015440 165
1507015500 157
1507015560 161
1507015620 154
1507015680 157
1507015740 160
1507015800 161
1507015860 163
1507015920 162
1507015980 161
1507016040 166
1507016100 166
1507016160 165
1507016220 173
1507016280 165
1507016340 163
1507016400 163
1507016460 165
1507016520 164
1507016580 162
1507016640 168
1507016700 174
1507016760 168
1507016820 173
1507016880 172
1507016940 169
1507017000 174
1507017060 173
1507017120 168
1507017180 169
1507017240 167
1507017300 166
1507017360 167
1507017420 170
1507017480 160
1507017540 158
1507017600 157
1507017660 151
1507017720 157
1507017780 149
1507017840 151
1507017900 157
1507017960 154
1507018020 164
1507018080 158
1507018140 159
1507018200 154
1507018260 156
1507018320 151
1507018380 150
1507018440 148
1507018500 153
1507018560 148
1507018620 148
1507018680 149
1507018740 150
1507018800 153
1507018860 156
1507018920 165
1507018980 165
1507019040 168
1507019100 167
1507019160 170
1507019220 155
1507019280 148
1507019340 143
1507019400 152
1507019460 149
1507019520 151
1507019580 150
1507019640 147
1507019700 141
1507019760 139
1507019820 137
1507019880 142
1507019940 140
1507020000 134
1507020060 132
1507020120 133
1507020180 133
1507020240 135
1507020300 135
1507020360 133
1507020420 141
1507020480 142
1507020540 138
1507020600 143
1507020660 141
1507020720 147
1507020780 149
1507020840 146
1507020900 138
1507020960 145
1507021020 153
1507021080 147
1507021140 145
1507021200 135
1507021260 122
1507021320 86
