1509100260 7
1509100320 17
1509100380 8
1509100440 6
1509100500 7
1509100560 9
1509100620 10
1509100680 9
1509100740 15
1509100800 15
1509100860 16
1509100920 14
1509100980 19
1509101040 23
1509101100 28
1509101160 23
1509101220 20
1509101280 26
1509101340 33
1509101400 27
1509101460 27
1509101520 29
1509101580 30
1509101640 30
1509101700 31
1509101760 34
1509101820 36
1509101880 36
1509101940 38
1509102000 43
1509102060 41
1509102120 42
1509102180 47
1509102240 50
1509102300 57
1509102360 65
1509102420 71
1509102480 75
1509102540 80
1509102600 82
1509102660 82
1509102720 91
1509102780 93
1509102840 82
1509102900 79
1509102960 71
1509103020 76
1509103080 75
1509103140 81
1509103200 78
1509103260 75
1509103320 76
1509103380 81
1509103440 75
1509103500 83
1509103560 84
1509103620 90
1509103680 86
1509103740 94
1509103800 93
1509103860 86
1509103920 36
1509103980 64
1509104040 76
1509104100 66
1509104160 75
1509104220 80
1509104280 82
1509104340 84
1509104400 83
1509104460 90
1509104520 95
1509104580 91
1509104640 85
1509104700 83
1509104760 86
1509104820 94
1509104880 92
1509104940 87
1509105000 88
1509105060 90
1509105120 88
1509105180 91
1509105240 93
1509105300 89
1509105360 99
1509105420 112
1509105480 109
1509105540 110
1509105600 115
1509105660 112
1509105720 114
1509105780 113
1509105840 115
1509105900 117
1509105960 110
1509106020 117
1509106080 112
1509106140 115
1509106200 109
1509106260 112
1509106320 116
1509106380 114
1509106440 113
1509106500 121
1509106560 118
1509106620 120
1509106680 110
1509106740 113
1509106800 112
1509106860 109
1509106920 109
1509106980 112
1509107040 105
1509107100 108
1509107160 113
1509107220 114
1509107280 118
1509107340 106
1509107400 106
1509107460 108
1509107520 105
1509107580 108
1509107640 112
1509107700 106
1509107760 108
1509107820 105
1509107880 109
1509107940 109
1509108000 118
1509108060 107
1509108120 105
1509108180 111
1509108240 115
1509108300 121
1509108360 115
1509108420 113
1509108480 113
1509108540 111
1509108600 111
1509108660 109
1509108720 106
1509108780 114
1509108840 110
1509108900 111
1509108960 110
1509109020 106
1509109080 107
1509109140 112
1509109200 110
1509109260 112
1509109320 103
1509109380 101
1509109440 107
1509109500 105
1509109560 100
1509109620 100
1509109680 101
1509109740 96
1509109800 94
1509109860 97
1509109920 100
1509109980 100
1509110040 101
1509110100 103
1509110160 105
1509110220 105
1509110280 102
1509110340 106
1509110400 97
1509110460 102
1509110520 102
1509110580 110
1509110640 103
1509110700 100
1509110760 102
1509110820 95
1509110880 96
1509110940 99
1509111000 104
1509111060 102
1509111120 108
1509111180 107
1509111240 109
1509111300 102
1509111360 109
1509111420 105
1509111480 101
1509111540 106
1509111600 104
1509111660 108
1509111720 108
1509111780 103
1509111840 97
1509111900 100
1509111960 101
1509112020 103
1509112080 91
1509112140 95
1509112200 93
1509112260 77
1509112320 30
