1511515740 39
1511515800 31
1511515860 26
1511515920 29
1511515980 28
1511516040 28
1511516100 26
1511516160 22
1511516220 23
1511516280 23
1511516340 26
1511516400 24
1511516460 28
1511516520 24
1511516580 29
1511516640 29
1511516700 28
1511516760 31
1511516820 29
1511516880 29
1511516940 33
1511517000 29
1511517060 35
1511517120 37
1511517180 32
1511517240 32
1511517300 34
1511517360 33
1511517420 34
1511517480 27
1511517540 31
1511517600 29
1511517660 31
1511517720 30
1511517780 29
1511517840 32
1511517900 35
1511517960 35
1511518020 36
1511518080 35
1511518140 32
1511518200 36
1511518260 35
1511518320 34
1511518380 37
1511518440 37
1511518500 36
1511518560 32
1511518620 41
1511518680 39
1511518740 43
1511518800 40
1511518860 40
1511518920 46
1511518980 40
1511519040 45
1511519100 39
1511519160 37
1511519220 38
1511519280 35
1511519340 31
1511519400 6
