1510396740 49
1510396800 55
1510396860 50
1510396920 58
1510396980 63
1510397040 66
1510397100 57
1510397160 59
1510397220 71
1510397280 69
1510397340 74
1510397400 88
1510397460 92
1510397520 98
1510397580 97
1510397640 91
1510397700 90
1510397760 102
1510397820 83
1510397880 39
1510397940 97
1510398000 118
1510398060 133
1510398120 154
1510398180 172
1510398240 173
1510398300 179
1510398360 168
1510398420 173
1510398480 190
1510398540 203
1510398600 215
1510398660 227
1510398720 237
1510398780 245
1510398840 256
1510398900 262
1510398960 274
1510399020 285
1510399080 289
1510399140 288
1510399200 284
1510399260 288
1510399320 298
1510399380 299
1510399440 301
1510399500 305
1510399560 303
1510399620 307
1510399680 313
1510399740 324
1510399800 322
1510399860 329
1510399920 333
1510399980 324
1510400040 319
1510400100 327
1510400160 330
1510400220 325
1510400280 336
1510400340 336
1510400400 335
1510400460 337
1510400520 345
1510400580 338
1510400640 329
1510400700 332
1510400760 336
1510400820 341
1510400880 345
1510400940 346
1510401000 343
1510401060 337
1510401120 350
1510401180 329
1510401240 329
1510401300 336
1510401360 339
1510401420 332
1510401480 335
1510401540 340
1510401600 347
1510401660 350
1510401720 343
1510401780 336
1510401840 332
1510401900 336
1510401960 339
1510402020 339
1510402080 341
1510402140 346
1510402200 361
1510402260 356
1510402320 356
1510402380 362
1510402440 362
1510402500 361
1510402560 356
1510402620 345
1510402680 350
1510402740 347
1510402800 348
1510402860 346
1510402920 331
1510402980 337
1510403040 341
1510403100 349
1510403160 361
1510403220 364
1510403280 358
1510403340 362
1510403400 383
1510403460 365
1510403520 366
1510403580 371
1510403640 378
1510403700 385
1510403760 391
1510403820 392
1510403880 401
1510403940 386
1510404000 395
1510404060 396
1510404120 396
1510404180 398
1510404240 404
1510404300 393
1510404360 395
1510404420 400
1510404480 403
1510404540 414
1510404600 413
1510404660 413
1510404720 406
1510404780 405
1510404840 405
1510404900 413
1510404960 400
1510405020 408
1510405080 390
1510405140 391
1510405200 380
1510405260 371
1510405320 371
1510405380 378
1510405440 371
1510405500 374
1510405560 378
1510405620 379
1510405680 383
1510405740 386
1510405800 388
1510405860 401
1510405920 395
1510405980 398
1510406040 388
1510406100 384
1510406160 382
1510406220 381
1510406280 383
1510406340 374
1510406400 375
1510406460 380
1510406520 388
1510406580 386
1510406640 384
1510406700 377
1510406760 377
1510406820 375
1510406880 364
1510406940 374
1510407000 379
1510407060 380
1510407120 392
1510407180 400
1510407240 391
1510407300 398
1510407360 399
1510407420 396
1510407480 402
1510407540 404
1510407600 402
1510407660 406
1510407720 398
1510407780 401
1510407840 397
1510407900 395
1510407960 399
1510408020 390
1510408080 385
1510408140 390
1510408200 393
1510408260 388
1510408320 390
1510408380 396
1510408440 394
1510408500 394
1510408560 399
1510408620 414
1510408680 409
1510408740 403
1510408800 390
1510408860 385
1510408920 386
1510408980 381
1510409040 390
1510409100 407
1510409160 411
1510409220 415
1510409280 415
1510409340 423
1510409400 419
1510409460 415
1510409520 421
1510409580 421
1510409640 428
1510409700 429
1510409760 431
1510409820 432
1510409880 442
1510409940 431
1510410000 426
1510410060 427
1510410120 416
1510410180 412
1510410240 421
1510410300 417
1510410360 419
1510410420 395
1510410480 372
1510410540 348
1510410600 275
1510410660 152
