1512796920 21
1512796980 24
1512797040 20
1512797100 31
1512797160 33
1512797220 36
1512797280 29
1512797340 33
1512797400 33
1512797460 33
1512797520 31
1512797580 35
1512797640 41
1512797700 37
1512797760 39
1512797820 37
1512797880 36
1512797940 34
1512798000 40
1512798060 45
1512798120 55
1512798180 51
1512798240 49
1512798300 46
1512798360 47
1512798420 47
1512798480 46
1512798540 47
1512798600 48
1512798660 44
1512798720 49
1512798780 48
1512798840 53
1512798900 57
1512798960 60
1512799020 64
1512799080 62
1512799140 62
1512799200 70
1512799260 70
1512799320 73
1512799380 69
1512799440 72
1512799500 74
1512799560 79
1512799620 78
1512799680 80
1512799740 81
1512799800 85
1512799860 86
1512799920 88
1512799980 87
1512800040 92
1512800100 94
1512800160 94
1512800220 97
1512800280 95
1512800340 95
1512800400 98
1512800460 100
1512800520 99
1512800580 104
1512800640 98
1512800700 101
1512800760 104
1512800820 102
1512800880 100
1512800940 98
1512801000 94
1512801060 97
1512801120 98
1512801180 94
1512801240 98
1512801300 101
1512801360 103
1512801420 103
1512801480 102
1512801540 106
1512801600 101
1512801660 102
1512801720 106
1512801780 107
1512801840 109
1512801900 109
1512801960 109
1512802020 107
1512802080 109
1512802140 108
1512802200 111
1512802260 107
1512802320 110
1512802380 114
1512802440 114
1512802500 106
1512802560 110
1512802620 110
1512802680 110
1512802740 106
1512802800 100
1512802860 101
1512802920 108
1512802980 103
1512803040 107
1512803100 103
1512803160 105
1512803220 108
1512803280 100
1512803340 105
1512803400 106
1512803460 101
1512803520 103
1512803580 103
1512803640 101
1512803700 101
1512803760 104
1512803820 111
1512803880 109
1512803940 107
1512804000 110
1512804060 104
1512804120 105
1512804180 102
1512804240 108
1512804300 102
1512804360 109
1512804420 109
1512804480 108
1512804540 109
1512804600 112
1512804660 112
1512804720 110
1512804780 106
1512804840 110
1512804900 107
1512804960 112
1512805020 111
1512805080 115
1512805140 112
1512805200 104
1512805260 112
1512805320 111
1512805380 109
1512805440 109
1512805500 112
1512805560 112
1512805620 116
1512805680 120
1512805740 121
1512805800 120
1512805860 116
1512805920 115
1512805980 112
1512806040 113
1512806100 109
1512806160 111
1512806220 101
1512806280 103
1512806340 111
1512806400 116
1512806460 117
1512806520 109
1512806580 110
1512806640 111
1512806700 113
1512806760 110
1512806820 109
1512806880 116
1512806940 120
1512807000 116
1512807060 114
1512807120 119
1512807180 120
1512807240 117
1512807300 120
1512807360 125
1512807420 123
1512807480 121
1512807540 116
1512807600 122
1512807660 116
1512807720 116
1512807780 109
1512807840 110
1512807900 115
1512807960 115
1512808020 110
1512808080 109
1512808140 110
1512808200 108
1512808260 106
1512808320 107
1512808380 104
1512808440 108
1512808500 112
1512808560 113
1512808620 113
1512808680 118
1512808740 120
1512808800 111
1512808860 112
1512808920 112
1512808980 112
1512809040 111
1512809100 117
1512809160 120
1512809220 115
1512809280 113
1512809340 108
1512809400 112
1512809460 107
1512809520 106
1512809580 105
1512809640 104
1512809700 104
1512809760 92
1512809820 76
1512809880 27
