1511070840 66
1511070900 76
1511070960 81
1511071020 89
1511071080 97
1511071140 96
1511071200 89
1511071260 105
1511071320 105
1511071380 111
1511071440 117
1511071500 122
1511071560 127
1511071620 132
1511071680 134
1511071740 141
1511071800 136
1511071860 137
1511071920 142
1511071980 148
1511072040 160
1511072100 161
1511072160 162
1511072220 171
1511072280 178
1511072340 177
1511072400 171
1511072460 178
1511072520 187
1511072580 196
1511072640 201
1511072700 206
1511072760 214
1511072820 215
1511072880 227
1511072940 225
1511073000 232
1511073060 243
1511073120 238
1511073180 229
1511073240 226
1511073300 226
1511073360 227
1511073420 225
1511073480 231
1511073540 242
1511073600 243
1511073660 246
1511073720 254
1511073780 254
1511073840 255
1511073900 250
1511073960 253
1511074020 251
1511074080 252
1511074140 244
1511074200 244
1511074260 249
1511074320 244
1511074380 253
1511074440 250
1511074500 242
1511074560 239
1511074620 245
1511074680 236
1511074740 237
1511074800 244
1511074860 239
1511074920 241
1511074980 236
1511075040 249
1511075100 247
1511075160 258
1511075220 256
1511075280 257
1511075340 248
1511075400 254
1511075460 256
1511075520 258
1511075580 253
1511075640 251
1511075700 246
1511075760 246
1511075820 238
1511075880 250
1511075940 249
1511076000 251
1511076060 249
1511076120 254
1511076180 258
1511076240 257
1511076300 262
1511076360 263
1511076420 259
1511076480 260
1511076540 262
1511076600 261
1511076660 258
1511076720 268
1511076780 272
1511076840 261
1511076900 254
1511076960 260
1511077020 258
1511077080 264
1511077140 254
1511077200 260
1511077260 258
1511077320 243
1511077380 250
1511077440 245
1511077500 242
1511077560 250
1511077620 250
1511077680 244
1511077740 252
1511077800 251
1511077860 254
1511077920 252
1511077980 248
1511078040 256
1511078100 266
1511078160 263
1511078220 264
1511078280 265
1511078340 266
1511078400 274
1511078460 278
1511078520 288
1511078580 285
1511078640 289
1511078700 294
1511078760 291
1511078820 295
1511078880 300
1511078940 302
1511079000 304
1511079060 316
1511079120 315
1511079180 311
1511079240 318
1511079300 329
1511079360 325
1511079420 327
1511079480 327
1511079540 332
1511079600 331
1511079660 327
1511079720 329
1511079780 329
1511079840 330
1511079900 339
1511079960 341
1511080020 336
1511080080 329
1511080140 324
1511080200 325
1511080260 335
1511080320 338
1511080380 341
1511080440 346
1511080500 345
1511080560 344
1511080620 333
1511080680 315
1511080740 313
1511080800 309
1511080860 315
1511080920 315
1511080980 322
1511081040 319
1511081100 323
1511081160 318
1511081220 324
1511081280 332
1511081340 335
1511081400 340
1511081460 340
1511081520 347
1511081580 346
1511081640 348
1511081700 349
1511081760 349
1511081820 354
1511081880 354
1511081940 358
1511082000 352
1511082060 352
1511082120 354
1511082180 352
1511082240 353
1511082300 316
1511082360 306
1511082420 287
1511082480 284
1511082540 283
1511082600 279
1511082660 275
1511082720 281
1511082780 286
1511082840 281
1511082900 283
1511082960 269
1511083020 259
1511083080 217
1511083140 187
1511083200 116
