1511674680 22
1511674740 30
1511674800 26
1511674860 27
1511674920 27
1511674980 36
1511675040 40
1511675100 39
1511675160 42
1511675220 50
1511675280 40
1511675340 37
1511675400 34
1511675460 36
1511675520 36
1511675580 45
1511675640 47
1511675700 48
1511675760 46
1511675820 48
1511675880 55
1511675940 60
1511676000 67
1511676060 72
1511676120 75
1511676180 77
1511676240 80
1511676300 77
1511676360 86
1511676420 91
1511676480 96
1511676540 104
1511676600 103
1511676660 93
1511676720 94
1511676780 94
1511676840 100
1511676900 100
1511676960 98
1511677020 102
1511677080 101
1511677140 101
1511677200 104
1511677260 110
1511677320 114
1511677380 113
1511677440 106
1511677500 107
1511677560 112
1511677620 108
1511677680 111
1511677740 110
1511677800 107
1511677860 109
1511677920 112
1511677980 106
1511678040 106
1511678100 112
1511678160 112
1511678220 100
1511678280 101
1511678340 101
1511678400 105
1511678460 107
1511678520 108
1511678580 108
1511678640 108
1511678700 105
1511678760 104
1511678820 104
1511678880 104
1511678940 108
1511679000 110
1511679060 107
1511679120 105
1511679180 104
1511679240 106
1511679300 101
1511679360 103
1511679420 102
1511679480 98
1511679540 98
1511679600 103
1511679660 94
1511679720 87
1511679780 90
1511679840 96
1511679900 95
1511679960 95
1511680020 96
1511680080 95
1511680140 96
1511680200 98
1511680260 100
1511680320 97
1511680380 97
1511680440 100
1511680500 106
1511680560 109
1511680620 107
1511680680 106
1511680740 108
1511680800 109
1511680860 113
1511680920 110
1511680980 116
1511681040 108
1511681100 107
1511681160 105
1511681220 108
1511681280 96
1511681340 99
1511681400 102
1511681460 103
1511681520 111
1511681580 115
1511681640 115
1511681700 112
1511681760 110
1511681820 110
1511681880 109
1511681940 113
1511682000 105
1511682060 105
1511682120 105
1511682180 110
1511682240 113
1511682300 113
1511682360 113
1511682420 107
1511682480 112
1511682540 113
1511682600 112
1511682660 114
1511682720 120
1511682780 124
1511682840 115
1511682900 112
1511682960 115
1511683020 116
1511683080 114
1511683140 113
1511683200 115
1511683260 122
1511683320 119
1511683380 119
1511683440 116
1511683500 116
1511683560 108
1511683620 109
1511683680 108
1511683740 108
1511683800 104
1511683860 100
1511683920 103
1511683980 101
1511684040 98
1511684100 92
1511684160 99
1511684220 104
1511684280 93
1511684340 96
1511684400 97
1511684460 95
1511684520 95
1511684580 97
1511684640 93
1511684700 95
1511684760 97
1511684820 102
1511684880 101
1511684940 99
1511685000 104
1511685060 106
1511685120 106
1511685180 96
1511685240 99
1511685300 105
1511685360 99
1511685420 97
1511685480 95
1511685540 91
1511685600 89
1511685660 92
1511685720 93
1511685780 91
1511685840 90
1511685900 79
1511685960 72
1511686020 31
