1509705780 31
1509705840 34
1509705900 41
1509705960 44
1509706020 34
1509706080 34
1509706140 42
1509706200 46
1509706260 46
1509706320 47
1509706380 59
1509706440 54
1509706500 72
1509706560 69
1509706620 68
1509706680 74
1509706740 80
1509706800 84
1509706860 94
1509706920 104
1509706980 109
1509707040 118
1509707100 124
1509707160 126
1509707220 129
1509707280 146
1509707340 152
1509707400 163
1509707460 158
1509707520 175
1509707580 186
1509707640 188
1509707700 166
1509707760 170
1509707820 172
1509707880 174
1509707940 173
1509708000 180
1509708060 188
1509708120 195
1509708180 198
1509708240 196
1509708300 200
1509708360 204
1509708420 209
1509708480 199
1509708540 198
1509708600 198
1509708660 198
1509708720 198
1509708780 204
1509708840 208
1509708900 210
1509708960 211
1509709020 208
1509709080 219
1509709140 210
1509709200 216
1509709260 219
1509709320 220
1509709380 222
1509709440 221
1509709500 228
1509709560 228
1509709620 235
1509709680 233
1509709740 241
1509709800 237
1509709860 228
1509709920 221
1509709980 223
1509710040 222
1509710100 222
1509710160 219
1509710220 227
1509710280 220
1509710340 223
1509710400 231
1509710460 230
1509710520 221
1509710580 220
1509710640 219
1509710700 224
1509710760 220
1509710820 221
1509710880 223
1509710940 230
1509711000 239
1509711060 245
1509711120 231
1509711180 232
1509711240 240
1509711300 245
1509711360 245
1509711420 245
1509711480 255
1509711540 260
1509711600 263
1509711660 263
1509711720 271
1509711780 266
1509711840 267
1509711900 260
1509711960 254
1509712020 256
1509712080 257
1509712140 255
1509712200 257
1509712260 255
1509712320 251
1509712380 257
1509712440 251
1509712500 253
1509712560 252
1509712620 251
1509712680 256
1509712740 250
1509712800 251
1509712860 248
1509712920 243
1509712980 238
1509713040 243
1509713100 250
1509713160 247
1509713220 244
1509713280 245
1509713340 242
1509713400 234
1509713460 235
1509713520 235
1509713580 235
1509713640 232
1509713700 236
1509713760 236
1509713820 249
1509713880 196
1509713940 248
1509714000 235
1509714060 231
1509714120 237
1509714180 242
1509714240 237
1509714300 238
1509714360 246
1509714420 254
1509714480 254
1509714540 255
1509714600 258
1509714660 259
1509714720 252
1509714780 260
1509714840 254
1509714900 258
1509714960 255
1509715020 263
1509715080 260
1509715140 266
1509715200 256
1509715260 248
1509715320 240
1509715380 244
1509715440 242
1509715500 243
1509715560 236
1509715620 235
1509715680 239
1509715740 241
1509715800 245
1509715860 241
1509715920 246
1509715980 237
1509716040 229
1509716100 221
1509716160 205
1509716220 122
1509716280 71
