1509878460 17
1509878520 17
1509878580 28
1509878640 31
1509878700 30
1509878760 34
1509878820 43
1509878880 40
1509878940 46
1509879000 48
1509879060 49
1509879120 50
1509879180 51
1509879240 50
1509879300 54
1509879360 56
1509879420 58
1509879480 60
1509879540 65
1509879600 67
1509879660 67
1509879720 83
1509879780 78
1509879840 81
1509879900 86
1509879960 87
1509880020 91
1509880080 94
1509880140 103
1509880200 99
1509880260 94
1509880320 97
1509880380 97
1509880440 102
1509880500 101
1509880560 100
1509880620 108
1509880680 112
1509880740 105
1509880800 107
1509880860 105
1509880920 107
1509880980 110
1509881040 112
1509881100 109
1509881160 96
1509881220 98
1509881280 103
1509881340 104
1509881400 106
1509881460 106
1509881520 107
1509881580 104
1509881640 110
1509881700 112
1509881760 112
1509881820 110
1509881880 111
1509881940 111
1509882000 109
1509882060 112
1509882120 110
1509882180 102
1509882240 79
1509882300 96
1509882360 87
1509882420 96
1509882480 90
1509882540 95
1509882600 95
1509882660 93
1509882720 96
1509882780 95
1509882840 100
1509882900 105
1509882960 110
1509883020 110
1509883080 111
1509883140 108
1509883200 114
1509883260 110
1509883320 111
1509883380 115
1509883440 119
1509883500 118
1509883560 113
1509883620 117
1509883680 116
1509883740 121
1509883800 115
1509883860 113
1509883920 117
1509883980 118
1509884040 115
1509884100 120
1509884160 118
1509884220 119
1509884280 119
1509884340 116
1509884400 115
1509884460 119
1509884520 118
1509884580 116
1509884640 121
1509884700 130
1509884760 131
1509884820 127
1509884880 123
1509884940 126
1509885000 121
1509885060 128
1509885120 124
1509885180 124
1509885240 124
1509885300 126
1509885360 123
1509885420 127
1509885480 121
1509885540 122
1509885600 121
1509885660 132
1509885720 129
1509885780 132
1509885840 128
1509885900 131
1509885960 131
1509886020 127
1509886080 126
1509886140 132
1509886200 136
1509886260 137
1509886320 138
1509886380 136
1509886440 143
1509886500 142
1509886560 147
1509886620 139
1509886680 140
1509886740 142
1509886800 146
1509886860 146
1509886920 145
1509886980 147
1509887040 154
1509887100 147
1509887160 145
1509887220 150
1509887280 143
1509887340 149
1509887400 142
1509887460 156
1509887520 152
1509887580 148
1509887640 150
1509887700 150
1509887760 145
1509887820 147
1509887880 149
1509887940 153
1509888000 151
1509888060 146
1509888120 143
1509888180 149
1509888240 139
1509888300 143
1509888360 144
1509888420 142
1509888480 140
1509888540 141
1509888600 146
1509888660 146
1509888720 150
1509888780 156
1509888840 152
1509888900 154
1509888960 154
1509889020 154
1509889080 156
1509889140 153
1509889200 152
1509889260 148
1509889320 159
1509889380 165
1509889440 171
1509889500 168
1509889560 168
1509889620 170
1509889680 175
1509889740 184
1509889800 190
1509889860 203
1509889920 203
1509889980 212
1509890040 221
1509890100 226
1509890160 225
1509890220 228
1509890280 223
1509890340 225
1509890400 224
1509890460 227
1509890520 237
1509890580 238
1509890640 227
1509890700 226
1509890760 230
1509890820 235
1509890880 237
1509890940 257
1509891000 261
1509891060 270
1509891120 261
1509891180 261
1509891240 238
1509891300 140
