1512558840 38
1512558900 44
1512558960 49
1512559020 52
1512559080 58
1512559140 59
1512559200 56
1512559260 56
1512559320 59
1512559380 56
1512559440 57
1512559500 57
1512559560 60
1512559620 63
1512559680 65
1512559740 66
1512559800 72
1512559860 70
1512559920 69
1512559980 79
1512560040 72
1512560100 69
1512560160 70
1512560220 71
1512560280 74
1512560340 77
1512560400 85
1512560460 91
1512560520 97
1512560580 92
1512560640 97
1512560700 100
1512560760 106
1512560820 109
1512560880 117
1512560940 111
1512561000 118
1512561060 119
1512561120 120
1512561180 113
1512561240 106
1512561300 108
1512561360 110
1512561420 109
1512561480 108
1512561540 103
1512561600 103
1512561660 100
1512561720 98
1512561780 89
1512561840 99
1512561900 98
1512561960 99
1512562020 91
1512562080 94
1512562140 97
1512562200 93
1512562260 99
1512562320 97
1512562380 102
1512562440 98
1512562500 97
1512562560 104
1512562620 108
1512562680 103
1512562740 100
1512562800 103
1512562860 104
1512562920 106
1512562980 107
1512563040 104
1512563100 108
1512563160 103
1512563220 108
1512563280 105
1512563340 108
1512563400 113
1512563460 110
1512563520 113
1512563580 110
1512563640 105
1512563700 110
1512563760 114
1512563820 110
1512563880 109
1512563940 107
1512564000 105
1512564060 103
1512564120 106
1512564180 108
1512564240 105
1512564300 96
1512564360 99
1512564420 100
1512564480 108
1512564540 112
1512564600 105
1512564660 105
1512564720 98
1512564780 102
1512564840 108
1512564900 105
1512564960 94
1512565020 98
1512565080 92
1512565140 97
1512565200 89
1512565260 95
1512565320 100
1512565380 98
1512565440 103
1512565500 100
1512565560 95
1512565620 100
1512565680 94
1512565740 101
1512565800 103
1512565860 102
1512565920 98
1512565980 103
1512566040 105
1512566100 105
1512566160 106
1512566220 110
1512566280 111
1512566340 113
1512566400 107
1512566460 109
1512566520 109
1512566580 115
1512566640 108
1512566700 111
1512566760 113
1512566820 111
1512566880 118
1512566940 114
1512567000 112
1512567060 116
1512567120 109
1512567180 116
1512567240 122
1512567300 121
1512567360 118
1512567420 119
1512567480 127
1512567540 120
1512567600 117
1512567660 118
1512567720 111
1512567780 106
1512567840 107
1512567900 109
1512567960 105
1512568020 102
1512568080 105
1512568140 104
1512568200 114
1512568260 112
1512568320 110
1512568380 110
1512568440 111
1512568500 114
1512568560 105
1512568620 108
1512568680 107
1512568740 110
1512568800 116
1512568860 114
1512568920 115
1512568980 115
1512569040 116
1512569100 114
1512569160 115
1512569220 115
1512569280 115
1512569340 102
1512569400 96
1512569460 92
1512569520 83
1512569580 39
