1512192240 22
1512192300 34
1512192360 41
1512192420 40
1512192480 47
1512192540 48
1512192600 48
1512192660 42
1512192720 46
1512192780 46
1512192840 46
1512192900 51
1512192960 40
1512193020 42
1512193080 43
1512193140 46
1512193200 40
1512193260 40
1512193320 46
1512193380 49
1512193440 50
1512193500 51
1512193560 49
1512193620 56
1512193680 44
1512193740 49
1512193800 49
1512193860 55
1512193920 59
1512193980 63
1512194040 56
1512194100 53
1512194160 58
1512194220 55
1512194280 54
1512194340 55
1512194400 50
1512194460 50
1512194520 51
1512194580 56
1512194640 57
1512194700 57
1512194760 54
1512194820 55
1512194880 63
1512194940 60
1512195000 57
1512195060 66
1512195120 65
1512195180 64
1512195240 62
1512195300 71
1512195360 68
1512195420 72
1512195480 76
1512195540 79
1512195600 81
1512195660 84
1512195720 79
1512195780 80
1512195840 84
1512195900 82
1512195960 83
1512196020 84
1512196080 79
1512196140 84
1512196200 94
1512196260 89
1512196320 89
1512196380 99
1512196440 98
1512196500 97
1512196560 94
1512196620 93
1512196680 91
1512196740 94
1512196800 88
1512196860 89
1512196920 91
1512196980 88
1512197040 93
1512197100 86
1512197160 83
1512197220 81
1512197280 83
1512197340 84
1512197400 74
1512197460 82
1512197520 84
1512197580 76
1512197640 77
1512197700 83
1512197760 76
1512197820 76
1512197880 81
1512197940 80
1512198000 83
1512198060 82
1512198120 79
1512198180 78
1512198240 84
1512198300 81
1512198360 85
1512198420 89
1512198480 83
1512198540 81
1512198600 80
1512198660 85
1512198720 83
1512198780 82
1512198840 88
1512198900 92
1512198960 94
1512199020 92
1512199080 88
1512199140 86
1512199200 87
1512199260 89
1512199320 85
1512199380 90
1512199440 86
1512199500 85
1512199560 92
1512199620 87
1512199680 80
1512199740 84
1512199800 90
1512199860 89
1512199920 89
1512199980 91
1512200040 96
1512200100 101
1512200160 97
1512200220 100
1512200280 101
1512200340 98
1512200400 101
1512200460 101
1512200520 96
1512200580 104
1512200640 102
1512200700 96
1512200760 96
1512200820 100
1512200880 95
1512200940 95
1512201000 97
1512201060 97
1512201120 90
1512201180 92
1512201240 93
1512201300 97
1512201360 93
1512201420 91
1512201480 91
1512201540 94
1512201600 91
1512201660 90
1512201720 95
1512201780 91
1512201840 90
1512201900 91
1512201960 86
1512202020 90
1512202080 92
1512202140 94
1512202200 96
1512202260 97
1512202320 92
1512202380 92
1512202440 91
1512202500 97
1512202560 95
1512202620 97
1512202680 94
1512202740 95
1512202800 96
1512202860 105
1512202920 102
1512202980 107
1512203040 105
1512203100 107
1512203160 96
1512203220 107
1512203280 101
1512203340 101
1512203400 107
1512203460 109
1512203520 104
1512203580 108
1512203640 112
1512203700 97
1512203760 103
1512203820 94
1512203880 88
1512203940 91
1512204000 91
1512204060 94
1512204120 89
1512204180 88
1512204240 90
1512204300 93
1512204360 89
1512204420 93
1512204480 86
1512204540 87
1512204600 87
1512204660 88
1512204720 90
1512204780 82
1512204840 82
1512204900 77
1512204960 71
1512205020 77
1512205080 73
1512205140 74
1512205200 76
1512205260 74
1512205320 76
1512205380 70
1512205440 74
1512205500 73
1512205560 72
1512205620 71
1512205680 53
1512205740 19
