1510830540 29
1510830600 28
1510830660 34
1510830720 28
1510830780 31
1510830840 28
1510830900 27
1510830960 25
1510831020 30
1510831080 33
1510831140 31
1510831200 30
1510831260 34
1510831320 39
1510831380 41
1510831440 40
1510831500 44
1510831560 45
1510831620 49
1510831680 51
1510831740 49
1510831800 48
1510831860 53
1510831920 58
1510831980 66
1510832040 69
1510832100 68
1510832160 68
1510832220 75
1510832280 76
1510832340 71
1510832400 75
1510832460 76
1510832520 76
1510832580 81
1510832640 84
1510832700 80
1510832760 81
1510832820 81
1510832880 82
1510832940 83
1510833000 84
1510833060 85
1510833120 86
1510833180 80
1510833240 86
1510833300 85
1510833360 85
1510833420 85
1510833480 85
1510833540 87
1510833600 84
1510833660 98
1510833720 86
1510833780 90
1510833840 88
1510833900 87
1510833960 93
1510834020 95
1510834080 101
1510834140 105
1510834200 107
1510834260 107
1510834320 104
1510834380 105
1510834440 99
1510834500 96
1510834560 96
1510834620 95
1510834680 104
1510834740 101
1510834800 102
1510834860 106
1510834920 106
1510834980 105
1510835040 105
1510835100 104
1510835160 102
1510835220 97
1510835280 96
1510835340 104
1510835400 106
1510835460 102
1510835520 101
1510835580 103
1510835640 105
1510835700 102
1510835760 102
1510835820 101
1510835880 97
1510835940 100
1510836000 97
1510836060 97
1510836120 100
1510836180 102
1510836240 98
1510836300 97
1510836360 94
1510836420 103
1510836480 96
1510836540 101
1510836600 100
1510836660 97
1510836720 100
1510836780 91
1510836840 96
1510836900 98
1510836960 100
1510837020 97
1510837080 107
1510837140 105
1510837200 106
1510837260 109
1510837320 112
1510837380 116
1510837440 110
1510837500 112
1510837560 112
1510837620 108
1510837680 108
1510837740 106
1510837800 106
1510837860 108
1510837920 110
1510837980 108
1510838040 102
1510838100 104
1510838160 105
1510838220 104
1510838280 104
1510838340 105
1510838400 115
1510838460 113
1510838520 113
1510838580 113
1510838640 119
1510838700 115
1510838760 115
1510838820 118
1510838880 117
1510838940 118
1510839000 121
1510839060 125
1510839120 124
1510839180 125
1510839240 125
1510839300 121
1510839360 131
1510839420 127
1510839480 127
1510839540 125
1510839600 126
1510839660 122
1510839720 120
1510839780 128
1510839840 120
1510839900 121
1510839960 126
1510840020 130
1510840080 129
1510840140 133
1510840200 132
1510840260 128
1510840320 135
1510840380 133
1510840440 139
1510840500 139
1510840560 136
1510840620 140
1510840680 131
1510840740 131
1510840800 126
1510840860 130
1510840920 129
1510840980 120
1510841040 120
1510841100 118
1510841160 119
1510841220 121
1510841280 115
1510841340 118
1510841400 112
1510841460 111
1510841520 113
1510841580 107
1510841640 104
1510841700 105
1510841760 103
1510841820 107
1510841880 108
1510841940 109
1510842000 111
1510842060 113
1510842120 114
1510842180 110
1510842240 106
1510842300 104
1510842360 108
1510842420 107
1510842480 103
1510842540 101
1510842600 102
1510842660 100
1510842720 103
1510842780 98
1510842840 94
1510842900 97
1510842960 92
1510843020 90
1510843080 89
1510843140 86
1510843200 91
1510843260 90
1510843320 91
1510843380 90
1510843440 84
1510843500 79
1510843560 75
1510843620 74
1510843680 56
