1512127260 30
1512127320 37
1512127380 41
1512127440 54
1512127500 46
1512127560 42
1512127620 42
1512127680 49
1512127740 53
1512127800 53
1512127860 52
1512127920 53
1512127980 62
1512128040 60
1512128100 61
1512128160 70
1512128220 68
1512128280 68
1512128340 70
1512128400 72
1512128460 86
1512128520 85
1512128580 87
1512128640 88
1512128700 80
1512128760 83
1512128820 84
1512128880 85
1512128940 87
1512129000 84
1512129060 81
1512129120 79
1512129180 87
1512129240 91
1512129300 92
1512129360 99
1512129420 97
1512129480 95
1512129540 96
1512129600 79
1512129660 85
1512129720 81
1512129780 79
1512129840 88
1512129900 88
1512129960 89
1512130020 88
1512130080 92
1512130140 91
1512130200 88
1512130260 86
1512130320 84
1512130380 90
1512130440 90
1512130500 94
1512130560 92
1512130620 85
1512130680 87
1512130740 95
1512130800 96
1512130860 94
1512130920 97
1512130980 98
1512131040 94
1512131100 96
1512131160 97
1512131220 96
1512131280 97
1512131340 91
1512131400 97
1512131460 100
1512131520 101
1512131580 94
1512131640 95
1512131700 91
1512131760 96
1512131820 93
1512131880 95
1512131940 87
1512132000 87
1512132060 87
1512132120 93
1512132180 95
1512132240 86
1512132300 86
1512132360 87
1512132420 85
1512132480 89
1512132540 89
1512132600 87
1512132660 91
1512132720 93
1512132780 94
1512132840 92
1512132900 94
1512132960 88
1512133020 90
1512133080 90
1512133140 88
1512133200 91
1512133260 94
1512133320 99
1512133380 97
1512133440 97
1512133500 96
1512133560 96
1512133620 92
1512133680 93
1512133740 90
1512133800 95
1512133860 85
1512133920 84
1512133980 93
1512134040 90
1512134100 97
1512134160 94
1512134220 98
1512134280 98
1512134340 101
1512134400 96
1512134460 97
1512134520 101
1512134580 97
1512134640 95
1512134700 97
1512134760 102
1512134820 100
1512134880 99
1512134940 101
1512135000 103
1512135060 97
1512135120 99
1512135180 97
1512135240 102
1512135300 103
1512135360 100
1512135420 100
1512135480 103
1512135540 107
1512135600 107
1512135660 108
1512135720 107
1512135780 106
1512135840 106
1512135900 106
1512135960 105
1512136020 96
1512136080 101
1512136140 104
1512136200 100
1512136260 95
1512136320 103
1512136380 100
1512136440 103
1512136500 103
1512136560 106
1512136620 103
1512136680 99
1512136740 99
1512136800 99
1512136860 95
1512136920 89
1512136980 92
1512137040 84
1512137100 83
1512137160 90
1512137220 80
1512137280 86
1512137340 84
1512137400 84
1512137460 86
1512137520 89
1512137580 90
1512137640 84
1512137700 88
1512137760 85
1512137820 85
1512137880 82
1512137940 78
1512138000 85
1512138060 86
1512138120 87
1512138180 88
1512138240 86
1512138300 86
1512138360 88
1512138420 85
1512138480 87
1512138540 85
1512138600 80
1512138660 71
1512138720 73
1512138780 61
1512138840 22
