1510744560 34
1510744620 32
1510744680 39
1510744740 49
1510744800 59
1510744860 66
1510744920 82
1510744980 83
1510745040 101
1510745100 104
1510745160 112
1510745220 113
1510745280 130
1510745340 136
1510745400 148
1510745460 162
1510745520 171
1510745580 176
1510745640 188
1510745700 188
1510745760 187
1510745820 198
1510745880 206
1510745940 212
1510746000 219
1510746060 237
1510746120 253
1510746180 261
1510746240 281
1510746300 297
1510746360 312
1510746420 329
1510746480 347
1510746540 347
1510746600 341
1510746660 348
1510746720 354
1510746780 353
1510746840 349
1510746900 353
1510746960 346
1510747020 346
1510747080 351
1510747140 357
1510747200 347
1510747260 339
1510747320 337
1510747380 328
1510747440 327
1510747500 331
1510747560 344
1510747620 346
1510747680 340
1510747740 336
1510747800 336
1510747860 340
1510747920 353
1510747980 346
1510748040 341
1510748100 345
1510748160 336
1510748220 332
1510748280 335
1510748340 343
1510748400 344
1510748460 357
1510748520 350
1510748580 353
1510748640 355
1510748700 362
1510748760 364
1510748820 367
1510748880 364
1510748940 357
1510749000 364
1510749060 365
1510749120 366
1510749180 369
1510749240 372
1510749300 369
1510749360 376
1510749420 383
1510749480 390
1510749540 392
1510749600 381
1510749660 373
1510749720 373
1510749780 371
1510749840 364
1510749900 366
1510749960 365
1510750020 365
1510750080 381
1510750140 378
1510750200 386
1510750260 386
1510750320 386
1510750380 381
1510750440 384
1510750500 378
1510750560 384
1510750620 386
1510750680 376
1510750740 380
1510750800 388
1510750860 387
1510750920 383
1510750980 379
1510751040 372
1510751100 376
1510751160 375
1510751220 368
1510751280 371
1510751340 365
1510751400 355
1510751460 350
1510751520 351
1510751580 351
1510751640 361
1510751700 379
1510751760 384
1510751820 397
1510751880 391
1510751940 385
1510752000 387
1510752060 382
1510752120 383
1510752180 391
1510752240 394
1510752300 381
1510752360 376
1510752420 387
1510752480 381
1510752540 382
1510752600 379
1510752660 375
1510752720 361
1510752780 364
1510752840 379
1510752900 375
1510752960 375
1510753020 371
1510753080 376
1510753140 376
1510753200 382
1510753260 385
1510753320 378
1510753380 379
1510753440 372
1510753500 381
1510753560 381
1510753620 374
1510753680 375
1510753740 382
1510753800 375
1510753860 379
1510753920 384
1510753980 382
1510754040 385
1510754100 393
1510754160 399
1510754220 380
1510754280 377
1510754340 385
1510754400 381
1510754460 383
1510754520 384
1510754580 383
1510754640 388
1510754700 382
1510754760 375
1510754820 381
1510754880 383
1510754940 390
1510755000 380
1510755060 385
1510755120 391
1510755180 384
1510755240 385
1510755300 380
1510755360 391
1510755420 391
1510755480 394
1510755540 404
1510755600 394
1510755660 388
1510755720 385
1510755780 382
1510755840 384
1510755900 377
1510755960 377
1510756020 367
1510756080 374
1510756140 381
1510756200 388
1510756260 378
1510756320 390
1510756380 382
1510756440 377
1510756500 374
1510756560 375
1510756620 377
1510756680 377
1510756740 387
1510756800 376
1510756860 344
1510756920 317
1510756980 311
1510757040 300
1510757100 273
1510757160 252
1510757220 176
