1508498160 163
1508498220 169
1508498280 174
1508498340 183
1508498400 193
1508498460 192
1508498520 191
1508498580 184
1508498640 186
1508498700 178
1508498760 177
1508498820 183
1508498880 195
1508498940 186
1508499000 186
1508499060 199
1508499120 212
1508499180 216
1508499240 222
1508499300 224
1508499360 224
1508499420 221
1508499480 220
1508499540 225
1508499600 228
1508499660 227
1508499720 240
1508499780 232
1508499840 219
1508499900 214
1508499960 227
1508500020 228
1508500080 231
1508500140 235
1508500200 239
1508500260 246
1508500320 255
1508500380 254
1508500440 261
1508500500 265
1508500560 262
1508500620 265
1508500680 253
1508500740 252
1508500800 247
1508500860 237
1508500920 242
1508500980 243
1508501040 249
1508501100 254
1508501160 250
1508501220 253
1508501280 256
1508501340 253
1508501400 246
1508501460 257
1508501520 256
1508501580 250
1508501640 253
1508501700 251
1508501760 258
1508501820 257
1508501880 265
1508501940 254
1508502000 267
1508502060 267
1508502120 272
1508502180 275
1508502240 279
1508502300 270
1508502360 266
1508502420 265
1508502480 255
1508502540 250
1508502600 256
1508502660 260
1508502720 234
1508502780 242
1508502840 239
1508502900 244
1508502960 254
1508503020 247
1508503080 244
1508503140 249
1508503200 252
1508503260 245
1508503320 248
1508503380 248
1508503440 142
1508503500 69
