1511589000 30
1511589060 29
1511589120 27
1511589180 24
1511589240 25
1511589300 29
1511589360 37
1511589420 37
1511589480 39
1511589540 40
1511589600 44
1511589660 41
1511589720 45
1511589780 46
1511589840 55
1511589900 61
1511589960 66
1511590020 71
1511590080 67
1511590140 61
1511590200 66
1511590260 72
1511590320 66
1511590380 74
1511590440 74
1511590500 77
1511590560 74
1511590620 78
1511590680 82
1511590740 80
1511590800 82
1511590860 80
1511590920 77
1511590980 73
1511591040 70
1511591100 74
1511591160 71
1511591220 71
1511591280 68
1511591340 67
1511591400 64
1511591460 70
1511591520 68
1511591580 67
1511591640 66
1511591700 72
1511591760 69
1511591820 76
1511591880 72
1511591940 70
1511592000 75
1511592060 73
1511592120 76
1511592180 78
1511592240 77
1511592300 75
1511592360 75
1511592420 80
1511592480 85
1511592540 83
1511592600 94
1511592660 94
1511592720 88
1511592780 94
1511592840 96
1511592900 105
1511592960 93
1511593020 96
1511593080 94
1511593140 96
1511593200 91
1511593260 87
1511593320 83
1511593380 92
1511593440 92
1511593500 91
1511593560 91
1511593620 94
1511593680 91
1511593740 90
1511593800 90
1511593860 86
1511593920 89
1511593980 92
1511594040 86
1511594100 87
1511594160 92
1511594220 90
1511594280 80
1511594340 81
1511594400 86
1511594460 89
1511594520 87
1511594580 94
1511594640 92
1511594700 87
1511594760 87
1511594820 92
1511594880 99
1511594940 95
1511595000 98
1511595060 89
1511595120 87
1511595180 84
1511595240 89
1511595300 81
1511595360 88
1511595420 86
1511595480 87
1511595540 90
1511595600 88
1511595660 94
1511595720 103
1511595780 94
1511595840 96
1511595900 96
1511595960 93
1511596020 91
1511596080 89
1511596140 90
1511596200 87
1511596260 93
1511596320 92
1511596380 89
1511596440 87
1511596500 85
1511596560 86
1511596620 90
1511596680 89
1511596740 92
1511596800 92
1511596860 94
1511596920 90
1511596980 93
1511597040 95
1511597100 96
1511597160 97
1511597220 98
1511597280 96
1511597340 92
1511597400 96
1511597460 96
1511597520 92
1511597580 88
1511597640 81
1511597700 83
1511597760 85
1511597820 79
1511597880 80
1511597940 77
1511598000 82
1511598060 88
1511598120 86
1511598180 91
1511598240 89
1511598300 87
1511598360 85
1511598420 86
1511598480 89
1511598540 84
1511598600 94
1511598660 90
1511598720 90
1511598780 91
1511598840 88
1511598900 89
1511598960 90
1511599020 90
1511599080 87
1511599140 91
1511599200 91
1511599260 91
1511599320 90
1511599380 91
1511599440 90
1511599500 92
1511599560 86
1511599620 90
1511599680 85
1511599740 77
1511599800 74
1511599860 74
1511599920 58
