1510138860 18
1510138920 15
1510138980 20
1510139040 21
1510139100 24
1510139160 24
1510139220 26
1510139280 29
1510139340 28
1510139400 34
1510139460 41
1510139520 45
1510139580 41
1510139640 44
1510139700 47
1510139760 45
1510139820 51
1510139880 46
1510139940 42
1510140000 44
1510140060 48
1510140120 47
1510140180 47
1510140240 50
1510140300 53
1510140360 46
1510140420 51
1510140480 56
1510140540 55
1510140600 52
1510140660 56
1510140720 59
1510140780 66
1510140840 74
1510140900 77
1510140960 82
1510141020 80
1510141080 83
1510141140 85
1510141200 92
1510141260 99
1510141320 102
1510141380 109
1510141440 108
1510141500 110
1510141560 115
1510141620 114
1510141680 120
1510141740 123
1510141800 122
1510141860 124
1510141920 121
1510141980 127
1510142040 134
1510142100 130
1510142160 131
1510142220 137
1510142280 129
1510142340 128
1510142400 133
1510142460 119
1510142520 119
1510142580 115
1510142640 121
1510142700 123
1510142760 122
1510142820 121
1510142880 125
1510142940 121
1510143000 119
1510143060 124
1510143120 123
1510143180 123
1510143240 123
1510143300 127
1510143360 122
1510143420 121
1510143480 115
1510143540 112
1510143600 113
1510143660 109
1510143720 109
1510143780 114
1510143840 114
1510143900 117
1510143960 122
1510144020 120
1510144080 129
1510144140 129
1510144200 131
1510144260 127
1510144320 127
1510144380 121
1510144440 121
1510144500 114
1510144560 117
1510144620 120
1510144680 116
1510144740 121
1510144800 127
1510144860 126
1510144920 124
1510144980 127
1510145040 124
1510145100 123
1510145160 126
1510145220 129
1510145280 136
1510145340 132
1510145400 135
1510145460 123
1510145520 120
1510145580 126
1510145640 129
1510145700 128
1510145760 128
1510145820 128
1510145880 122
1510145940 118
1510146000 122
1510146060 121
1510146120 117
1510146180 124
1510146240 127
1510146300 127
1510146360 124
1510146420 125
1510146480 125
1510146540 120
1510146600 118
1510146660 115
1510146720 119
1510146780 122
1510146840 119
1510146900 118
1510146960 127
1510147020 116
1510147080 123
1510147140 118
1510147200 123
1510147260 124
1510147320 135
1510147380 136
1510147440 133
1510147500 133
1510147560 133
1510147620 129
1510147680 133
1510147740 132
1510147800 128
1510147860 127
1510147920 127
1510147980 131
1510148040 131
1510148100 128
1510148160 129
1510148220 127
1510148280 129
1510148340 124
1510148400 127
1510148460 128
1510148520 128
1510148580 127
1510148640 129
1510148700 134
1510148760 132
1510148820 134
1510148880 136
1510148940 139
1510149000 136
1510149060 130
1510149120 136
1510149180 131
1510149240 129
1510149300 138
1510149360 132
1510149420 135
1510149480 138
1510149540 131
1510149600 131
1510149660 132
1510149720 130
1510149780 136
1510149840 134
1510149900 132
1510149960 129
1510150020 125
1510150080 124
1510150140 121
1510150200 125
1510150260 129
1510150320 118
1510150380 126
1510150440 129
1510150500 133
1510150560 131
1510150620 129
1510150680 127
1510150740 124
1510150800 126
1510150860 126
1510150920 117
1510150980 109
1510151040 100
1510151100 58
1510151160 41
