1509787920 29
1509787980 26
1509788040 25
1509788100 24
1509788160 30
1509788220 32
1509788280 27
1509788340 31
1509788400 28
1509788460 31
1509788520 32
1509788580 31
1509788640 35
1509788700 36
1509788760 33
1509788820 36
1509788880 31
1509788940 33
1509789000 35
1509789060 32
1509789120 29
1509789180 28
1509789240 29
1509789300 26
1509789360 29
1509789420 32
1509789480 30
1509789540 27
1509789600 29
1509789660 32
1509789720 33
1509789780 30
1509789840 25
1509789900 28
1509789960 22
1509790020 23
1509790080 25
1509790140 22
1509790200 20
1509790260 24
1509790320 24
1509790380 28
1509790440 25
1509790500 25
1509790560 27
1509790620 27
1509790680 24
1509790740 26
1509790800 30
1509790860 34
1509790920 35
1509790980 33
1509791040 36
1509791100 30
1509791160 31
1509791220 33
1509791280 33
1509791340 36
1509791400 34
1509791460 34
1509791520 36
1509791580 30
1509791640 31
1509791700 28
1509791760 27
1509791820 26
1509791880 25
1509791940 28
1509792000 29
1509792060 30
1509792120 16
1509792180 9
1509792240 20
1509792300 22
1509792360 26
1509792420 25
1509792480 28
1509792540 31
1509792600 31
1509792660 30
1509792720 34
1509792780 30
1509792840 33
1509792900 33
1509792960 32
1509793020 29
1509793080 32
1509793140 31
1509793200 37
1509793260 41
1509793320 41
1509793380 37
1509793440 43
1509793500 44
1509793560 49
1509793620 50
1509793680 51
1509793740 58
1509793800 58
1509793860 57
1509793920 58
1509793980 57
1509794040 61
1509794100 67
1509794160 64
1509794220 65
1509794280 73
1509794340 71
1509794400 71
1509794460 67
1509794520 74
1509794580 72
1509794640 80
1509794700 84
1509794760 80
1509794820 78
1509794880 78
1509794940 80
1509795000 81
1509795060 83
1509795120 83
1509795180 79
1509795240 79
1509795300 75
1509795360 78
1509795420 77
1509795480 77
1509795540 75
1509795600 74
1509795660 79
1509795720 87
1509795780 88
1509795840 83
1509795900 80
1509795960 78
1509796020 82
1509796080 84
1509796140 80
1509796200 80
1509796260 80
1509796320 81
1509796380 83
1509796440 80
1509796500 84
1509796560 76
1509796620 66
1509796680 70
1509796740 76
1509796800 79
1509796860 84
1509796920 90
1509796980 89
1509797040 89
1509797100 87
1509797160 87
1509797220 85
1509797280 82
1509797340 80
1509797400 76
1509797460 75
1509797520 76
1509797580 80
1509797640 77
1509797700 80
1509797760 78
1509797820 79
1509797880 79
1509797940 83
1509798000 84
1509798060 85
1509798120 85
1509798180 88
1509798240 86
1509798300 86
1509798360 84
1509798420 90
1509798480 88
1509798540 92
1509798600 92
1509798660 90
1509798720 88
1509798780 88
1509798840 88
1509798900 89
1509798960 90
1509799020 97
1509799080 91
1509799140 90
1509799200 94
1509799260 96
1509799320 98
1509799380 89
1509799440 94
1509799500 93
1509799560 97
1509799620 96
1509799680 100
1509799740 98
1509799800 91
1509799860 96
1509799920 97
1509799980 101
1509800040 100
1509800100 105
1509800160 101
1509800220 105
1509800280 107
1509800340 105
1509800400 100
1509800460 104
1509800520 102
1509800580 104
1509800640 103
1509800700 102
1509800760 104
1509800820 112
1509800880 112
1509800940 112
1509801000 114
1509801060 110
1509801120 101
1509801180 93
1509801240 91
1509801300 89
1509801360 85
1509801420 85
1509801480 86
1509801540 84
1509801600 72
1509801660 76
1509801720 75
1509801780 73
1509801840 72
1509801900 72
1509801960 72
1509802020 72
1509802080 73
1509802140 73
1509802200 78
1509802260 75
1509802320 75
1509802380 78
1509802440 79
1509802500 85
1509802560 88
1509802620 91
1509802680 85
1509802740 82
1509802800 80
1509802860 81
1509802920 80
1509802980 80
1509803040 74
1509803100 72
1509803160 45
1509803220 24
