1507441380 24
1507441440 31
1507441500 28
1507441560 34
1507441620 34
1507441680 41
1507441740 45
1507441800 51
1507441860 49
1507441920 53
1507441980 59
1507442040 70
1507442100 74
1507442160 70
1507442220 73
1507442280 75
1507442340 81
1507442400 93
1507442460 107
1507442520 111
1507442580 120
1507442640 134
1507442700 131
1507442760 147
1507442820 164
1507442880 166
1507442940 174
1507443000 188
1507443060 185
1507443120 194
1507443180 190
1507443240 193
1507443300 203
1507443360 203
1507443420 203
1507443480 211
1507443540 213
1507443600 218
1507443660 222
1507443720 223
1507443780 219
1507443840 218
1507443900 212
1507443960 220
1507444020 220
1507444080 215
1507444140 235
1507444200 235
1507444260 228
1507444320 222
1507444380 224
1507444440 226
1507444500 224
1507444560 224
1507444620 229
1507444680 231
1507444740 233
1507444800 235
1507444860 229
1507444920 247
1507444980 229
1507445040 231
1507445100 170
1507445160 176
1507445220 179
1507445280 183
1507445340 194
1507445400 201
1507445460 206
1507445520 214
1507445580 215
1507445640 207
1507445700 213
1507445760 221
1507445820 222
1507445880 221
1507445940 220
1507446000 222
1507446060 226
1507446120 228
1507446180 223
1507446240 216
1507446300 227
1507446360 222
1507446420 217
1507446480 222
1507446540 216
1507446600 229
1507446660 224
1507446720 231
1507446780 214
1507446840 215
1507446900 225
1507446960 230
1507447020 230
1507447080 238
1507447140 242
1507447200 235
1507447260 238
1507447320 231
1507447380 235
1507447440 230
1507447500 248
1507447560 246
1507447620 250
1507447680 245
1507447740 236
1507447800 234
1507447860 236
1507447920 231
1507447980 235
1507448040 236
1507448100 237
1507448160 248
1507448220 234
1507448280 219
1507448340 187
1507448400 169
1507448460 162
1507448520 149
1507448580 148
1507448640 153
1507448700 148
1507448760 149
1507448820 145
1507448880 140
1507448940 137
1507449000 124
1507449060 121
1507449120 123
1507449180 123
1507449240 122
1507449300 135
1507449360 128
1507449420 120
1507449480 120
1507449540 117
1507449600 119
1507449660 116
1507449720 112
1507449780 111
1507449840 110
1507449900 101
1507449960 102
1507450020 100
1507450080 90
1507450140 100
1507450200 99
1507450260 98
1507450320 99
1507450380 92
1507450440 98
1507450500 104
1507450560 100
1507450620 104
1507450680 93
1507450740 93
1507450800 89
1507450860 91
1507450920 83
1507450980 89
1507451040 95
1507451100 94
1507451160 88
1507451220 91
1507451280 95
1507451340 95
1507451400 91
1507451460 88
1507451520 83
1507451580 75
1507451640 81
1507451700 82
1507451760 86
1507451820 88
1507451880 77
1507451940 60
1507452000 59
1507452060 72
1507452120 69
1507452180 77
1507452240 75
1507452300 77
1507452360 82
1507452420 84
1507452480 82
1507452540 86
1507452600 76
1507452660 74
1507452720 57
1507452780 28
