1511350440 27
1511350500 45
1511350560 61
1511350620 60
1511350680 64
1511350740 75
1511350800 77
1511350860 73
1511350920 69
1511350980 77
1511351040 75
1511351100 85
1511351160 84
1511351220 86
1511351280 91
1511351340 92
1511351400 95
1511351460 102
1511351520 102
1511351580 100
1511351640 101
1511351700 92
1511351760 93
1511351820 89
1511351880 89
1511351940 86
1511352000 83
1511352060 87
1511352120 87
1511352180 84
1511352240 87
1511352300 84
1511352360 86
1511352420 91
1511352480 86
1511352540 86
1511352600 95
1511352660 103
1511352720 102
1511352780 101
1511352840 98
1511352900 100
1511352960 105
1511353020 106
1511353080 107
1511353140 92
1511353200 100
1511353260 99
1511353320 98
1511353380 105
1511353440 96
1511353500 89
1511353560 91
1511353620 94
1511353680 97
1511353740 98
1511353800 93
1511353860 96
1511353920 98
1511353980 98
1511354040 99
1511354100 100
1511354160 105
1511354220 109
1511354280 102
1511354340 102
1511354400 98
1511354460 112
1511354520 109
1511354580 111
1511354640 114
1511354700 114
1511354760 107
1511354820 110
1511354880 104
1511354940 106
1511355000 110
1511355060 107
1511355120 108
1511355180 109
1511355240 111
1511355300 111
1511355360 102
1511355420 106
1511355480 106
1511355540 105
1511355600 99
1511355660 105
1511355720 104
1511355780 113
1511355840 117
1511355900 113
1511355960 109
1511356020 117
1511356080 118
1511356140 128
1511356200 123
1511356260 114
1511356320 116
1511356380 119
1511356440 124
1511356500 128
1511356560 131
1511356620 127
1511356680 130
1511356740 125
1511356800 126
1511356860 130
1511356920 125
1511356980 121
1511357040 121
1511357100 129
1511357160 123
1511357220 123
1511357280 119
1511357340 119
1511357400 117
1511357460 118
1511357520 123
1511357580 127
1511357640 121
1511357700 120
1511357760 122
1511357820 129
1511357880 126
1511357940 117
1511358000 113
1511358060 111
1511358120 112
1511358180 110
1511358240 108
1511358300 111
1511358360 109
1511358420 105
1511358480 107
1511358540 110
1511358600 108
1511358660 109
1511358720 116
1511358780 111
1511358840 115
1511358900 111
1511358960 112
1511359020 113
1511359080 110
1511359140 113
1511359200 113
1511359260 114
1511359320 123
1511359380 111
1511359440 113
1511359500 116
1511359560 107
1511359620 104
1511359680 103
1511359740 110
1511359800 107
1511359860 107
1511359920 110
1511359980 113
1511360040 109
1511360100 93
1511360160 100
1511360220 100
1511360280 97
1511360340 87
1511360400 82
1511360460 72
1511360520 25
