1507105260 16
1507105320 18
1507105380 16
1507105440 16
1507105500 21
1507105560 21
1507105620 22
1507105680 24
1507105740 27
1507105800 27
1507105860 28
1507105920 28
1507105980 27
1507106040 27
1507106100 22
1507106160 21
1507106220 24
1507106280 24
1507106340 24
1507106400 29
1507106460 29
1507106520 32
1507106580 30
1507106640 28
1507106700 29
1507106760 30
1507106820 29
1507106880 27
1507106940 31
1507107000 32
1507107060 28
1507107120 28
1507107180 30
1507107240 30
1507107300 32
1507107360 28
1507107420 33
1507107480 33
1507107540 34
1507107600 36
1507107660 35
1507107720 34
1507107780 36
1507107840 37
1507107900 38
1507107960 38
1507108020 34
1507108080 35
1507108140 31
1507108200 34
1507108260 31
1507108320 39
1507108380 36
1507108440 36
1507108500 35
1507108560 35
1507108620 37
1507108680 37
1507108740 36
1507108800 35
1507108860 33
1507108920 33
1507108980 33
1507109040 35
1507109100 34
1507109160 33
1507109220 31
1507109280 32
1507109340 36
1507109400 33
1507109460 32
1507109520 33
1507109580 31
1507109640 32
1507109700 34
1507109760 31
1507109820 28
1507109880 31
1507109940 30
1507110000 32
1507110060 30
1507110120 37
1507110180 36
1507110240 36
1507110300 35
1507110360 36
1507110420 28
1507110480 25
1507110540 20
1507110600 17
1507110660 18
1507110720 19
1507110780 13
1507110840 3
