1514108700 17
1514108760 26
1514108820 26
1514108880 26
1514108940 26
1514109000 22
1514109060 26
1514109120 25
1514109180 26
1514109240 32
1514109300 28
1514109360 26
1514109420 26
1514109480 26
1514109540 25
1514109600 25
1514109660 30
1514109720 25
1514109780 26
1514109840 24
1514109900 26
1514109960 27
1514110020 21
1514110080 25
1514110140 26
1514110200 28
1514110260 27
1514110320 27
1514110380 27
1514110440 22
1514110500 22
1514110560 20
1514110620 20
1514110680 21
1514110740 28
1514110800 25
1514110860 27
1514110920 27
1514110980 27
1514111040 24
1514111100 27
1514111160 25
1514111220 21
1514111280 24
1514111340 22
1514111400 25
1514111460 29
1514111520 27
1514111580 26
1514111640 25
1514111700 19
1514111760 19
1514111820 19
1514111880 16
1514111940 7
