1509169020 24
1509169080 25
1509169140 20
1509169200 24
1509169260 22
1509169320 26
1509169380 23
1509169440 26
1509169500 24
1509169560 27
1509169620 22
1509169680 26
1509169740 21
1509169800 30
1509169860 23
1509169920 27
1509169980 31
1509170040 26
1509170100 26
1509170160 23
1509170220 26
1509170280 27
1509170340 33
1509170400 38
1509170460 36
1509170520 38
1509170580 49
1509170640 51
1509170700 52
1509170760 54
1509170820 59
1509170880 55
1509170940 51
1509171000 52
1509171060 54
1509171120 61
1509171180 61
1509171240 62
1509171300 58
1509171360 61
1509171420 58
1509171480 56
1509171540 66
1509171600 66
1509171660 63
1509171720 66
1509171780 69
1509171840 66
1509171900 66
1509171960 75
1509172020 71
1509172080 72
1509172140 69
1509172200 70
1509172260 74
1509172320 74
1509172380 69
1509172440 77
1509172500 73
1509172560 75
1509172620 72
1509172680 71
1509172740 69
1509172800 75
1509172860 70
1509172920 72
1509172980 70
1509173040 68
1509173100 69
1509173160 74
1509173220 78
1509173280 78
1509173340 73
1509173400 79
1509173460 76
1509173520 77
1509173580 71
1509173640 73
1509173700 69
1509173760 70
1509173820 72
1509173880 75
1509173940 73
1509174000 69
1509174060 70
1509174120 75
1509174180 75
1509174240 76
1509174300 70
1509174360 69
1509174420 64
1509174480 68
1509174540 72
1509174600 78
1509174660 77
1509174720 79
1509174780 78
1509174840 75
1509174900 82
1509174960 81
1509175020 87
1509175080 85
1509175140 86
1509175200 88
1509175260 84
1509175320 83
1509175380 87
1509175440 87
1509175500 89
1509175560 92
1509175620 93
1509175680 87
1509175740 87
1509175800 89
1509175860 77
1509175920 83
1509175980 80
1509176040 82
1509176100 81
1509176160 81
1509176220 72
1509176280 77
1509176340 76
1509176400 75
1509176460 77
1509176520 78
1509176580 73
1509176640 71
1509176700 70
1509176760 74
1509176820 72
1509176880 73
1509176940 77
1509177000 75
1509177060 73
1509177120 76
1509177180 74
1509177240 80
1509177300 82
1509177360 79
1509177420 74
1509177480 81
1509177540 79
1509177600 80
1509177660 82
1509177720 77
1509177780 75
1509177840 75
1509177900 75
1509177960 78
1509178020 82
1509178080 78
1509178140 82
1509178200 81
1509178260 77
1509178320 85
1509178380 83
1509178440 82
1509178500 82
1509178560 81
1509178620 77
1509178680 77
1509178740 71
1509178800 65
1509178860 62
1509178920 62
1509178980 63
1509179040 63
1509179100 62
1509179160 63
1509179220 66
1509179280 66
1509179340 64
1509179400 67
1509179460 65
1509179520 61
1509179580 64
1509179640 70
1509179700 72
1509179760 68
1509179820 64
1509179880 63
1509179940 59
1509180000 61
1509180060 58
1509180120 62
1509180180 59
1509180240 54
1509180300 54
1509180360 51
1509180420 44
1509180480 26
1509180540 10
