1512297780 3
1512297840 4
1512297900 20
1512297960 27
1512298020 26
1512298080 23
1512298140 25
1512298200 26
1512298260 23
1512298320 31
1512298380 27
1512298440 35
1512298500 32
1512298560 34
1512298620 33
1512298680 32
1512298740 30
1512298800 35
1512298860 41
1512298920 47
1512298980 54
1512299040 54
1512299100 53
1512299160 56
1512299220 63
1512299280 69
1512299340 70
1512299400 77
1512299460 81
1512299520 82
1512299580 87
1512299640 91
1512299700 90
1512299760 92
1512299820 94
1512299880 96
1512299940 96
1512300000 92
1512300060 93
1512300120 96
1512300180 97
1512300240 97
1512300300 96
1512300360 106
1512300420 97
1512300480 96
1512300540 110
1512300600 113
1512300660 112
1512300720 106
1512300780 112
1512300840 115
1512300900 120
1512300960 124
1512301020 126
1512301080 129
1512301140 132
1512301200 128
1512301260 132
1512301320 131
1512301380 135
1512301440 133
1512301500 140
1512301560 133
1512301620 139
1512301680 134
1512301740 129
1512301800 134
1512301860 133
1512301920 134
1512301980 130
1512302040 128
1512302100 132
1512302160 129
1512302220 130
1512302280 131
1512302340 132
1512302400 135
1512302460 131
1512302520 133
1512302580 135
1512302640 135
1512302700 128
1512302760 132
1512302820 128
1512302880 128
1512302940 127
1512303000 131
1512303060 131
1512303120 137
1512303180 139
1512303240 139
1512303300 138
1512303360 136
1512303420 141
1512303480 137
1512303540 143
1512303600 140
1512303660 150
1512303720 144
1512303780 153
1512303840 150
1512303900 151
1512303960 149
1512304020 148
1512304080 150
1512304140 155
1512304200 152
1512304260 145
1512304320 145
1512304380 152
1512304440 151
1512304500 153
1512304560 155
1512304620 154
1512304680 147
1512304740 148
1512304800 146
1512304860 145
1512304920 146
1512304980 145
1512305040 140
1512305100 139
1512305160 140
1512305220 140
1512305280 146
1512305340 147
1512305400 151
1512305460 154
1512305520 150
1512305580 147
1512305640 151
1512305700 146
1512305760 143
1512305820 154
1512305880 153
1512305940 155
1512306000 160
1512306060 172
1512306120 166
1512306180 172
1512306240 173
1512306300 163
1512306360 164
1512306420 157
1512306480 164
1512306540 162
1512306600 160
1512306660 160
1512306720 164
1512306780 163
1512306840 164
1512306900 168
1512306960 169
1512307020 169
1512307080 167
1512307140 167
1512307200 168
1512307260 170
1512307320 174
1512307380 173
1512307440 171
1512307500 175
1512307560 177
1512307620 189
1512307680 186
1512307740 184
1512307800 181
1512307860 181
1512307920 186
1512307980 186
1512308040 178
1512308100 182
1512308160 180
1512308220 179
1512308280 190
1512308340 187
1512308400 193
1512308460 195
1512308520 197
1512308580 198
1512308640 207
1512308700 203
1512308760 199
1512308820 203
1512308880 207
1512308940 212
1512309000 215
1512309060 219
1512309120 228
1512309180 226
1512309240 236
1512309300 239
1512309360 251
1512309420 252
1512309480 263
1512309540 272
1512309600 277
1512309660 276
1512309720 284
1512309780 285
1512309840 296
1512309900 268
1512309960 273
1512310020 274
1512310080 269
1512310140 270
1512310200 279
1512310260 285
1512310320 291
1512310380 297
1512310440 296
1512310500 302
1512310560 307
1512310620 161
1512310680 51
