1513336680 16
1513336740 31
1513336800 41
1513336860 53
1513336920 60
1513336980 78
1513337040 87
1513337100 90
1513337160 101
1513337220 114
1513337280 123
1513337340 118
1513337400 131
1513337460 133
1513337520 136
1513337580 147
1513337640 149
1513337700 152
1513337760 163
1513337820 162
1513337880 160
1513337940 178
1513338000 183
1513338060 171
1513338120 181
1513338180 179
1513338240 178
1513338300 190
1513338360 199
1513338420 200
1513338480 201
1513338540 207
1513338600 210
1513338660 201
1513338720 201
1513338780 195
1513338840 202
1513338900 186
1513338960 187
1513339020 173
1513339080 178
1513339140 177
1513339200 187
1513339260 180
1513339320 182
1513339380 177
1513339440 180
1513339500 188
1513339560 181
1513339620 176
1513339680 190
1513339740 178
1513339800 185
1513339860 179
1513339920 188
1513339980 181
1513340040 181
1513340100 177
1513340160 176
1513340220 176
1513340280 175
1513340340 171
1513340400 177
1513340460 171
1513340520 168
1513340580 157
1513340640 170
1513340700 163
1513340760 177
1513340820 183
1513340880 180
1513340940 170
1513341000 177
1513341060 177
1513341120 173
1513341180 176
1513341240 182
1513341300 183
1513341360 182
1513341420 179
1513341480 173
1513341540 167
1513341600 168
1513341660 175
1513341720 182
1513341780 173
1513341840 181
1513341900 183
1513341960 187
1513342020 179
1513342080 188
1513342140 189
1513342200 203
1513342260 188
1513342320 197
1513342380 200
1513342440 209
1513342500 204
1513342560 206
1513342620 197
1513342680 204
1513342740 188
1513342800 193
1513342860 200
1513342920 204
1513342980 186
1513343040 185
1513343100 178
1513343160 180
1513343220 174
1513343280 175
1513343340 174
1513343400 179
1513343460 179
1513343520 188
1513343580 183
1513343640 193
1513343700 185
1513343760 193
1513343820 185
1513343880 184
1513343940 166
1513344000 167
1513344060 163
1513344120 164
1513344180 163
1513344240 154
1513344300 149
1513344360 151
1513344420 154
1513344480 142
1513344540 142
1513344600 136
1513344660 134
1513344720 138
1513344780 138
1513344840 141
1513344900 143
1513344960 153
1513345020 151
1513345080 152
1513345140 145
1513345200 150
1513345260 144
1513345320 146
1513345380 142
1513345440 148
1513345500 147
1513345560 162
1513345620 157
1513345680 164
1513345740 175
1513345800 171
1513345860 161
1513345920 152
1513345980 152
1513346040 143
1513346100 141
1513346160 143
1513346220 130
1513346280 132
1513346340 137
1513346400 145
1513346460 148
1513346520 147
1513346580 137
1513346640 137
1513346700 132
1513346760 131
1513346820 131
1513346880 129
1513346940 125
1513347000 120
1513347060 125
1513347120 129
1513347180 132
1513347240 128
1513347300 126
1513347360 123
1513347420 122
1513347480 117
1513347540 113
1513347600 99
1513347660 87
1513347720 51
1513347780 45
