1513768620 14
1513768680 18
1513768740 27
1513768800 39
1513768860 38
1513768920 39
1513768980 39
1513769040 51
1513769100 51
1513769160 44
1513769220 48
1513769280 56
1513769340 67
1513769400 69
1513769460 72
1513769520 77
1513769580 80
1513769640 83
1513769700 73
1513769760 70
1513769820 82
1513769880 88
1513769940 92
1513770000 95
1513770060 88
1513770120 97
1513770180 104
1513770240 104
1513770300 105
1513770360 102
1513770420 100
1513770480 108
1513770540 110
1513770600 104
1513770660 100
1513770720 109
1513770780 110
1513770840 102
1513770900 102
1513770960 97
1513771020 96
1513771080 97
1513771140 102
1513771200 98
1513771260 103
1513771320 101
1513771380 104
1513771440 103
1513771500 100
1513771560 101
1513771620 101
1513771680 101
1513771740 102
1513771800 105
1513771860 108
1513771920 108
1513771980 109
1513772040 112
1513772100 110
1513772160 106
1513772220 106
1513772280 105
1513772340 104
1513772400 101
1513772460 102
1513772520 103
1513772580 102
1513772640 104
1513772700 105
1513772760 101
1513772820 105
1513772880 103
1513772940 103
1513773000 100
1513773060 97
1513773120 92
1513773180 99
1513773240 101
1513773300 103
1513773360 102
1513773420 98
1513773480 97
1513773540 97
1513773600 99
1513773660 92
1513773720 100
1513773780 104
1513773840 104
1513773900 106
1513773960 104
1513774020 109
1513774080 101
1513774140 109
1513774200 108
1513774260 113
1513774320 110
1513774380 107
1513774440 105
1513774500 98
1513774560 95
1513774620 97
1513774680 93
1513774740 96
1513774800 96
1513774860 99
1513774920 97
1513774980 96
1513775040 93
1513775100 91
1513775160 92
1513775220 95
1513775280 101
1513775340 102
1513775400 102
1513775460 96
1513775520 98
1513775580 100
1513775640 99
1513775700 105
1513775760 101
1513775820 101
1513775880 101
1513775940 102
1513776000 96
1513776060 95
1513776120 96
1513776180 100
1513776240 106
1513776300 105
1513776360 106
1513776420 108
1513776480 107
1513776540 106
1513776600 106
1513776660 115
1513776720 105
1513776780 110
1513776840 111
1513776900 110
1513776960 117
1513777020 116
1513777080 110
1513777140 113
1513777200 114
1513777260 110
1513777320 117
1513777380 116
1513777440 115
1513777500 119
1513777560 103
1513777620 106
1513777680 99
1513777740 93
1513777800 96
1513777860 100
1513777920 103
1513777980 96
1513778040 102
1513778100 98
1513778160 98
1513778220 95
1513778280 101
1513778340 98
1513778400 102
1513778460 103
1513778520 103
1513778580 97
1513778640 96
1513778700 93
1513778760 96
1513778820 97
1513778880 103
1513778940 101
1513779000 98
1513779060 97
1513779120 99
1513779180 101
1513779240 99
1513779300 106
1513779360 99
1513779420 97
1513779480 94
1513779540 92
1513779600 96
1513779660 79
1513779720 39
