1508412060 52
1508412120 41
1508412180 60
1508412240 53
1508412300 54
1508412360 67
1508412420 81
1508412480 89
1508412540 92
1508412600 87
1508412660 92
1508412720 114
1508412780 118
1508412840 120
1508412900 131
1508412960 142
1508413020 143
1508413080 145
1508413140 153
1508413200 140
1508413260 147
1508413320 159
1508413380 175
1508413440 176
1508413500 193
1508413560 203
1508413620 201
1508413680 203
1508413740 213
1508413800 214
1508413860 214
1508413920 219
1508413980 235
1508414040 230
1508414100 227
1508414160 240
1508414220 233
1508414280 236
1508414340 235
1508414400 209
1508414460 216
1508414520 218
1508414580 235
1508414640 230
1508414700 211
1508414760 211
1508414820 203
1508414880 203
1508414940 206
1508415000 199
1508415060 202
1508415120 201
1508415180 197
1508415240 200
1508415300 209
1508415360 212
1508415420 224
1508415480 226
1508415540 236
1508415600 229
1508415660 236
1508415720 239
1508415780 233
1508415840 238
1508415900 237
1508415960 224
1508416020 207
1508416080 220
1508416140 220
1508416200 213
1508416260 216
1508416320 212
1508416380 223
1508416440 229
1508416500 226
1508416560 227
1508416620 244
1508416680 243
1508416740 247
1508416800 257
1508416860 258
1508416920 259
1508416980 264
1508417040 266
1508417100 264
1508417160 270
1508417220 257
1508417280 258
1508417340 252
1508417400 238
1508417460 123
1508417520 161
1508417580 183
1508417640 199
1508417700 209
1508417760 215
1508417820 235
1508417880 248
1508417940 242
1508418000 252
1508418060 245
1508418120 241
1508418180 255
1508418240 257
1508418300 261
1508418360 264
1508418420 268
1508418480 268
1508418540 257
1508418600 262
1508418660 263
1508418720 266
1508418780 257
1508418840 250
1508418900 246
1508418960 241
1508419020 250
1508419080 244
1508419140 244
1508419200 240
1508419260 240
1508419320 252
1508419380 242
1508419440 240
1508419500 240
1508419560 242
1508419620 241
1508419680 240
1508419740 241
1508419800 231
1508419860 233
1508419920 237
1508419980 239
1508420040 240
1508420100 241
1508420160 241
1508420220 246
1508420280 253
1508420340 253
1508420400 267
1508420460 256
1508420520 255
1508420580 244
1508420640 264
1508420700 258
1508420760 259
1508420820 267
1508420880 267
1508420940 262
1508421000 258
1508421060 263
1508421120 256
1508421180 243
1508421240 236
1508421300 232
1508421360 227
1508421420 222
1508421480 224
1508421540 219
1508421600 215
1508421660 218
1508421720 220
1508421780 214
1508421840 212
1508421900 214
1508421960 217
1508422020 207
1508422080 209
1508422140 218
1508422200 214
1508422260 207
1508422320 211
1508422380 216
1508422440 219
1508422500 217
1508422560 223
1508422620 229
1508422680 232
1508422740 209
1508422800 200
1508422860 173
1508422920 164
1508422980 164
1508423040 159
1508423100 158
1508423160 149
1508423220 145
1508423280 144
1508423340 133
1508423400 128
1508423460 134
1508423520 125
1508423580 120
1508423640 123
1508423700 134
1508423760 128
1508423820 130
1508423880 122
1508423940 114
1508424000 67
