1507806360 11
1507806420 16
1507806480 20
1507806540 16
1507806600 22
1507806660 30
1507806720 25
1507806780 22
1507806840 24
1507806900 26
1507806960 20
1507807020 27
1507807080 21
1507807140 27
1507807200 31
1507807260 29
1507807320 37
1507807380 36
1507807440 42
1507807500 42
1507807560 41
1507807620 40
1507807680 53
1507807740 47
1507807800 56
1507807860 59
1507807920 58
1507807980 59
1507808040 64
1507808100 74
1507808160 85
1507808220 84
1507808280 85
1507808340 82
1507808400 78
1507808460 86
1507808520 86
1507808580 91
1507808640 83
1507808700 88
1507808760 91
1507808820 93
1507808880 92
1507808940 90
1507809000 87
1507809060 85
1507809120 84
1507809180 85
1507809240 94
1507809300 94
1507809360 96
1507809420 91
1507809480 91
1507809540 92
1507809600 89
1507809660 94
1507809720 95
1507809780 97
1507809840 100
1507809900 105
1507809960 98
1507810020 97
1507810080 96
1507810140 94
1507810200 96
1507810260 99
1507810320 102
1507810380 100
1507810440 99
1507810500 94
1507810560 94
1507810620 98
1507810680 103
1507810740 99
1507810800 100
1507810860 98
1507810920 98
1507810980 97
1507811040 99
1507811100 104
1507811160 100
1507811220 105
1507811280 103
1507811340 97
1507811400 98
1507811460 100
1507811520 100
1507811580 101
1507811640 101
1507811700 102
1507811760 102
1507811820 105
1507811880 106
1507811940 108
1507812000 106
1507812060 108
1507812120 110
1507812180 111
1507812240 109
1507812300 113
1507812360 111
1507812420 113
1507812480 102
1507812540 108
1507812600 102
1507812660 107
1507812720 106
1507812780 108
1507812840 112
1507812900 111
1507812960 114
1507813020 111
1507813080 116
1507813140 120
1507813200 116
1507813260 110
1507813320 109
1507813380 111
1507813440 114
1507813500 117
1507813560 115
1507813620 117
1507813680 115
1507813740 109
1507813800 110
1507813860 106
1507813920 107
1507813980 107
1507814040 108
1507814100 105
1507814160 107
1507814220 112
1507814280 108
1507814340 115
1507814400 115
1507814460 120
1507814520 122
1507814580 126
1507814640 121
1507814700 118
1507814760 108
1507814820 114
1507814880 107
1507814940 111
1507815000 108
1507815060 114
1507815120 111
1507815180 107
1507815240 108
1507815300 109
1507815360 104
1507815420 103
1507815480 112
1507815540 108
1507815600 112
1507815660 107
1507815720 105
1507815780 98
1507815840 106
1507815900 99
1507815960 100
1507816020 103
1507816080 108
1507816140 100
1507816200 101
1507816260 94
1507816320 98
1507816380 101
1507816440 104
1507816500 103
1507816560 96
1507816620 96
1507816680 94
1507816740 92
1507816800 88
1507816860 99
1507816920 94
1507816980 100
1507817040 97
1507817100 99
1507817160 92
1507817220 89
1507817280 91
1507817340 86
1507817400 81
1507817460 39
