1508663640 30
1508663700 26
1508663760 20
1508663820 21
1508663880 24
1508663940 21
1508664000 24
1508664060 24
1508664120 23
1508664180 27
1508664240 29
1508664300 25
1508664360 24
1508664420 29
1508664480 32
1508664540 34
1508664600 33
1508664660 32
1508664720 30
1508664780 30
1508664840 26
1508664900 29
1508664960 28
1508665020 31
1508665080 30
1508665140 28
1508665200 30
1508665260 33
1508665320 35
1508665380 32
1508665440 29
1508665500 28
1508665560 32
1508665620 31
1508665680 24
1508665740 3
