1513854360 35
1513854420 40
1513854480 42
1513854540 50
1513854600 55
1513854660 64
1513854720 69
1513854780 77
1513854840 81
1513854900 87
1513854960 88
1513855020 95
1513855080 94
1513855140 90
1513855200 91
1513855260 99
1513855320 103
1513855380 104
1513855440 107
1513855500 116
1513855560 121
1513855620 115
1513855680 129
1513855740 129
1513855800 129
1513855860 138
1513855920 147
1513855980 148
1513856040 155
1513856100 160
1513856160 168
1513856220 177
1513856280 185
1513856340 189
1513856400 198
1513856460 205
1513856520 211
1513856580 221
1513856640 225
1513856700 221
1513856760 224
1513856820 228
1513856880 222
1513856940 227
1513857000 228
1513857060 233
1513857120 236
1513857180 238
1513857240 231
1513857300 229
1513857360 232
1513857420 89
