1507724940 168
1507725000 165
1507725060 162
1507725120 175
1507725180 178
1507725240 184
1507725300 184
1507725360 188
1507725420 186
1507725480 187
1507725540 196
1507725600 196
1507725660 191
1507725720 205
1507725780 211
1507725840 213
1507725900 211
1507725960 216
1507726020 210
1507726080 220
1507726140 226
1507726200 227
1507726260 232
1507726320 233
1507726380 240
1507726440 247
1507726500 249
1507726560 245
1507726620 252
1507726680 254
1507726740 254
1507726800 237
1507726860 237
1507726920 221
1507726980 221
1507727040 213
1507727100 223
1507727160 212
1507727220 220
1507727280 207
1507727340 216
1507727400 215
1507727460 218
1507727520 196
1507727580 202
1507727640 213
1507727700 214
1507727760 206
1507727820 211
1507727880 211
1507727940 209
1507728000 214
1507728060 225
1507728120 219
1507728180 220
1507728240 221
1507728300 233
1507728360 238
1507728420 241
1507728480 240
1507728540 242
1507728600 241
1507728660 242
1507728720 241
1507728780 251
1507728840 248
1507728900 249
1507728960 244
1507729020 251
1507729080 245
1507729140 251
1507729200 243
1507729260 235
1507729320 212
1507729380 222
1507729440 222
1507729500 221
1507729560 221
1507729620 206
1507729680 194
1507729740 192
1507729800 195
1507729860 190
1507729920 196
1507729980 194
1507730040 193
1507730100 192
1507730160 184
1507730220 188
1507730280 189
1507730340 189
1507730400 190
1507730460 198
1507730520 186
1507730580 194
1507730640 191
1507730700 197
1507730760 186
1507730820 197
1507730880 196
1507730940 202
1507731000 194
1507731060 197
1507731120 171
1507731180 170
1507731240 131
1507731300 77
