1508060160 14
1508060220 32
1508060280 30
1508060340 26
1508060400 24
1508060460 27
1508060520 29
1508060580 32
1508060640 36
1508060700 39
1508060760 40
1508060820 37
1508060880 35
1508060940 35
1508061000 35
1508061060 34
1508061120 38
1508061180 42
1508061240 38
1508061300 42
1508061360 41
1508061420 35
1508061480 29
1508061540 29
1508061600 28
1508061660 31
1508061720 28
1508061780 34
1508061840 36
1508061900 39
1508061960 37
1508062020 34
1508062080 36
1508062140 33
1508062200 30
1508062260 29
1508062320 35
1508062380 36
1508062440 39
1508062500 40
1508062560 43
1508062620 37
1508062680 35
1508062740 32
1508062800 35
1508062860 35
1508062920 33
1508062980 30
1508063040 29
1508063100 22
1508063160 22
1508063220 24
1508063280 22
1508063340 20
1508063400 18
1508063460 20
1508063520 13
1508063580 10
1508063640 1
