1508929500 19
1508929560 26
1508929620 29
1508929680 22
1508929740 24
1508929800 35
1508929860 37
1508929920 46
1508929980 52
1508930040 52
1508930100 55
1508930160 55
1508930220 65
1508930280 64
1508930340 74
1508930400 76
1508930460 77
1508930520 84
1508930580 80
1508930640 72
1508930700 41
1508930760 36
1508930820 74
1508930880 97
1508930940 104
1508931000 118
1508931060 126
1508931120 134
1508931180 148
1508931240 150
1508931300 156
1508931360 162
1508931420 171
1508931480 182
1508931540 198
1508931600 209
1508931660 210
1508931720 206
1508931780 212
1508931840 211
1508931900 212
1508931960 215
1508932020 224
1508932080 221
1508932140 215
1508932200 219
1508932260 225
1508932320 232
1508932380 232
1508932440 235
1508932500 243
1508932560 245
1508932620 253
1508932680 245
1508932740 240
1508932800 237
1508932860 233
1508932920 230
1508932980 236
1508933040 221
1508933100 223
1508933160 214
1508933220 208
1508933280 216
1508933340 222
1508933400 225
1508933460 222
1508933520 226
1508933580 222
1508933640 228
1508933700 238
1508933760 243
1508933820 244
1508933880 235
1508933940 236
1508934000 245
1508934060 242
1508934120 240
1508934180 247
1508934240 231
1508934300 245
1508934360 240
1508934420 239
1508934480 248
1508934540 247
1508934600 254
1508934660 261
1508934720 259
1508934780 261
1508934840 263
1508934900 272
1508934960 274
1508935020 286
1508935080 275
1508935140 275
1508935200 283
1508935260 285
1508935320 274
1508935380 277
1508935440 268
1508935500 268
1508935560 263
1508935620 263
1508935680 257
1508935740 261
1508935800 263
1508935860 256
1508935920 249
1508935980 245
1508936040 257
1508936100 256
1508936160 255
1508936220 257
1508936280 264
1508936340 263
1508936400 253
1508936460 248
1508936520 246
1508936580 257
1508936640 236
1508936700 243
1508936760 248
1508936820 243
1508936880 232
1508936940 236
1508937000 241
1508937060 230
1508937120 240
1508937180 260
1508937240 282
1508937300 285
1508937360 287
1508937420 280
1508937480 283
1508937540 285
1508937600 282
1508937660 279
1508937720 283
1508937780 278
1508937840 268
1508937900 267
1508937960 261
1508938020 263
1508938080 252
1508938140 249
1508938200 251
1508938260 254
1508938320 263
1508938380 263
1508938440 267
1508938500 260
1508938560 264
1508938620 263
1508938680 266
1508938740 267
1508938800 269
1508938860 270
1508938920 264
1508938980 266
1508939040 268
1508939100 261
1508939160 265
1508939220 266
1508939280 277
1508939340 276
1508939400 283
1508939460 293
1508939520 298
1508939580 293
1508939640 307
1508939700 310
1508939760 315
1508939820 322
1508939880 321
1508939940 324
1508940000 313
1508940060 297
1508940120 281
1508940180 268
1508940240 269
1508940300 256
1508940360 254
1508940420 237
1508940480 250
1508940540 244
1508940600 239
1508940660 242
1508940720 246
1508940780 235
1508940840 240
1508940900 236
1508940960 242
1508941020 242
1508941080 216
1508941140 98
