1513857540 126
1513857600 155
1513857660 157
1513857720 156
1513857780 163
1513857840 160
1513857900 156
1513857960 159
1513858020 156
1513858080 159
1513858140 153
1513858200 161
1513858260 163
1513858320 168
1513858380 173
1513858440 177
1513858500 185
1513858560 191
1513858620 191
1513858680 180
1513858740 180
1513858800 171
1513858860 170
1513858920 177
1513858980 185
1513859040 193
1513859100 193
1513859160 195
1513859220 194
1513859280 180
1513859340 175
1513859400 184
1513859460 180
1513859520 188
1513859580 181
1513859640 192
1513859700 193
1513859760 205
1513859820 198
1513859880 189
1513859940 202
1513860000 207
1513860060 203
1513860120 199
1513860180 217
1513860240 216
1513860300 219
1513860360 203
1513860420 212
1513860480 215
1513860540 218
1513860600 216
1513860660 212
1513860720 212
1513860780 217
1513860840 219
1513860900 231
1513860960 231
1513861020 243
1513861080 245
1513861140 253
1513861200 236
1513861260 226
1513861320 231
1513861380 244
1513861440 248
1513861500 251
1513861560 251
1513861620 254
1513861680 254
1513861740 251
1513861800 265
1513861860 253
1513861920 251
1513861980 261
1513862040 266
1513862100 266
1513862160 263
1513862220 258
1513862280 265
1513862340 269
1513862400 272
1513862460 268
1513862520 255
1513862580 256
1513862640 258
1513862700 240
1513862760 245
1513862820 240
1513862880 247
1513862940 259
1513863000 261
1513863060 268
1513863120 281
1513863180 274
1513863240 280
1513863300 275
1513863360 276
1513863420 264
1513863480 262
1513863540 255
1513863600 260
1513863660 278
1513863720 270
1513863780 269
1513863840 282
1513863900 276
1513863960 285
1513864020 287
1513864080 301
1513864140 280
1513864200 285
1513864260 283
1513864320 280
1513864380 270
1513864440 278
1513864500 269
1513864560 260
1513864620 246
1513864680 170
1513864740 93
