1507267560 22
1507267620 16
1507267680 19
1507267740 18
1507267800 19
1507267860 21
1507267920 25
1507267980 25
1507268040 22
1507268100 19
1507268160 19
1507268220 16
1507268280 22
1507268340 20
1507268400 19
1507268460 22
1507268520 25
1507268580 25
1507268640 24
1507268700 23
1507268760 25
1507268820 29
1507268880 25
1507268940 28
1507269000 22
1507269060 22
1507269120 23
1507269180 25
1507269240 32
1507269300 27
1507269360 26
1507269420 27
1507269480 28
1507269540 28
1507269600 30
1507269660 34
1507269720 34
1507269780 31
1507269840 32
1507269900 34
1507269960 37
1507270020 41
1507270080 38
1507270140 41
1507270200 39
1507270260 40
1507270320 40
1507270380 43
1507270440 42
1507270500 47
1507270560 49
1507270620 52
1507270680 47
1507270740 50
1507270800 49
1507270860 47
1507270920 49
1507270980 55
1507271040 52
1507271100 50
1507271160 53
1507271220 47
1507271280 46
1507271340 48
1507271400 47
1507271460 52
1507271520 53
1507271580 53
1507271640 52
1507271700 52
1507271760 52
1507271820 54
1507271880 54
1507271940 54
1507272000 49
1507272060 50
1507272120 50
1507272180 49
1507272240 49
1507272300 52
1507272360 54
1507272420 55
1507272480 60
1507272540 61
1507272600 59
1507272660 56
1507272720 56
1507272780 62
1507272840 59
1507272900 60
1507272960 58
1507273020 62
1507273080 57
1507273140 60
1507273200 59
1507273260 56
1507273320 54
1507273380 57
1507273440 60
1507273500 59
1507273560 59
1507273620 63
1507273680 60
1507273740 55
1507273800 59
1507273860 62
1507273920 62
1507273980 67
1507274040 67
1507274100 67
1507274160 66
1507274220 73
1507274280 67
1507274340 63
1507274400 68
1507274460 70
1507274520 69
1507274580 72
1507274640 77
1507274700 78
1507274760 74
1507274820 76
1507274880 75
1507274940 77
1507275000 77
1507275060 76
1507275120 73
1507275180 79
1507275240 70
1507275300 75
1507275360 80
1507275420 74
1507275480 74
1507275540 66
1507275600 65
1507275660 67
1507275720 66
1507275780 67
1507275840 65
1507275900 70
1507275960 72
1507276020 71
1507276080 71
1507276140 68
1507276200 63
1507276260 68
1507276320 66
1507276380 68
1507276440 63
1507276500 69
1507276560 63
1507276620 64
1507276680 64
1507276740 66
1507276800 67
1507276860 68
1507276920 62
1507276980 66
1507277040 71
1507277100 74
1507277160 76
1507277220 77
1507277280 74
1507277340 70
1507277400 75
1507277460 82
1507277520 79
1507277580 79
1507277640 77
1507277700 74
1507277760 70
1507277820 68
1507277880 66
1507277940 67
1507278000 63
1507278060 61
1507278120 65
1507278180 71
1507278240 68
1507278300 66
1507278360 67
1507278420 68
1507278480 68
1507278540 62
1507278600 62
1507278660 60
1507278720 58
1507278780 57
1507278840 58
1507278900 53
1507278960 53
1507279020 55
1507279080 55
1507279140 53
1507279200 57
1507279260 56
1507279320 56
1507279380 59
1507279440 55
1507279500 59
1507279560 62
1507279620 59
1507279680 65
1507279740 63
1507279800 57
1507279860 59
1507279920 61
1507279980 61
1507280040 58
1507280100 57
1507280160 53
1507280220 51
1507280280 31
1507280340 12
