1510310820 19
1510310880 30
1510310940 23
1510311000 25
1510311060 29
1510311120 32
1510311180 38
1510311240 41
1510311300 37
1510311360 33
1510311420 36
1510311480 36
1510311540 39
1510311600 38
1510311660 44
1510311720 41
1510311780 46
1510311840 49
1510311900 50
1510311960 51
1510312020 46
1510312080 53
1510312140 57
1510312200 63
1510312260 64
1510312320 63
1510312380 67
1510312440 65
1510312500 68
1510312560 71
1510312620 70
1510312680 74
1510312740 70
1510312800 75
1510312860 73
1510312920 74
1510312980 82
1510313040 83
1510313100 84
1510313160 81
1510313220 84
1510313280 84
1510313340 82
1510313400 84
1510313460 78
1510313520 76
1510313580 73
1510313640 80
1510313700 82
1510313760 78
1510313820 81
1510313880 82
1510313940 82
1510314000 84
1510314060 83
1510314120 87
1510314180 90
1510314240 90
1510314300 93
1510314360 95
1510314420 94
1510314480 89
1510314540 92
1510314600 92
1510314660 92
1510314720 94
1510314780 104
1510314840 95
1510314900 97
1510314960 96
1510315020 97
1510315080 96
1510315140 94
1510315200 93
1510315260 96
1510315320 93
1510315380 89
1510315440 92
1510315500 93
1510315560 95
1510315620 90
1510315680 93
1510315740 99
1510315800 93
1510315860 88
1510315920 95
1510315980 97
1510316040 89
1510316100 90
1510316160 95
1510316220 98
1510316280 94
1510316340 100
1510316400 97
1510316460 94
1510316520 94
1510316580 92
1510316640 89
1510316700 96
1510316760 89
1510316820 95
1510316880 95
1510316940 95
1510317000 88
1510317060 96
1510317120 96
1510317180 94
1510317240 89
1510317300 88
1510317360 93
1510317420 91
1510317480 88
1510317540 89
1510317600 93
1510317660 95
1510317720 101
1510317780 98
1510317840 98
1510317900 98
1510317960 95
1510318020 95
1510318080 92
1510318140 85
1510318200 89
1510318260 91
1510318320 84
1510318380 88
1510318440 89
1510318500 92
1510318560 95
1510318620 93
1510318680 91
1510318740 98
1510318800 94
1510318860 97
1510318920 99
1510318980 102
1510319040 97
1510319100 100
1510319160 103
1510319220 100
1510319280 100
1510319340 103
1510319400 112
1510319460 105
1510319520 106
1510319580 94
1510319640 90
1510319700 89
1510319760 87
1510319820 79
1510319880 88
1510319940 86
1510320000 88
1510320060 87
1510320120 80
1510320180 78
1510320240 77
1510320300 80
1510320360 84
1510320420 83
1510320480 84
1510320540 83
1510320600 87
1510320660 80
1510320720 84
1510320780 85
1510320840 86
1510320900 87
1510320960 89
1510321020 91
1510321080 92
1510321140 89
1510321200 78
1510321260 73
1510321320 75
1510321380 74
1510321440 74
1510321500 86
1510321560 82
1510321620 79
1510321680 74
1510321740 78
1510321800 78
1510321860 78
1510321920 79
1510321980 78
1510322040 77
1510322100 76
1510322160 76
1510322220 72
1510322280 65
1510322340 77
1510322400 60
