1507262280 3
1507262340 7
1507262400 10
1507262460 6
1507262520 24
1507262580 17
1507262640 13
1507262700 20
1507262760 20
1507262820 18
1507262880 16
1507262940 18
1507263000 20
1507263060 21
1507263120 24
1507263180 24
1507263240 25
1507263300 21
1507263360 21
1507263420 26
1507263480 25
1507263540 22
1507263600 21
1507263660 19
1507263720 19
1507263780 22
1507263840 21
1507263900 22
1507263960 19
1507264020 15
1507264080 18
1507264140 17
1507264200 19
1507264260 21
1507264320 23
1507264380 22
1507264440 24
1507264500 24
1507264560 23
1507264620 22
1507264680 24
1507264740 24
1507264800 27
1507264860 30
1507264920 27
1507264980 23
1507265040 26
1507265100 25
1507265160 26
1507265220 28
1507265280 27
1507265340 31
1507265400 28
1507265460 19
