1514116680 5
1514116740 24
1514116800 36
1514116860 39
1514116920 45
1514116980 52
1514117040 58
1514117100 59
1514117160 66
1514117220 69
1514117280 77
1514117340 74
1514117400 80
1514117460 87
1514117520 96
1514117580 88
1514117640 96
1514117700 100
1514117760 102
1514117820 99
1514117880 102
1514117940 99
1514118000 106
1514118060 99
1514118120 104
1514118180 94
1514118240 93
1514118300 92
1514118360 94
1514118420 107
1514118480 105
1514118540 115
1514118600 109
1514118660 112
1514118720 113
1514118780 117
1514118840 125
1514118900 130
1514118960 127
1514119020 129
1514119080 127
1514119140 130
1514119200 131
1514119260 135
1514119320 135
1514119380 135
1514119440 132
1514119500 129
1514119560 139
1514119620 146
1514119680 144
1514119740 142
1514119800 149
1514119860 140
1514119920 138
1514119980 148
1514120040 144
1514120100 142
1514120160 140
1514120220 140
1514120280 135
1514120340 134
1514120400 134
1514120460 134
1514120520 140
1514120580 142
1514120640 143
1514120700 141
1514120760 143
1514120820 137
1514120880 136
1514120940 133
1514121000 135
1514121060 142
1514121120 139
1514121180 143
1514121240 139
1514121300 142
1514121360 133
1514121420 142
1514121480 142
1514121540 142
1514121600 153
1514121660 146
1514121720 151
1514121780 149
1514121840 146
1514121900 142
1514121960 142
1514122020 144
1514122080 148
1514122140 145
1514122200 147
1514122260 145
1514122320 140
1514122380 143
1514122440 151
1514122500 150
1514122560 149
1514122620 144
1514122680 150
1514122740 147
1514122800 148
1514122860 156
1514122920 163
1514122980 158
1514123040 163
1514123100 163
1514123160 155
1514123220 155
1514123280 152
1514123340 153
1514123400 155
1514123460 156
1514123520 153
1514123580 156
1514123640 151
1514123700 149
1514123760 145
1514123820 152
1514123880 151
1514123940 151
1514124000 151
1514124060 157
1514124120 162
1514124180 148
1514124240 134
1514124300 134
1514124360 126
1514124420 123
1514124480 103
1514124540 57
