1507977480 9
1507977540 12
1507977600 7
1507977660 8
1507977720 11
1507977780 13
1507977840 18
1507977900 20
1507978080 26
1507978140 29
1507978200 27
1507978260 31
1507978320 27
1507978380 28
1507978440 31
1507978500 33
1507978560 39
1507978620 42
1507978680 45
1507978740 44
1507978800 45
1507978860 47
1507978920 50
1507978980 50
1507979040 53
1507979100 52
1507979160 53
1507979220 51
1507979280 57
1507979340 57
1507979400 63
1507979460 71
1507979520 69
1507979580 66
1507979640 66
1507979700 68
1507979760 65
1507979820 68
1507979880 73
1507979940 76
1507980000 70
1507980060 72
1507980120 71
1507980180 72
1507980240 74
1507980300 74
1507980360 72
1507980420 71
1507980480 74
1507980540 73
1507980600 80
1507980660 73
1507980720 74
1507980780 67
1507980840 70
1507980900 67
1507980960 71
1507981020 68
1507981080 70
1507981140 76
1507981200 81
1507981260 83
1507981320 81
1507981380 84
1507981440 89
1507981500 95
1507981560 94
1507981620 95
1507981680 93
1507981740 87
1507981800 85
1507981860 88
1507981920 86
1507981980 85
1507982040 86
1507982100 89
1507982160 84
1507982220 90
1507982280 89
1507982340 82
1507982400 85
1507982460 84
1507982520 89
1507982580 90
1507982640 93
1507982700 87
1507982760 91
1507982820 89
1507982880 96
1507982940 94
1507983000 91
1507983060 89
1507983120 91
1507983180 92
1507983240 94
1507983300 98
1507983360 95
1507983420 100
1507983480 95
1507983540 93
1507983600 97
1507983660 94
1507983720 87
1507983780 93
1507983840 95
1507983900 94
1507983960 99
1507984020 97
1507984080 98
1507984140 104
1507984200 98
1507984260 95
1507984320 91
1507984380 93
1507984440 92
1507984500 88
1507984560 93
1507984620 93
1507984680 100
1507984740 101
1507984800 102
1507984860 101
1507984920 95
1507984980 88
1507985040 87
1507985100 89
1507985160 94
1507985220 94
1507985280 93
1507985340 99
1507985400 98
1507985460 97
1507985520 88
1507985580 90
1507985640 88
1507985700 87
1507985760 91
1507985820 93
1507985880 91
1507985940 92
1507986000 94
1507986060 97
1507986120 88
1507986180 88
1507986240 84
1507986300 84
1507986360 85
1507986420 77
1507986480 80
1507986540 79
1507986600 79
1507986660 78
1507986720 78
1507986780 75
1507986840 79
1507986900 78
1507986960 72
1507987020 76
1507987080 74
1507987140 71
1507987200 69
1507987260 68
1507987320 67
1507987380 62
1507987440 64
1507987500 63
1507987560 64
1507987620 68
1507987680 66
1507987740 67
1507987800 72
1507987860 79
1507987920 77
1507987980 76
1507988040 79
1507988100 79
1507988160 77
1507988220 78
1507988280 72
1507988340 68
1507988400 54
1507988460 20
