1508045580 25
1508045640 26
1508045700 28
1508045760 31
1508045820 28
1508045880 34
1508045940 35
1508046000 35
1508046060 42
1508046120 47
1508046180 47
1508046240 49
1508046300 50
1508046360 48
1508046420 53
1508046480 46
1508046540 56
1508046600 58
1508046660 67
1508046720 67
1508046780 66
1508046840 75
1508046900 66
1508046960 64
1508047020 72
1508047080 77
1508047140 89
1508047200 97
1508047260 106
1508047320 110
1508047380 121
1508047440 124
1508047500 134
1508047560 140
1508047620 143
1508047680 147
1508047740 160
1508047800 165
1508047860 166
1508047920 176
1508047980 185
1508048040 194
1508048100 204
1508048160 215
1508048220 216
1508048280 230
1508048340 236
1508048400 241
1508048460 236
1508048520 240
1508048580 239
1508048640 234
1508048700 235
1508048760 236
1508048820 237
1508048880 249
1508048940 249
1508049000 258
1508049060 256
1508049120 251
1508049180 236
1508049240 239
1508049300 238
1508049360 244
1508049420 246
1508049480 241
1508049540 243
1508049600 236
1508049660 241
1508049720 251
1508049780 246
1508049840 253
1508049900 256
1508049960 257
1508050020 265
1508050080 262
1508050140 256
1508050200 254
1508050260 249
1508050320 240
1508050380 241
1508050440 235
1508050500 236
1508050560 230
1508050620 236
1508050680 242
1508050740 239
1508050800 241
1508050860 238
1508050920 244
1508050980 246
1508051040 248
1508051100 239
1508051160 231
1508051220 246
1508051280 252
1508051340 252
1508051400 246
1508051460 243
1508051520 244
1508051580 230
1508051640 232
1508051700 230
1508051760 225
1508051820 219
1508051880 237
1508051940 237
1508052000 248
1508052060 250
1508052120 251
1508052180 253
1508052240 249
1508052300 255
1508052360 255
1508052420 254
1508052480 260
1508052540 258
1508052600 260
1508052660 260
1508052720 256
1508052780 231
1508052840 235
1508052900 237
1508052960 230
1508053020 242
1508053080 238
1508053140 218
1508053200 206
1508053260 212
1508053320 213
1508053380 219
1508053440 222
1508053500 227
1508053560 228
1508053620 234
1508053680 231
1508053740 235
1508053800 227
1508053860 232
1508053920 241
1508053980 247
1508054040 250
1508054100 249
1508054160 259
1508054220 267
1508054280 266
1508054340 254
1508054400 263
1508054460 260
1508054520 257
1508054580 255
1508054640 257
1508054700 253
1508054760 254
1508054820 249
1508054880 239
1508054940 229
1508055000 226
1508055060 234
1508055120 230
1508055180 228
1508055240 237
1508055300 227
1508055360 226
1508055420 227
1508055480 229
1508055540 225
1508055600 223
1508055660 221
1508055720 221
1508055780 222
1508055840 214
1508055900 209
1508055960 217
1508056020 224
1508056080 226
1508056140 230
1508056200 226
1508056260 229
1508056320 230
1508056380 227
1508056440 232
1508056500 229
1508056560 223
1508056620 219
1508056680 222
1508056740 224
1508056800 223
1508056860 227
1508056920 229
1508056980 227
1508057040 226
1508057100 224
1508057160 225
1508057220 232
1508057280 238
1508057340 235
1508057400 232
1508057460 217
1508057520 206
1508057580 203
1508057640 194
1508057700 186
1508057760 189
1508057820 179
1508057880 176
1508057940 175
1508058000 178
1508058060 189
1508058120 180
1508058180 186
1508058240 188
1508058300 186
1508058360 188
1508058420 190
1508058480 176
1508058540 175
1508058600 173
1508058660 179
1508058720 178
1508058780 183
1508058840 194
1508058900 194
1508058960 190
1508059020 184
1508059080 176
1508059140 145
1508059200 128
1508059260 85
