1507112940 19
1507113000 19
1507113060 19
1507113120 24
1507113180 22
1507113240 22
1507113300 22
1507113360 22
1507113420 22
1507113480 25
1507113540 30
1507113600 31
1507113660 31
1507113720 32
1507113780 31
1507113840 35
1507113900 45
1507113960 34
1507114020 42
1507114080 41
1507114140 47
1507114200 57
1507114260 56
1507114320 60
1507114380 68
1507114440 71
1507114500 79
1507114560 75
1507114620 85
1507114680 85
1507114740 89
1507114800 91
1507114860 106
1507114920 123
1507114980 136
1507115040 149
1507115100 155
1507115160 161
1507115220 171
1507115280 189
1507115340 204
1507115400 201
1507115460 211
1507115520 219
1507115580 236
1507115640 240
1507115700 265
1507115760 273
1507115820 258
1507115880 269
1507115940 280
1507116000 283
1507116060 289
1507116120 290
1507116180 296
1507116240 305
1507116300 309
1507116360 314
1507116420 325
1507116480 301
1507116540 280
1507116600 294
1507116660 307
1507116720 297
1507116780 317
1507116840 304
1507116900 308
1507116960 304
1507117020 317
1507117080 307
1507117140 318
1507117200 325
1507117260 339
1507117320 332
1507117380 330
1507117440 334
1507117500 340
1507117560 334
1507117620 333
1507117680 345
1507117740 349
1507117800 342
1507117860 341
1507117920 351
1507117980 347
1507118040 344
1507118100 337
1507118160 348
1507118220 351
1507118280 354
1507118340 351
1507118400 354
1507118460 358
1507118520 369
1507118580 353
1507118640 359
1507118700 354
1507118760 348
1507118820 349
1507118880 354
1507118940 341
1507119000 332
1507119060 325
1507119120 329
1507119180 331
1507119240 331
1507119300 349
1507119360 335
1507119420 346
1507119480 340
1507119540 331
1507119600 333
1507119660 345
1507119720 348
1507119780 358
1507119840 361
1507119900 373
1507119960 376
1507120020 373
1507120080 376
1507120140 377
1507120200 374
1507120260 380
1507120320 384
1507120380 376
1507120440 372
1507120500 378
1507120560 379
1507120620 376
1507120680 385
1507120740 390
1507120800 385
1507120860 380
1507120920 367
1507120980 360
1507121040 368
1507121100 372
1507121160 370
1507121220 380
1507121280 381
1507121340 382
1507121400 383
1507121460 383
1507121520 379
1507121580 383
1507121640 378
1507121700 385
1507121760 383
1507121820 387
1507121880 378
1507121940 382
1507122000 375
1507122060 358
1507122120 364
1507122180 362
1507122240 371
1507122300 374
1507122360 378
1507122420 385
1507122480 379
1507122540 383
1507122600 393
1507122660 383
1507122720 385
1507122780 381
1507122840 381
1507122900 370
1507122960 376
1507123020 383
1507123080 387
1507123140 378
1507123200 381
1507123260 383
1507123320 388
1507123380 382
1507123440 389
1507123500 385
1507123560 383
1507123620 378
1507123680 387
1507123740 387
1507123800 397
1507123860 396
1507123920 382
1507123980 386
1507124040 379
1507124100 382
1507124160 378
1507124220 371
1507124280 364
1507124340 366
1507124400 370
1507124460 375
1507124520 369
1507124580 374
1507124640 379
1507124700 376
1507124760 373
1507124820 366
1507124880 327
1507124940 314
1507125000 286
1507125060 206
