1508564160 8
1508564220 8
1508564280 16
1508564340 22
1508564400 21
1508564460 18
1508564520 21
1508564580 26
1508564640 34
1508564700 32
1508564760 38
1508564820 35
1508564880 33
1508564940 36
1508565000 36
1508565060 36
1508565120 41
1508565180 40
1508565240 34
1508565300 34
1508565360 35
1508565420 35
1508565480 35
1508565540 38
1508565600 35
1508565660 42
1508565720 42
1508565780 46
1508565840 41
1508565900 49
1508565960 48
1508566020 53
1508566080 59
1508566140 58
1508566200 57
1508566260 56
1508566320 60
1508566380 62
1508566440 54
1508566500 58
1508566560 61
1508566620 62
1508566680 61
1508566740 60
1508566800 63
1508566860 65
1508566920 60
1508566980 63
1508567040 62
1508567100 54
1508567160 48
1508567220 51
1508567280 58
1508567340 60
1508567400 59
1508567460 54
1508567520 58
1508567580 57
1508567640 58
1508567700 54
1508567760 60
1508567820 55
1508567880 58
1508567940 58
1508568000 57
1508568060 62
1508568120 59
1508568180 52
1508568240 51
1508568300 51
1508568360 49
1508568420 47
1508568480 53
1508568540 52
1508568600 56
1508568660 58
1508568720 57
1508568780 59
1508568840 63
1508568900 63
1508568960 59
1508569020 57
1508569080 52
1508569140 52
1508569200 52
1508569260 53
1508569320 52
1508569380 53
1508569440 50
1508569500 54
1508569560 53
1508569620 52
1508569680 55
1508569740 58
1508569800 53
1508569860 53
1508569920 57
1508569980 58
1508570040 58
1508570100 55
1508570160 56
1508570220 54
1508570280 56
1508570340 55
1508570400 56
1508570460 55
1508570520 58
1508570580 56
1508570640 55
1508570700 52
1508570760 52
1508570820 51
1508570880 49
1508570940 51
1508571000 50
1508571060 52
1508571120 47
1508571180 47
1508571240 55
1508571300 53
1508571360 58
1508571420 58
1508571480 61
1508571540 56
1508571600 60
1508571660 56
1508571720 57
1508571780 58
1508571840 61
1508571900 62
1508571960 63
1508572020 66
1508572080 66
1508572140 68
1508572200 65
1508572260 63
1508572320 59
1508572380 60
1508572440 62
1508572500 64
1508572560 65
1508572620 65
1508572680 67
1508572740 63
1508572800 66
1508572860 59
1508572920 59
1508572980 60
1508573040 56
1508573100 56
1508573160 64
1508573220 64
1508573280 62
1508573340 64
1508573400 61
1508573460 63
1508573520 62
1508573580 65
1508573640 68
1508573700 64
1508573760 61
1508573820 60
1508573880 57
1508573940 55
1508574000 51
1508574060 52
1508574120 49
1508574180 54
1508574240 56
1508574300 57
1508574360 56
1508574420 57
1508574480 63
1508574540 61
1508574600 57
1508574660 56
1508574720 57
1508574780 54
1508574840 53
1508574900 53
1508574960 54
1508575020 48
1508575080 50
1508575140 48
1508575200 51
1508575260 53
1508575320 54
1508575380 54
1508575440 52
1508575500 50
1508575560 48
1508575620 46
1508575680 45
1508575740 47
1508575800 48
1508575860 48
1508575920 51
1508575980 49
1508576040 45
1508576100 48
1508576160 39
1508576220 40
1508576280 26
1508576340 11
