1510379160 40
1510379220 41
1510379280 53
1510379340 60
1510379400 74
1510379460 80
1510379520 83
1510379580 91
1510379640 101
1510379700 105
1510379760 112
1510379820 123
1510379880 133
1510379940 145
1510380000 92
1510380060 100
1510380120 126
1510380180 140
1510380240 146
1510380300 156
1510380360 153
1510380420 160
1510380480 165
1510380540 168
1510380600 179
1510380660 178
1510380720 179
1510380780 182
1510380840 184
1510380900 192
1510380960 195
1510381020 206
1510381080 215
1510381140 221
1510381200 214
1510381260 225
1510381320 229
1510381380 239
1510381440 238
1510381500 234
1510381560 243
1510381620 244
1510381680 247
1510381740 247
1510381800 227
1510381860 231
1510381920 236
1510381980 233
1510382040 233
1510382100 235
1510382160 232
1510382220 238
1510382280 235
1510382340 232
1510382400 230
1510382460 230
1510382520 243
1510382580 251
1510382640 256
1510382700 261
1510382760 269
1510382820 256
1510382880 265
1510382940 271
1510383000 266
1510383060 263
1510383120 252
1510383180 260
1510383240 251
1510383300 238
1510383360 249
1510383420 250
1510383480 247
1510383540 240
1510383600 238
1510383660 240
1510383720 243
1510383780 246
1510383840 251
1510383900 253
1510383960 260
1510384020 264
1510384080 261
1510384140 252
1510384200 264
1510384260 275
1510384320 274
1510384380 276
1510384440 287
1510384500 281
1510384560 280
1510384620 279
1510384680 289
1510384740 287
1510384800 285
1510384860 283
1510384920 292
1510384980 287
1510385040 294
1510385100 293
1510385160 291
1510385220 286
1510385280 284
1510385340 289
1510385400 288
1510385460 283
1510385520 283
1510385580 284
1510385640 282
1510385700 280
1510385760 271
1510385820 277
1510385880 284
1510385940 284
1510386000 281
1510386060 277
1510386120 280
1510386180 288
1510386240 284
1510386300 287
1510386360 285
1510386420 280
1510386480 272
1510386540 269
1510386600 273
1510386660 271
1510386720 278
1510386780 286
1510386840 284
1510386900 293
1510386960 288
1510387020 283
1510387080 285
1510387140 292
1510387200 293
1510387260 293
1510387320 289
1510387380 293
1510387440 291
1510387500 290
1510387560 290
1510387620 286
1510387680 288
1510387740 288
1510387800 287
1510387860 287
1510387920 285
1510387980 283
1510388040 279
1510388100 274
1510388160 277
1510388220 282
1510388280 288
1510388340 292
1510388400 288
1510388460 291
1510388520 284
1510388580 280
1510388640 277
1510388700 241
1510388760 246
1510388820 244
1510388880 236
1510388940 240
1510389000 238
1510389060 233
1510389120 240
1510389180 239
1510389240 254
1510389300 258
1510389360 264
1510389420 265
1510389480 263
1510389540 270
1510389600 272
1510389660 273
1510389720 270
1510389780 267
1510389840 268
1510389900 269
1510389960 246
1510390020 241
1510390080 222
1510390140 204
1510390200 119
