1507181820 6
1507181880 8
1507181940 9
1507182000 12
1507182060 9
1507182120 6
1507182180 11
1507182240 10
1507182300 9
1507182360 13
1507182420 15
1507182480 14
1507182540 18
1507182600 14
1507182660 14
1507182720 12
1507182780 13
1507182840 13
1507182900 15
1507182960 16
1507183020 12
1507183080 13
1507183140 10
1507183200 12
1507183260 15
1507183320 15
1507183380 16
1507183440 16
1507183500 19
1507183560 17
1507183620 20
1507183680 21
1507183740 18
1507183800 25
1507183860 27
1507183920 22
1507183980 28
1507184040 28
1507184100 30
1507184160 32
1507184220 31
1507184280 27
1507184340 27
1507184400 28
1507184460 28
1507184520 28
1507184580 32
1507184640 28
1507184700 26
1507184760 25
1507184820 28
1507184880 29
1507184940 30
1507185000 31
1507185060 29
1507185120 30
1507185180 34
1507185240 33
1507185300 32
1507185360 34
1507185420 35
1507185480 36
1507185540 36
1507185600 35
1507185660 34
1507185720 36
1507185780 34
1507185840 34
1507185900 35
1507185960 33
1507186020 35
1507186080 36
1507186140 37
1507186200 38
1507186260 40
1507186320 39
1507186380 37
1507186440 42
1507186500 41
1507186560 43
1507186620 47
1507186680 42
1507186740 45
1507186800 43
1507186860 46
1507186920 47
1507186980 48
1507187040 47
1507187100 50
1507187160 48
1507187220 53
1507187280 50
1507187340 50
1507187400 48
1507187460 51
1507187520 53
1507187580 54
1507187640 47
1507187700 54
1507187760 54
1507187820 52
1507187880 51
1507187940 45
1507188000 46
1507188060 44
1507188120 46
1507188180 51
1507188240 54
1507188300 54
1507188360 55
1507188420 57
1507188480 55
1507188540 57
1507188600 52
1507188660 50
1507188720 55
1507188780 53
1507188840 51
1507188900 43
1507188960 42
1507189020 48
1507189080 50
1507189140 46
1507189200 49
1507189260 54
1507189320 50
1507189380 47
1507189440 50
1507189500 49
1507189560 55
1507189620 54
1507189680 50
1507189740 48
1507189800 48
1507189860 50
1507189920 48
1507189980 45
1507190040 47
1507190100 44
1507190160 47
1507190220 52
1507190280 53
1507190340 56
1507190400 60
1507190460 55
1507190520 53
1507190580 49
1507190640 48
1507190700 53
1507190760 49
1507190820 47
1507190880 46
1507190940 52
1507191000 52
1507191060 50
1507191120 49
1507191180 47
1507191240 47
1507191300 50
1507191360 49
1507191420 53
1507191480 48
1507191540 49
1507191600 50
1507191660 48
1507191720 50
1507191780 51
1507191840 52
1507191900 54
1507191960 50
1507192020 49
1507192080 53
1507192140 49
1507192200 53
1507192260 52
1507192320 52
1507192380 56
1507192440 55
1507192500 58
1507192560 62
1507192620 62
1507192680 55
1507192740 56
1507192800 52
1507192860 37
1507192920 11
