1510483020 14
1510483080 15
1510483140 12
1510483200 13
1510483260 17
1510483320 19
1510483380 23
1510483440 32
1510483500 32
1510483560 30
1510483620 34
1510483680 34
1510483740 37
1510483800 41
1510483860 44
1510483920 46
1510483980 44
1510484040 49
1510484100 41
1510484160 47
1510484220 44
1510484280 44
1510484340 49
1510484400 56
1510484460 55
1510484520 56
1510484580 60
1510484640 66
1510484700 73
1510484760 72
1510484820 74
1510484880 80
1510484940 86
1510485000 84
1510485060 85
1510485120 85
1510485180 89
1510485240 93
1510485300 88
1510485360 82
1510485420 87
1510485480 84
1510485540 88
1510485600 91
1510485660 95
1510485720 90
1510485780 88
1510485840 90
1510485900 93
1510485960 95
1510486020 97
1510486080 98
1510486140 94
1510486200 94
1510486260 95
1510486320 98
1510486380 97
1510486440 99
1510486500 107
1510486560 103
1510486620 106
1510486680 105
1510486740 106
1510486800 105
1510486860 105
1510486920 108
1510486980 106
1510487040 110
1510487100 118
1510487160 112
1510487220 117
1510487280 115
1510487340 116
1510487400 106
1510487460 107
1510487520 112
1510487580 109
1510487640 106
1510487700 111
1510487760 117
1510487820 117
1510487880 120
1510487940 120
1510488000 120
1510488060 117
1510488120 117
1510488180 116
1510488240 116
1510488300 116
1510488360 116
1510488420 122
1510488480 122
1510488540 121
1510488600 123
1510488660 118
1510488720 122
1510488780 123
1510488840 120
1510488900 117
1510488960 117
1510489020 121
1510489080 119
1510489140 122
1510489200 126
1510489260 126
1510489320 132
1510489380 126
1510489440 124
1510489500 125
1510489560 134
1510489620 128
1510489680 122
1510489740 131
1510489800 126
1510489860 127
1510489920 132
1510489980 134
1510490040 128
1510490100 132
1510490160 136
1510490220 132
1510490280 128
1510490340 128
1510490400 124
1510490460 122
1510490520 115
1510490580 114
1510490640 121
1510490700 120
1510490760 120
1510490820 119
1510490880 116
1510490940 116
1510491000 115
1510491060 112
1510491120 115
1510491180 120
1510491240 118
1510491300 118
1510491360 117
1510491420 121
1510491480 112
1510491540 123
1510491600 115
1510491660 110
1510491720 108
1510491780 115
1510491840 122
1510491900 119
1510491960 117
1510492020 113
1510492080 113
1510492140 113
1510492200 114
1510492260 119
1510492320 117
1510492380 122
1510492440 124
1510492500 123
1510492560 118
1510492620 115
1510492680 118
1510492740 120
1510492800 118
1510492860 117
1510492920 112
1510492980 112
1510493040 109
1510493100 118
1510493160 118
1510493220 116
1510493280 115
1510493340 111
1510493400 115
1510493460 120
1510493520 116
1510493580 121
1510493640 113
1510493700 115
1510493760 118
1510493820 114
1510493880 117
1510493940 119
1510494000 123
1510494060 125
1510494120 123
1510494180 119
1510494240 115
1510494300 116
1510494360 112
1510494420 105
1510494480 108
1510494540 106
1510494600 106
1510494660 104
1510494720 100
1510494780 106
1510494840 101
1510494900 100
1510494960 103
1510495020 99
1510495080 100
1510495140 107
1510495200 108
1510495260 101
1510495320 99
1510495380 97
1510495440 97
1510495500 99
1510495560 102
1510495620 99
1510495680 99
1510495740 91
1510495800 85
1510495860 90
1510495920 85
1510495980 79
1510496040 33
