1507891260 31
1507891320 26
1507891380 19
1507891440 20
1507891500 28
1507891560 22
1507891620 25
1507891680 27
1507891740 32
1507891800 33
1507891860 32
1507891920 35
1507891980 37
1507892040 38
1507892100 41
1507892160 42
1507892220 35
1507892280 36
1507892340 41
1507892400 42
1507892460 45
1507892520 51
1507892580 50
1507892640 47
1507892700 52
1507892760 53
1507892820 53
1507892880 56
1507892940 59
1507893000 63
1507893060 63
1507893120 63
1507893180 60
1507893240 60
1507893300 65
1507893360 69
1507893420 64
1507893480 68
1507893540 73
1507893600 70
1507893660 75
1507893720 74
1507893780 70
1507893840 72
1507893900 73
1507893960 81
1507894020 76
1507894080 77
1507894140 78
1507894200 85
1507894260 88
1507894320 89
1507894380 89
1507894440 89
1507894500 88
1507894560 87
1507894620 87
1507894680 85
1507894740 79
1507894800 81
1507894860 81
1507894920 87
1507894980 85
1507895040 95
1507895100 86
1507895160 87
1507895220 88
1507895280 89
1507895340 93
1507895400 90
1507895460 94
1507895520 96
1507895580 92
1507895640 92
1507895700 95
1507895760 93
1507895820 100
1507895880 93
1507895940 93
1507896000 101
1507896060 97
1507896120 95
1507896180 96
1507896240 93
1507896300 91
1507896360 96
1507896420 93
1507896480 78
1507896540 78
1507896600 89
1507896660 82
1507896720 86
1507896780 91
1507896840 90
1507896900 91
1507896960 92
1507897020 90
1507897080 90
1507897140 88
1507897200 91
1507897260 87
1507897320 91
1507897380 92
1507897440 92
1507897500 90
1507897560 90
1507897620 96
1507897680 100
1507897740 95
1507897800 97
1507897860 103
1507897920 98
1507897980 94
1507898040 98
1507898100 103
1507898160 103
1507898220 104
1507898280 98
1507898340 95
1507898400 98
1507898460 100
1507898520 91
1507898580 95
1507898640 98
1507898700 98
1507898760 100
1507898820 100
1507898880 100
1507898940 103
1507899000 101
1507899060 103
1507899120 107
1507899180 107
1507899240 109
1507899300 106
1507899360 108
1507899420 105
1507899480 111
1507899540 112
1507899600 109
1507899660 113
1507899720 111
1507899780 108
1507899840 111
1507899900 109
1507899960 107
1507900020 105
1507900080 104
1507900140 102
1507900200 106
1507900260 109
1507900320 108
1507900380 115
1507900440 115
1507900500 116
1507900560 109
1507900620 103
1507900680 98
1507900740 91
1507900800 97
1507900860 96
1507900920 96
1507900980 88
1507901040 93
1507901100 93
1507901160 89
1507901220 89
1507901280 94
1507901340 93
1507901400 95
1507901460 100
1507901520 98
1507901580 89
1507901640 89
1507901700 88
1507901760 94
1507901820 99
1507901880 92
1507901940 88
1507902000 84
1507902060 80
1507902120 83
1507902180 88
1507902240 90
1507902300 84
1507902360 80
1507902420 77
1507902480 52
1507902540 29
