1510465680 28
1510465740 27
1510465800 37
1510465860 36
1510465920 35
1510465980 32
1510466040 33
1510466100 35
1510466160 33
1510466220 40
1510466280 47
1510466340 48
1510466400 48
1510466460 50
1510466520 48
1510466580 53
1510466640 56
1510466700 58
1510466760 59
1510466820 57
1510466880 56
1510466940 57
1510467000 54
1510467060 62
1510467120 58
1510467180 60
1510467240 70
1510467300 70
1510467360 74
1510467420 71
1510467480 78
1510467540 77
1510467600 78
1510467660 80
1510467720 72
1510467780 79
1510467840 75
1510467900 75
1510467960 74
1510468020 76
1510468080 79
1510468140 76
1510468200 80
1510468260 80
1510468320 77
1510468380 80
1510468440 82
1510468500 84
1510468560 79
1510468620 78
1510468680 84
1510468740 82
1510468800 79
1510468860 82
1510468920 83
1510468980 87
1510469040 81
1510469100 79
1510469160 80
1510469220 77
1510469280 79
1510469340 80
1510469400 76
1510469460 80
1510469520 83
1510469580 95
1510469640 96
1510469700 90
1510469760 84
1510469820 87
1510469880 85
1510469940 92
1510470000 93
1510470060 94
1510470120 91
1510470180 88
1510470240 93
1510470300 90
1510470360 86
1510470420 89
1510470480 92
1510470540 92
1510470600 92
1510470660 88
1510470720 91
1510470780 94
1510470840 93
1510470900 90
1510470960 92
1510471020 92
1510471080 88
1510471140 83
1510471200 84
1510471260 83
1510471320 86
1510471380 87
1510471440 94
1510471500 94
1510471560 93
1510471620 91
1510471680 93
1510471740 89
1510471800 89
1510471860 88
1510471920 90
1510471980 91
1510472040 93
1510472100 95
1510472160 95
1510472220 97
1510472280 95
1510472340 91
1510472400 95
1510472460 95
1510472520 93
1510472580 96
1510472640 94
1510472700 93
1510472760 93
1510472820 95
1510472880 97
1510472940 96
1510473000 93
1510473060 90
1510473120 90
1510473180 93
1510473240 93
1510473300 98
1510473360 94
1510473420 96
1510473480 100
1510473540 95
1510473600 99
1510473660 101
1510473720 101
1510473780 105
1510473840 100
1510473900 104
1510473960 99
1510474020 99
1510474080 103
1510474140 102
1510474200 100
1510474260 100
1510474320 107
1510474380 97
1510474440 97
1510474500 93
1510474560 91
1510474620 91
1510474680 89
1510474740 89
1510474800 86
1510474860 87
1510474920 81
1510474980 85
1510475040 83
1510475100 83
1510475160 84
1510475220 87
1510475280 87
1510475340 87
1510475400 85
1510475460 87
1510475520 83
1510475580 81
1510475640 81
1510475700 87
1510475760 87
1510475820 83
1510475880 79
1510475940 79
1510476000 83
1510476060 91
1510476120 90
1510476180 85
1510476240 77
1510476300 73
1510476360 78
1510476420 78
1510476480 81
1510476540 72
1510476600 72
1510476660 76
1510476720 72
1510476780 67
1510476840 68
1510476900 68
1510476960 71
1510477020 68
1510477080 70
1510477140 68
1510477200 71
1510477260 74
1510477320 75
1510477380 73
1510477440 72
1510477500 71
1510477560 73
1510477620 72
1510477680 67
1510477740 64
1510477800 59
1510477860 54
1510477920 45
1510477980 20
