1512211920 17
1512211980 31
1512212040 38
1512212100 49
1512212160 47
1512212220 51
1512212280 61
1512212340 61
1512212400 68
1512212460 69
1512212520 76
1512212580 86
1512212640 86
1512212700 88
1512212760 87
1512212820 91
1512212880 95
1512212940 98
1512213000 109
1512213060 107
1512213120 114
1512213180 121
1512213240 133
1512213300 143
1512213360 150
1512213420 154
1512213480 157
1512213540 149
1512213600 142
1512213660 144
1512213720 152
1512213780 157
1512213840 145
1512213900 149
1512213960 164
1512214020 161
1512214080 163
1512214140 155
1512214200 159
1512214260 162
1512214320 171
1512214380 185
1512214440 189
1512214500 188
1512214560 185
1512214620 189
1512214680 188
1512214740 192
1512214800 194
1512214860 187
1512214920 185
1512214980 181
1512215040 193
1512215100 195
1512215160 196
1512215220 205
1512215280 212
1512215340 206
1512215400 210
1512215460 213
1512215520 217
1512215580 211
1512215640 212
1512215700 213
1512215760 225
1512215820 231
1512215880 226
1512215940 227
1512216000 221
1512216060 227
1512216120 219
1512216180 217
1512216240 214
1512216300 213
1512216360 217
1512216420 218
1512216480 219
1512216540 226
1512216600 229
1512216660 228
1512216720 224
1512216780 224
1512216840 229
1512216900 221
1512216960 206
1512217020 211
1512217080 215
1512217140 213
1512217200 217
1512217260 218
1512217320 216
1512217380 218
1512217440 219
1512217500 220
1512217560 225
1512217620 224
1512217680 231
1512217740 236
1512217800 233
1512217860 231
1512217920 234
1512217980 235
1512218040 241
1512218100 242
1512218160 240
1512218220 250
1512218280 261
1512218340 255
1512218400 241
1512218460 245
1512218520 245
1512218580 234
1512218640 231
1512218700 232
1512218760 234
1512218820 233
1512218880 237
1512218940 209
1512219000 208
1512219060 212
1512219120 210
1512219180 217
1512219240 231
1512219300 230
1512219360 232
1512219420 236
1512219480 236
1512219540 228
1512219600 225
1512219660 225
1512219720 222
1512219780 222
1512219840 227
1512219900 227
1512219960 236
1512220020 239
1512220080 244
1512220140 244
1512220200 248
1512220260 246
1512220320 249
1512220380 247
1512220440 248
1512220500 243
1512220560 250
1512220620 251
1512220680 257
1512220740 259
1512220800 266
1512220860 265
1512220920 264
1512220980 274
1512221040 277
1512221100 270
1512221160 273
1512221220 269
1512221280 272
1512221340 275
1512221400 271
1512221460 273
1512221520 271
1512221580 272
1512221640 268
1512221700 268
1512221760 270
1512221820 273
1512221880 274
1512221940 272
1512222000 272
1512222060 265
1512222120 255
1512222180 253
1512222240 252
1512222300 245
1512222360 244
1512222420 238
1512222480 222
1512222540 220
1512222600 220
1512222660 220
1512222720 219
1512222780 216
1512222840 223
1512222900 222
1512222960 229
1512223020 233
1512223080 232
1512223140 233
1512223200 224
1512223260 228
1512223320 240
1512223380 244
1512223440 239
1512223500 235
1512223560 216
1512223620 200
1512223680 194
1512223740 136
1512223800 64
