1513506840 14
1513506900 24
1513506960 28
1513507020 35
1513507080 34
1513507140 36
1513507200 41
1513507260 44
1513507320 35
1513507380 41
1513507440 46
1513507500 52
1513507560 44
1513507620 49
1513507680 50
1513507740 49
1513507800 53
1513507860 63
1513507920 64
1513507980 71
1513508040 70
1513508100 76
1513508160 80
1513508220 87
1513508280 89
1513508340 98
1513508400 99
1513508460 103
1513508520 97
1513508580 100
1513508640 101
1513508700 112
1513508760 109
1513508820 116
1513508880 106
1513508940 109
1513509000 118
1513509060 116
1513509120 112
1513509180 119
1513509240 115
1513509300 126
1513509360 127
1513509420 129
1513509480 127
1513509540 134
1513509600 139
1513509660 132
1513509720 140
1513509780 144
1513509840 145
1513509900 149
1513509960 166
1513510020 178
1513510080 177
1513510140 183
1513510200 184
1513510260 193
1513510320 198
1513510380 195
1513510440 193
1513510500 201
1513510560 200
1513510620 203
1513510680 212
1513510740 213
1513510800 212
1513510860 209
1513510920 210
1513510980 209
1513511040 210
1513511100 216
1513511160 210
1513511220 207
1513511280 217
1513511340 221
1513511400 225
1513511460 215
1513511520 222
1513511580 232
1513511640 221
1513511700 223
1513511760 228
1513511820 233
1513511880 234
1513511940 236
1513512000 233
1513512060 240
1513512120 241
1513512180 242
1513512240 246
1513512300 242
1513512360 243
1513512420 239
1513512480 234
1513512540 243
1513512600 248
1513512660 244
1513512720 236
1513512780 225
1513512840 218
1513512900 218
1513512960 211
1513513020 216
1513513080 219
1513513140 223
1513513200 231
1513513260 229
1513513320 231
1513513380 238
1513513440 230
1513513500 222
1513513560 229
1513513620 232
1513513680 236
1513513740 241
1513513800 246
1513513860 240
1513513920 249
1513513980 254
1513514040 257
1513514100 247
1513514160 250
1513514220 245
1513514280 240
1513514340 246
1513514400 254
1513514460 242
1513514520 248
1513514580 256
1513514640 251
1513514700 253
1513514760 256
1513514820 246
1513514880 243
1513514940 251
1513515000 252
1513515060 250
1513515120 256
1513515180 255
1513515240 260
1513515300 251
1513515360 255
1513515420 249
1513515480 239
1513515540 240
1513515600 242
1513515660 243
1513515720 242
1513515780 230
1513515840 231
1513515900 209
1513515960 214
1513516020 209
1513516080 199
1513516140 208
1513516200 230
1513516260 220
1513516320 219
1513516380 224
1513516440 225
1513516500 234
1513516560 218
1513516620 208
1513516680 202
1513516740 169
1513516800 89
