1507372320 37
1507372380 41
1507372440 47
1507372500 57
1507372560 61
1507372620 65
1507372680 67
1507372740 75
1507372800 74
1507372860 71
1507372920 82
1507372980 87
1507373040 90
1507373100 106
1507373160 89
1507373220 92
1507373280 100
1507373340 98
1507373400 113
1507373460 118
1507373520 137
1507373580 152
1507373640 157
1507373700 169
1507373760 183
1507373820 199
1507373880 201
1507373940 217
1507374000 240
1507374060 265
1507374120 294
1507374180 319
1507374240 338
1507374300 351
1507374360 350
1507374420 367
1507374480 384
1507374540 384
1507374600 400
1507374660 399
1507374720 414
1507374780 425
1507374840 435
1507374900 445
1507374960 440
1507375020 452
1507375080 451
1507375140 461
1507375200 467
1507375260 464
1507375320 451
1507375380 454
1507375440 455
1507375500 457
1507375560 468
1507375620 477
1507375680 477
1507375740 484
1507375800 460
1507375860 463
1507375920 467
1507375980 458
1507376040 448
1507376100 451
1507376160 450
1507376220 468
1507376280 483
1507376340 482
1507376400 483
1507376460 480
1507376520 490
1507376580 492
1507376640 480
1507376700 493
1507376760 486
1507376820 493
1507376880 491
1507376940 484
1507377000 479
1507377060 479
1507377120 486
1507377180 497
1507377240 494
1507377300 490
1507377360 485
1507377420 481
1507377480 493
1507377540 500
1507377600 503
1507377660 498
1507377720 508
1507377780 516
1507377840 521
1507377900 533
1507377960 536
1507378020 537
1507378080 541
1507378140 546
1507378200 548
1507378260 552
1507378320 543
1507378380 539
1507378440 537
1507378500 537
1507378560 541
1507378620 535
1507378680 545
1507378740 549
1507378800 544
1507378860 549
1507378920 542
1507378980 466
1507379040 478
1507379100 490
1507379160 489
1507379220 490
1507379280 499
1507379340 524
1507379400 521
1507379460 520
1507379520 516
1507379580 517
1507379640 516
1507379700 514
1507379760 508
1507379820 510
1507379880 513
1507379940 512
1507380000 505
1507380060 506
1507380120 517
1507380180 525
1507380240 529
1507380300 517
1507380360 505
1507380420 510
1507380480 510
1507380540 520
1507380600 522
1507380660 527
1507380720 526
1507380780 516
1507380840 520
1507380900 531
1507380960 534
1507381020 546
1507381080 545
1507381140 551
1507381200 550
1507381260 539
1507381320 534
1507381380 532
1507381440 489
1507381500 483
1507381560 473
1507381620 478
1507381680 495
1507381740 493
1507381800 492
1507381860 493
1507381920 480
1507381980 480
1507382040 483
1507382100 494
1507382160 505
1507382220 498
1507382280 445
1507382340 456
1507382400 454
1507382460 453
1507382520 446
1507382580 392
1507382640 401
1507382700 416
1507382760 415
1507382820 425
1507382880 444
1507382940 440
1507383000 437
1507383060 433
1507383120 442
1507383180 444
1507383240 440
1507383300 434
1507383360 428
1507383420 393
1507383480 331
1507383540 265
1507383600 206
1507383660 99
1507383720 84
