1507959600 25
1507959660 17
1507959720 15
1507959780 21
1507959840 19
1507959900 22
1507959960 22
1507960020 27
1507960080 22
1507960140 31
1507960200 33
1507960260 39
1507960320 41
1507960380 41
1507960440 39
1507960500 39
1507960560 42
1507960620 50
1507960680 50
1507960740 49
1507960800 56
1507960860 50
1507960920 56
1507960980 60
1507961040 60
1507961100 69
1507961160 73
1507961220 78
1507961280 80
1507961340 69
1507961400 69
1507961460 77
1507961520 80
1507961580 79
1507961640 82
1507961700 86
1507961760 77
1507961820 79
1507961880 86
1507961940 86
1507962000 86
1507962060 83
1507962120 84
1507962180 85
1507962240 86
1507962300 88
1507962360 95
1507962420 92
1507962480 91
1507962540 90
1507962600 94
1507962660 93
1507962720 87
1507962780 83
1507962840 85
1507962900 83
1507962960 80
1507963020 80
1507963080 80
1507963140 76
1507963200 77
1507963260 78
1507963320 77
1507963380 73
1507963440 73
1507963500 76
1507963560 59
1507963620 19
1507963680 18
1507963740 16
1507963800 21
1507963860 14
1507963920 12
1507963980 25
1507964040 13
1507964100 15
1507964160 17
1507964220 27
1507964280 32
1507964340 30
1507964400 35
1507964460 34
1507964520 42
1507964580 40
1507964640 41
1507964700 46
1507964760 49
1507964820 50
1507964880 49
1507964940 54
1507965000 51
1507965060 51
1507965120 54
1507965180 47
1507965240 29
1507965300 40
1507965360 51
1507965420 47
1507965480 52
1507965540 49
1507965600 52
1507965660 47
1507965720 50
1507965780 48
1507965840 47
1507965900 51
1507965960 54
1507966020 59
1507966080 64
1507966140 64
1507966200 61
1507966260 65
1507966320 62
1507966380 59
1507966440 65
1507966500 66
1507966560 72
1507966620 67
1507966680 67
1507966740 64
1507966800 66
1507966860 67
1507966920 61
1507966980 63
1507967040 56
1507967100 56
1507967160 64
1507967220 65
1507967280 65
1507967340 68
1507967400 65
1507967460 62
1507967520 62
1507967580 60
1507967640 67
1507967700 66
1507967760 62
1507967820 64
1507967880 72
1507967940 69
1507968000 67
1507968060 67
1507968120 63
1507968180 65
1507968240 64
1507968300 73
1507968360 78
1507968420 71
1507968480 69
1507968540 67
1507968600 71
1507968660 71
1507968720 65
1507968780 68
1507968840 65
1507968900 69
1507968960 69
1507969020 69
1507969080 67
1507969140 67
1507969200 67
1507969260 67
1507969320 69
1507969380 72
1507969440 67
1507969500 66
1507969560 70
1507969620 65
1507969680 70
1507969740 71
1507969800 73
1507969860 63
1507969920 63
1507969980 67
1507970040 70
1507970100 70
1507970160 69
1507970220 68
1507970280 67
1507970340 71
1507970400 69
1507970460 65
1507970520 66
1507970580 62
1507970640 69
1507970700 65
1507970760 64
1507970820 58
1507970880 55
1507970940 58
1507971000 57
1507971060 56
1507971120 59
1507971180 57
1507971240 54
1507971300 58
1507971360 56
1507971420 54
1507971480 58
1507971540 61
1507971600 59
1507971660 65
1507971720 64
1507971780 64
1507971840 65
1507971900 63
1507971960 56
1507972020 55
1507972080 53
1507972140 34
