1509256380 55
1509256440 54
1509256500 49
1509256560 53
1509256620 64
1509256680 71
1509256740 73
1509256800 82
1509256860 84
1509256920 78
1509256980 78
1509257040 90
1509257100 90
1509257160 95
1509257220 98
1509257280 97
1509257340 106
1509257400 106
1509257460 109
1509257520 112
1509257580 118
1509257640 119
1509257700 121
1509257760 126
1509257820 117
1509257880 124
1509257940 126
1509258000 134
1509258060 128
1509258120 138
1509258180 136
1509258240 139
1509258300 139
1509258360 140
1509258420 142
1509258480 155
1509258540 160
1509258600 171
1509258660 167
1509258720 171
1509258780 174
1509258840 188
1509258900 182
1509258960 184
1509259020 186
1509259080 177
1509259140 180
1509259200 185
1509259260 187
1509259320 185
1509259380 184
1509259440 186
1509259500 195
1509259560 198
1509259620 194
1509259680 196
1509259740 193
1509259800 191
1509259860 190
1509259920 177
1509259980 170
1509260040 178
1509260100 194
1509260160 199
1509260220 183
1509260280 175
1509260340 178
1509260400 188
1509260460 195
1509260520 197
1509260580 198
1509260640 201
1509260700 207
1509260760 211
1509260820 209
1509260880 201
1509260940 196
1509261000 202
1509261060 202
1509261120 201
1509261180 200
1509261240 198
1509261300 201
1509261360 198
1509261420 200
1509261480 196
1509261540 197
1509261600 196
1509261660 201
1509261720 218
1509261780 224
1509261840 219
1509261900 214
1509261960 213
1509262020 207
1509262080 213
1509262140 205
1509262200 206
1509262260 202
1509262320 195
1509262380 191
1509262440 189
1509262500 178
1509262560 179
1509262620 178
1509262680 175
1509262740 179
1509262800 179
1509262860 180
1509262920 178
1509262980 177
1509263040 175
1509263100 175
1509263160 173
1509263220 177
1509263280 178
1509263340 181
1509263400 177
1509263460 169
1509263520 169
1509263580 170
1509263640 172
1509263700 170
1509263760 170
1509263820 162
1509263880 170
1509263940 171
1509264000 169
1509264060 168
1509264120 169
1509264180 164
1509264240 171
1509264300 170
1509264360 168
1509264420 172
1509264480 174
1509264540 168
1509264600 173
1509264660 175
1509264720 176
1509264780 180
1509264840 177
1509264900 177
1509264960 178
1509265020 186
1509265080 186
1509265140 182
1509265200 179
1509265260 174
1509265320 170
1509265380 174
1509265440 177
1509265500 181
1509265560 180
1509265620 166
1509265680 176
1509265740 179
1509265800 183
1509265860 180
1509265920 174
1509265980 170
1509266040 168
1509266100 167
1509266160 168
1509266220 164
1509266280 162
1509266340 160
1509266400 164
1509266460 162
1509266520 159
1509266580 152
1509266640 161
1509266700 162
1509266760 161
1509266820 157
1509266880 164
1509266940 169
1509267000 169
1509267060 162
1509267120 168
1509267180 160
1509267240 161
1509267300 150
1509267360 150
1509267420 152
1509267480 149
1509267540 149
1509267600 150
1509267660 150
1509267720 154
1509267780 154
1509267840 160
1509267900 160
1509267960 164
1509268020 156
1509268080 153
1509268140 150
1509268200 148
1509268260 146
1509268320 150
1509268380 146
1509268440 142
1509268500 146
1509268560 148
1509268620 154
1509268680 162
1509268740 159
1509268800 162
1509268860 166
1509268920 156
1509268980 160
1509269040 156
1509269100 159
1509269160 149
1509269220 148
1509269280 147
1509269340 143
1509269400 145
1509269460 156
1509269520 152
1509269580 156
1509269640 151
1509269700 157
1509269760 147
1509269820 138
1509269880 112
