1507100760 20
1507100820 16
1507100880 24
1507100940 22
1507101000 19
1507101060 17
1507101120 23
1507101180 24
1507101240 26
1507101300 29
1507101360 29
1507101420 31
1507101480 31
1507101540 28
1507101600 31
1507101660 35
1507101720 29
1507101780 31
1507101840 29
1507101900 30
1507101960 28
1507102020 28
1507102080 31
1507102140 39
1507102200 38
1507102260 37
1507102320 42
1507102380 46
1507102440 47
1507102500 44
1507102560 49
1507102620 50
1507102680 51
1507102740 50
1507102800 48
1507102860 44
1507102920 46
1507102980 50
1507103040 45
1507103100 45
1507103160 47
1507103220 41
1507103280 41
1507103340 39
1507103400 45
1507103460 46
1507103520 50
1507103580 53
1507103640 52
1507103700 52
1507103760 52
1507103820 47
1507103880 49
1507103940 45
1507104000 47
1507104060 27
