1511953620 23
1511953680 32
1511953740 24
1511953800 30
1511953860 34
1511953920 32
1511953980 31
1511954040 46
1511954100 42
1511954160 35
1511954220 39
1511954280 45
1511954340 47
1511954400 41
1511954460 35
1511954520 36
1511954580 35
1511954640 36
1511954700 42
1511954760 37
1511954820 32
1511954880 41
1511954940 41
1511955000 44
1511955060 52
1511955120 51
1511955180 54
1511955240 64
1511955300 67
1511955360 72
1511955420 75
1511955480 69
1511955540 68
1511955600 64
1511955660 65
1511955720 73
1511955780 76
1511955840 82
1511955900 77
1511955960 70
1511956020 71
1511956080 68
1511956140 60
1511956200 60
1511956260 55
1511956320 51
1511956380 47
1511956440 50
1511956500 48
1511956560 45
1511956620 48
1511956680 41
1511956740 45
1511956800 42
1511956860 40
1511956920 37
1511956980 41
1511957040 38
1511957100 33
1511957160 41
1511957220 44
1511957280 43
1511957340 43
1511957400 42
1511957460 47
1511957520 41
1511957580 47
1511957640 53
1511957700 53
1511957760 49
1511957820 44
1511957880 43
1511957940 40
1511958000 48
1511958060 48
1511958120 45
1511958180 47
1511958240 48
1511958300 42
1511958360 43
1511958420 51
1511958480 50
1511958540 53
1511958600 53
1511958660 53
1511958720 47
1511958780 46
1511958840 39
1511958900 43
1511958960 36
1511959020 18
1511959080 44
1511959140 41
1511959200 43
1511959260 17
1511959320 16
1511959380 35
1511959440 39
1511959500 40
1511959560 40
1511959620 41
1511959680 44
1511959740 41
1511959800 37
1511959860 37
1511959920 44
1511959980 41
1511960040 39
1511960100 36
1511960160 40
1511960220 39
1511960280 38
1511960340 36
1511960400 34
1511960460 42
1511960520 41
1511960580 44
1511960640 44
1511960700 43
1511960760 37
1511960820 36
1511960880 36
1511960940 42
1511961000 41
1511961060 42
1511961120 41
1511961180 38
1511961240 38
1511961300 39
1511961360 38
1511961420 36
1511961480 35
1511961540 36
1511961600 39
1511961660 38
1511961720 42
1511961780 41
1511961840 37
1511961900 38
1511961960 35
1511962020 38
1511962080 41
1511962140 41
1511962200 39
1511962260 40
1511962320 38
1511962380 39
1511962440 42
1511962500 44
1511962560 40
1511962620 43
1511962680 47
1511962740 37
1511962800 40
1511962860 40
1511962920 37
1511962980 32
1511963040 37
1511963100 40
1511963160 35
1511963220 35
1511963280 31
1511963340 32
1511963400 27
1511963460 26
1511963520 30
1511963580 27
1511963640 29
1511963700 36
1511963760 36
1511963820 34
1511963880 35
1511963940 34
1511964000 41
1511964060 36
1511964120 33
1511964180 28
1511964240 26
1511964300 26
1511964360 27
1511964420 23
1511964480 10
