1511693460 17
1511693520 23
1511693580 30
1511693640 42
1511693700 51
1511693760 59
1511693820 67
1511693880 70
1511693940 67
1511694000 84
1511694060 90
1511694120 89
1511694180 93
1511694240 95
1511694300 106
1511694360 110
1511694420 108
1511694480 116
1511694540 123
1511694600 128
1511694660 122
1511694720 135
1511694780 150
1511694840 155
1511694900 139
1511694960 144
1511695020 147
1511695080 161
1511695140 165
1511695200 163
1511695260 178
1511695320 181
1511695380 175
1511695440 149
1511695500 159
1511695560 164
1511695620 158
1511695680 173
1511695740 175
1511695800 175
1511695860 173
1511695920 169
1511695980 180
1511696040 174
1511696100 174
1511696160 178
1511696220 176
1511696280 188
1511696340 193
1511696400 201
1511696460 213
1511696520 209
1511696580 211
1511696640 214
1511696700 220
1511696760 214
1511696820 206
1511696880 211
1511696940 206
1511697000 201
1511697060 205
1511697120 202
1511697180 210
1511697240 210
1511697300 210
1511697360 212
1511697420 214
1511697480 211
1511697540 210
1511697600 219
1511697660 228
1511697720 221
1511697780 219
1511697840 230
1511697900 229
1511697960 224
1511698020 231
1511698080 239
1511698140 233
1511698200 231
1511698260 242
1511698320 242
1511698380 247
1511698440 236
1511698500 231
1511698560 243
1511698620 249
1511698680 257
1511698740 256
1511698800 265
1511698860 260
1511698920 271
1511698980 267
1511699040 268
1511699100 266
1511699160 268
1511699220 265
1511699280 267
1511699340 263
1511699400 268
1511699460 263
1511699520 267
1511699580 266
1511699640 266
1511699700 268
1511699760 259
1511699820 259
1511699880 265
1511699940 259
1511700000 251
1511700060 250
1511700120 244
1511700180 219
1511700240 188
1511700300 189
1511700360 198
1511700420 211
1511700480 216
1511700540 228
1511700600 219
1511700660 227
1511700720 235
1511700780 225
1511700840 231
1511700900 234
1511700960 233
1511701020 227
1511701080 238
1511701140 248
1511701200 251
1511701260 255
1511701320 251
1511701380 259
1511701440 237
1511701500 227
1511701560 215
1511701620 192
1511701680 193
1511701740 196
1511701800 193
1511701860 187
1511701920 193
1511701980 179
1511702040 175
1511702100 186
1511702160 188
1511702220 188
1511702280 188
1511702340 189
1511702400 201
1511702460 204
1511702520 190
1511702580 190
1511702640 195
1511702700 192
1511702760 190
1511702820 190
1511702880 191
1511702940 196
1511703000 202
1511703060 201
1511703120 201
1511703180 191
1511703240 195
1511703300 183
1511703360 171
1511703420 151
1511703480 107
1511703540 41
1511703600 43
