1509275640 58
1509275700 59
1509275760 64
1509275820 73
1509275880 59
1509275940 59
1509276000 62
1509276060 70
1509276120 78
1509276180 78
1509276240 75
1509276300 76
1509276360 76
1509276420 91
1509276480 96
1509276540 93
1509276600 94
1509276660 87
1509276720 91
1509276780 87
1509276840 88
1509276900 95
1509276960 105
1509277020 113
1509277080 116
1509277140 118
1509277200 114
1509277260 121
1509277320 108
1509277380 113
1509277440 123
1509277500 129
1509277560 130
1509277620 128
1509277680 127
1509277740 137
1509277800 145
1509277860 136
1509277920 131
1509277980 134
1509278040 125
1509278100 123
1509278160 129
1509278220 129
1509278280 129
1509278340 124
1509278400 127
1509278460 132
1509278520 128
1509278580 133
1509278640 134
1509278700 129
1509278760 123
1509278820 124
1509278880 120
1509278940 125
1509279000 129
1509279060 125
1509279120 122
1509279180 129
1509279240 126
1509279300 127
1509279360 131
1509279420 129
1509279480 124
1509279540 118
1509279600 124
1509279660 119
1509279720 124
1509279780 130
1509279840 137
1509279900 130
1509279960 128
1509280020 132
1509280080 107
1509280140 27
1509280200 19
