1512279240 24
1512279300 25
1512279360 25
1512279420 24
1512279480 21
1512279540 23
1512279600 27
1512279660 29
1512279720 35
1512279780 30
1512279840 34
1512279900 37
1512279960 32
1512280020 27
1512280080 28
1512280140 32
1512280200 32
1512280260 30
1512280320 32
1512280380 28
1512280440 31
1512280500 24
1512280560 30
1512280620 29
1512280680 35
1512280740 42
1512280800 36
1512280860 40
1512280920 44
1512280980 46
1512281040 43
1512281100 43
1512281160 45
1512281220 59
1512281280 59
1512281340 56
1512281400 52
1512281460 52
1512281520 49
1512281580 55
1512281640 53
1512281700 58
1512281760 59
1512281820 59
1512281880 67
1512281940 63
1512282000 69
1512282060 61
1512282120 62
1512282180 62
1512282240 60
1512282300 55
1512282360 58
1512282420 59
1512282480 58
1512282540 62
1512282600 63
1512282660 73
1512282720 66
1512282780 65
1512282840 61
1512282900 55
1512282960 57
1512283020 55
1512283080 58
1512283140 58
1512283200 62
1512283260 56
1512283320 60
1512283380 57
1512283440 59
1512283500 59
1512283560 58
1512283620 63
1512283680 57
1512283740 64
1512283800 54
1512283860 53
1512283920 56
1512283980 57
1512284040 52
1512284100 47
1512284160 52
1512284220 53
1512284280 53
1512284340 57
1512284400 55
1512284460 53
1512284520 54
1512284580 56
1512284640 59
1512284700 58
1512284760 56
1512284820 55
1512284880 58
1512284940 58
1512285000 57
1512285060 62
1512285120 59
1512285180 63
1512285240 68
1512285300 67
1512285360 68
1512285420 67
1512285480 69
1512285540 69
1512285600 70
1512285660 70
1512285720 70
1512285780 69
1512285840 70
1512285900 68
1512285960 71
1512286020 66
1512286080 68
1512286140 67
1512286200 69
1512286260 70
1512286320 69
1512286380 71
1512286440 65
1512286500 67
1512286560 70
1512286620 72
1512286680 68
1512286740 67
1512286800 69
1512286860 72
1512286920 74
1512286980 72
1512287040 66
1512287100 68
1512287160 72
1512287220 74
1512287280 76
1512287340 77
1512287400 87
1512287460 85
1512287520 83
1512287580 82
1512287640 80
1512287700 84
1512287760 86
1512287820 83
1512287880 79
1512287940 78
1512288000 76
1512288060 71
1512288120 77
1512288180 76
1512288240 80
1512288300 80
1512288360 76
1512288420 75
1512288480 74
1512288540 68
1512288600 72
1512288660 70
1512288720 70
1512288780 69
1512288840 71
1512288900 71
1512288960 73
1512289020 68
1512289080 72
1512289140 71
1512289200 72
1512289260 73
1512289320 75
1512289380 74
1512289440 76
1512289500 79
1512289560 78
1512289620 76
1512289680 78
1512289740 78
1512289800 86
1512289860 85
1512289920 87
1512289980 85
1512290040 86
1512290100 83
1512290160 71
1512290220 70
1512290280 51
1512290340 23
