1510459440 15
1510459500 14
1510459560 10
1510459620 6
1510459680 12
1510459740 16
1510459800 9
1510459860 6
1510459920 9
1510459980 10
1510460040 11
1510460100 15
1510460160 16
1510460220 17
1510460280 18
1510460340 21
1510460400 23
1510460460 22
1510460520 23
1510460580 26
1510460640 29
1510460700 33
1510460760 32
1510460820 32
1510460880 29
1510460940 28
1510461000 31
1510461060 21
1510461120 22
1510461180 22
1510461240 20
1510461300 22
1510461360 24
1510461420 22
1510461480 23
1510461540 25
1510461600 23
1510461660 24
1510461720 25
1510461780 25
1510461840 21
1510461900 21
1510461960 22
1510462020 21
1510462080 21
1510462140 23
1510462200 24
1510462260 24
1510462320 23
1510462380 24
1510462440 21
1510462500 25
1510462560 28
1510462620 30
1510462680 26
1510462740 28
1510462800 32
1510462860 33
1510462920 30
1510462980 33
1510463040 29
1510463100 33
1510463160 32
1510463220 30
1510463280 29
1510463340 27
1510463400 25
1510463460 26
1510463520 30
1510463580 27
1510463640 30
1510463700 33
1510463760 26
1510463820 26
1510463880 23
1510463940 16
1510464000 7
