1508063820 13
1508063880 23
1508063940 24
1508064000 25
1508064060 24
1508064120 22
1508064180 23
1508064240 24
1508064300 24
1508064360 31
1508064420 32
1508064480 32
1508064540 37
1508064600 36
1508064660 36
1508064720 35
1508064780 36
1508064840 33
1508064900 41
1508064960 43
1508065020 42
1508065080 45
1508065140 48
1508065200 50
1508065260 52
1508065320 55
1508065380 53
1508065440 57
1508065500 56
1508065560 60
1508065620 65
1508065680 74
1508065740 69
1508065800 74
1508065860 67
1508065920 66
1508065980 64
1508066040 65
1508066100 67
1508066160 70
1508066220 70
1508066280 69
1508066340 74
1508066400 74
1508066460 82
1508066520 84
1508066580 84
1508066640 88
1508066700 88
1508066760 81
1508066820 81
1508066880 79
1508066940 80
1508067000 82
1508067060 89
1508067120 84
1508067180 83
1508067240 88
1508067300 82
1508067360 82
1508067420 88
1508067480 88
1508067540 89
1508067600 92
1508067660 91
1508067720 95
1508067780 103
1508067840 94
1508067900 98
1508067960 102
1508068020 108
1508068080 97
1508068140 99
1508068200 101
1508068260 103
1508068320 108
1508068380 104
1508068440 107
1508068500 102
1508068560 108
1508068620 104
1508068680 108
1508068740 96
1508068800 98
1508068860 96
1508068920 90
1508068980 92
1508069040 87
1508069100 88
1508069160 90
1508069220 94
1508069280 95
1508069340 101
1508069400 100
1508069460 112
1508069520 106
1508069580 103
1508069640 103
1508069700 101
1508069760 98
1508069820 105
1508069880 106
1508069940 101
1508070000 105
1508070060 100
1508070120 95
1508070180 98
1508070240 97
1508070300 98
1508070360 105
1508070420 106
1508070480 107
1508070540 99
1508070600 96
1508070660 98
1508070720 100
1508070780 103
1508070840 100
1508070900 99
1508070960 104
1508071020 108
1508071080 104
1508071140 101
1508071200 96
1508071260 99
1508071320 86
1508071380 87
1508071440 86
1508071500 84
1508071560 89
1508071620 93
1508071680 92
1508071740 88
1508071800 90
1508071860 93
1508071920 99
1508071980 98
1508072040 99
1508072100 107
1508072160 101
1508072220 108
1508072280 105
1508072340 110
1508072400 109
1508072460 113
1508072520 111
1508072580 110
1508072640 113
1508072700 116
1508072760 113
1508072820 109
1508072880 112
1508072940 112
1508073000 110
1508073060 108
1508073120 109
1508073180 112
1508073240 104
1508073300 107
1508073360 104
1508073420 98
1508073480 96
1508073540 99
1508073600 97
1508073660 94
1508073720 97
1508073780 98
1508073840 101
1508073900 96
1508073960 100
1508074020 98
1508074080 94
1508074140 95
1508074200 97
1508074260 97
1508074320 95
1508074380 100
1508074440 97
1508074500 97
1508074560 91
1508074620 92
1508074680 92
1508074740 93
1508074800 96
1508074860 98
1508074920 99
1508074980 98
1508075040 106
1508075100 106
1508075160 104
1508075220 100
1508075280 99
1508075340 94
1508075400 72
1508075460 26
