1513934100 2
1513934160 2
1513934220 2
1513934280 4
1513934340 5
1513934400 2
1513934460 3
1513934520 5
1513934580 7
1513934640 8
1513934700 9
1513934760 15
1513934820 18
1513934880 22
1513934940 23
1513935000 25
1513935060 22
1513935120 22
1513935180 19
1513935240 25
1513935300 24
1513935360 28
1513935420 32
1513935480 32
1513935540 33
1513935600 32
1513935660 32
1513935720 31
1513935780 31
1513935840 35
1513935900 31
1513935960 37
1513936020 30
1513936080 32
1513936140 39
1513936200 36
1513936260 33
1513936320 37
1513936380 35
1513936440 41
1513936500 44
1513936560 42
1513936620 40
1513936680 40
1513936740 40
1513936800 45
1513936860 43
1513936920 38
1513936980 37
1513937040 36
1513937100 34
1513937160 40
1513937220 37
1513937280 38
1513937340 45
1513937400 47
1513937460 48
1513937520 43
1513937580 41
1513937640 41
1513937700 43
1513937760 43
1513937820 44
1513937880 45
1513937940 47
1513938000 44
1513938060 45
1513938120 46
1513938180 49
1513938240 45
1513938300 47
1513938360 46
1513938420 48
1513938480 50
1513938540 52
1513938600 49
1513938660 47
1513938720 43
1513938780 41
1513938840 43
1513938900 45
1513938960 37
1513939020 32
1513939080 30
1513939140 26
1513939200 28
1513939260 25
1513939320 25
1513939380 27
1513939440 26
1513939500 23
1513939560 24
1513939620 22
1513939680 21
1513939740 25
1513939800 21
1513939860 20
1513939920 17
1513939980 19
1513940040 21
1513940100 18
1513940160 23
1513940220 23
1513940280 20
1513940340 26
1513940400 25
1513940460 7
