1510305780 11
1510305840 13
1510305900 14
1510305960 11
1510306020 15
1510306080 16
1510306140 15
1510306200 16
1510306260 24
1510306320 17
1510306380 23
1510306440 27
1510306500 24
1510306560 26
1510306620 26
1510306680 27
1510306740 29
1510306800 24
1510306860 23
1510306920 25
1510306980 25
1510307040 24
1510307100 23
1510307160 24
1510307220 20
1510307280 25
1510307340 18
1510307400 21
1510307460 20
1510307520 25
1510307580 28
1510307640 29
1510307700 28
1510307760 30
1510307820 29
1510307880 17
1510307940 16
1510308000 28
1510308060 25
1510308120 30
1510308180 32
1510308240 29
1510308300 29
1510308360 33
1510308420 32
1510308480 35
1510308540 38
1510308600 38
1510308660 39
1510308720 37
1510308780 39
1510308840 38
1510308900 37
1510308960 40
1510309020 38
1510309080 36
1510309140 39
1510309200 38
1510309260 46
1510309320 47
1510309380 44
1510309440 44
1510309500 39
1510309560 37
1510309620 37
1510309680 39
1510309740 41
1510309800 40
1510309860 43
1510309920 40
1510309980 39
1510310040 37
1510310100 37
1510310160 33
1510310220 28
1510310280 21
1510310340 22
1510310400 23
1510310460 28
1510310520 16
