1508582760 30
1508582820 32
1508582880 32
1508582940 30
1508583000 36
1508583060 44
1508583120 47
1508583180 53
1508583240 61
1508583300 61
1508583360 66
1508583420 64
1508583480 71
1508583540 77
1508583600 76
1508583660 90
1508583720 98
1508583780 96
1508583840 109
1508583900 121
1508583960 130
1508584020 143
1508584080 152
1508584140 156
1508584200 152
1508584260 161
1508584320 159
1508584380 159
1508584440 158
1508584500 160
1508584560 161
1508584620 164
1508584680 178
1508584740 185
1508584800 183
1508584860 186
1508584920 194
1508584980 207
1508585040 208
1508585100 210
1508585160 205
1508585220 205
1508585280 208
1508585340 204
1508585400 213
1508585460 214
1508585520 224
1508585580 213
1508585640 220
1508585700 222
1508585760 147
1508585820 38
1508585880 27
