1509873720 21
1509873780 21
1509873840 21
1509873900 19
1509873960 20
1509874020 21
1509874080 22
1509874140 18
1509874200 22
1509874260 26
1509874320 21
1509874380 23
1509874440 24
1509874500 23
1509874560 25
1509874620 22
1509874680 23
1509874740 25
1509874800 25
1509874860 29
1509874920 30
1509874980 30
1509875040 32
1509875100 29
1509875160 30
1509875220 29
1509875280 30
1509875340 31
1509875400 34
1509875460 32
1509875520 33
1509875580 35
1509875640 33
1509875700 36
1509875760 43
1509875820 41
1509875880 38
1509875940 34
1509876000 33
1509876060 32
1509876120 30
1509876180 29
1509876240 27
1509876300 29
1509876360 29
1509876420 29
1509876480 24
1509876540 24
1509876600 24
1509876660 6
1509876720 6
1509876780 5
1509876840 6
1509876900 24
1509876960 22
1509877020 22
1509877080 21
1509877140 24
1509877200 24
1509877260 14
1509877320 4
1509877380 1
