1507280940 10
1507281000 12
1507281060 12
1507281120 14
1507281180 18
1507281240 16
1507281300 17
1507281360 21
1507281420 20
1507281480 25
1507281540 17
1507281600 21
1507281660 18
1507281720 17
1507281780 18
1507281840 22
1507281900 23
1507281960 22
1507282020 23
1507282080 22
1507282140 21
1507282200 20
1507282260 22
1507282320 23
1507282380 20
1507282440 22
1507282500 23
1507282560 24
1507282620 23
1507282680 22
1507282740 21
1507282800 24
1507282860 21
1507282920 22
1507282980 26
1507283040 27
1507283100 28
1507283160 29
1507283220 26
1507283280 25
1507283340 25
1507283400 24
1507283460 31
1507283520 25
1507283580 28
1507283640 25
1507283700 21
1507283760 22
1507283820 25
1507283880 24
1507283940 27
1507284000 29
1507284060 30
1507284120 29
1507284180 28
1507284240 17
1507284300 8
1507284360 3
