1509860340 43
1509860400 42
1509860460 30
1509860520 34
1509860580 43
1509860640 41
1509860700 40
1509860760 36
1509860820 40
1509860880 39
1509860940 40
1509861000 44
1509861060 40
1509861120 45
1509861180 46
1509861240 44
1509861300 44
1509861360 42
1509861420 44
1509861480 49
1509861540 53
1509861600 49
1509861660 58
1509861720 67
1509861780 68
1509861840 67
1509861900 72
1509861960 75
1509862020 76
1509862080 73
1509862140 73
1509862200 77
1509862260 85
1509862320 80
1509862380 86
1509862440 89
1509862500 91
1509862560 88
1509862620 88
1509862680 82
1509862740 82
1509862800 84
1509862860 91
1509862920 90
1509862980 83
1509863040 85
1509863100 94
1509863160 96
1509863220 98
1509863280 92
1509863340 89
1509863400 85
1509863460 85
1509863520 81
1509863580 79
1509863640 78
1509863700 84
1509863760 82
1509863820 81
1509863880 89
1509863940 89
1509864000 90
1509864060 87
1509864120 83
1509864180 85
1509864240 85
1509864300 85
1509864360 84
1509864420 87
1509864480 85
1509864540 84
1509864600 84
1509864660 89
1509864720 91
1509864780 94
1509864840 90
1509864900 94
1509864960 91
1509865020 91
1509865080 90
1509865140 86
1509865200 86
1509865260 86
1509865320 84
1509865380 86
1509865440 91
1509865500 95
1509865560 98
1509865620 104
1509865680 102
1509865740 100
1509865800 94
1509865860 96
1509865920 94
1509865980 87
1509866040 91
1509866100 89
1509866160 96
1509866220 95
1509866280 93
1509866340 88
1509866400 84
1509866460 86
1509866520 87
1509866580 89
1509866640 91
1509866700 90
1509866760 93
1509866820 96
1509866880 93
1509866940 91
1509867000 91
1509867060 92
1509867120 96
1509867180 96
1509867240 87
1509867300 88
1509867360 89
1509867420 86
1509867480 86
1509867540 86
1509867600 90
1509867660 85
1509867720 89
1509867780 85
1509867840 85
1509867900 84
1509867960 79
1509868020 83
1509868080 92
1509868140 90
1509868200 86
1509868260 87
1509868320 90
1509868380 89
1509868440 86
1509868500 83
1509868560 85
1509868620 88
1509868680 91
1509868740 92
1509868800 93
1509868860 100
1509868920 100
1509868980 97
1509869040 98
1509869100 99
1509869160 92
1509869220 93
1509869280 92
1509869340 92
1509869400 94
1509869460 96
1509869520 97
1509869580 95
1509869640 94
1509869700 97
1509869760 96
1509869820 96
1509869880 93
1509869940 101
1509870000 99
1509870060 101
1509870120 99
1509870180 96
1509870240 100
1509870300 100
1509870360 98
1509870420 105
1509870480 101
1509870540 103
1509870600 103
1509870660 99
1509870720 92
1509870780 93
1509870840 94
1509870900 96
1509870960 103
1509871020 106
1509871080 99
1509871140 95
1509871200 99
1509871260 98
1509871320 97
1509871380 89
1509871440 89
1509871500 80
1509871560 75
1509871620 82
1509871680 79
1509871740 78
1509871800 81
1509871860 78
1509871920 80
1509871980 78
1509872040 82
1509872100 87
1509872160 86
1509872220 89
1509872280 86
1509872340 89
1509872400 89
1509872460 87
1509872520 85
1509872580 85
1509872640 84
1509872700 80
1509872760 84
1509872820 81
1509872880 81
1509872940 74
1509873000 82
1509873060 68
1509873120 66
1509873180 37
