1509773460 38
1509773520 47
1509773580 43
1509773640 40
1509773700 47
1509773760 46
1509773820 51
1509773880 47
1509773940 43
1509774000 46
1509774060 56
1509774120 54
1509774180 49
1509774240 48
1509774300 49
1509774360 50
1509774420 51
1509774480 48
1509774540 54
1509774600 57
1509774660 54
1509774720 57
1509774780 59
1509774840 66
1509774900 58
1509774960 50
1509775020 48
1509775080 52
1509775140 51
1509775200 52
1509775260 55
1509775320 53
1509775380 61
1509775440 64
1509775500 63
1509775560 61
1509775620 59
1509775680 62
1509775740 67
1509775800 69
1509775860 67
1509775920 70
1509775980 74
1509776040 81
1509776100 84
1509776160 88
1509776220 89
1509776280 86
1509776340 82
1509776400 84
1509776460 79
1509776520 77
1509776580 80
1509776640 81
1509776700 76
1509776760 75
1509776820 77
1509776880 72
1509776940 73
1509777000 72
1509777060 70
1509777120 68
1509777180 68
1509777240 75
1509777300 78
1509777360 77
1509777420 81
1509777480 75
1509777540 79
1509777600 79
1509777660 84
1509777720 83
1509777780 78
1509777840 81
1509777900 79
1509777960 83
1509778020 86
1509778080 78
1509778140 80
1509778200 84
1509778260 80
1509778320 77
1509778380 73
1509778440 76
1509778500 80
1509778560 79
1509778620 82
1509778680 83
1509778740 80
1509778800 79
1509778860 80
1509778920 77
1509778980 78
1509779040 78
1509779100 78
1509779160 77
1509779220 75
1509779280 73
1509779340 71
1509779400 70
1509779460 70
1509779520 70
1509779580 75
1509779640 75
1509779700 75
1509779760 77
1509779820 81
1509779880 78
1509779940 80
1509780000 82
1509780060 86
1509780120 78
1509780180 83
1509780240 76
1509780300 75
1509780360 75
1509780420 76
1509780480 82
1509780540 83
1509780600 82
1509780660 88
1509780720 91
1509780780 97
1509780840 101
1509780900 105
1509780960 100
1509781020 99
1509781080 99
1509781140 98
1509781200 95
1509781260 93
1509781320 95
1509781380 91
1509781440 87
1509781500 93
1509781560 89
1509781620 92
1509781680 91
1509781740 93
1509781800 87
1509781860 88
1509781920 87
1509781980 85
1509782040 84
1509782100 83
1509782160 88
1509782220 87
1509782280 92
1509782340 94
1509782400 99
1509782460 96
1509782520 98
1509782580 97
1509782640 99
1509782700 96
1509782760 97
1509782820 97
1509782880 95
1509782940 96
1509783000 95
1509783060 93
1509783120 92
1509783180 85
1509783240 90
1509783300 93
1509783360 95
1509783420 100
1509783480 94
1509783540 90
1509783600 90
1509783660 85
1509783720 87
1509783780 88
1509783840 86
1509783900 84
1509783960 87
1509784020 90
1509784080 91
1509784140 91
1509784200 93
1509784260 97
1509784320 98
1509784380 97
1509784440 90
1509784500 89
1509784560 92
1509784620 86
1509784680 80
1509784740 90
1509784800 86
1509784860 93
1509784920 90
1509784980 97
1509785040 100
1509785100 97
1509785160 99
1509785220 98
1509785280 96
1509785340 98
1509785400 95
1509785460 91
1509785520 99
1509785580 95
1509785640 87
1509785700 85
1509785760 84
1509785820 78
1509785880 83
1509785940 78
1509786000 77
1509786060 75
1509786120 76
1509786180 69
1509786240 70
1509786300 74
1509786360 79
1509786420 70
1509786480 73
1509786540 69
1509786600 67
1509786660 66
1509786720 66
1509786780 67
1509786840 71
1509786900 74
1509786960 74
1509787020 68
1509787080 62
1509787140 62
1509787200 53
1509787260 26
