1514094540 39
1514094600 49
1514094660 49
1514094720 57
1514094780 57
1514094840 55
1514094900 55
1514094960 59
1514095020 57
1514095080 61
1514095140 71
1514095200 67
1514095260 76
1514095320 77
1514095380 75
1514095440 84
1514095500 88
1514095560 81
1514095620 79
1514095680 78
1514095740 87
1514095800 95
1514095860 101
1514095920 98
1514095980 101
1514096040 98
1514096100 97
1514096160 97
1514096220 99
1514096280 99
1514096340 94
1514096400 99
1514096460 97
1514096520 100
1514096580 101
1514096640 104
1514096700 104
1514096760 101
1514096820 110
1514096880 106
1514096940 49
1514097000 19
1514097060 8
1514097120 3
