1509621420 22
1509621480 40
1509621540 52
1509621600 65
1509621660 67
1509621720 72
1509621780 75
1509621840 87
1509621900 85
1509621960 90
1509622020 86
1509622080 87
1509622140 98
1509622200 103
1509622260 124
1509622320 126
1509622380 123
1509622440 125
1509622500 140
1509622560 150
1509622620 152
1509622680 153
1509622740 146
1509622800 162
1509622860 168
1509622920 177
1509622980 186
1509623040 193
1509623100 193
1509623160 207
1509623220 211
1509623280 224
1509623340 232
1509623400 230
1509623460 232
1509623520 237
1509623580 219
1509623640 211
1509623700 199
1509623760 213
1509623820 210
1509623880 220
1509623940 222
1509624000 223
1509624060 231
1509624120 221
1509624180 228
1509624240 228
1509624300 227
1509624360 228
1509624420 222
1509624480 223
1509624540 221
1509624600 217
1509624660 208
1509624720 205
1509624780 204
1509624840 201
1509624900 203
1509624960 209
1509625020 204
1509625080 208
1509625140 214
1509625200 225
1509625260 223
1509625320 223
1509625380 225
1509625440 226
1509625500 231
1509625560 230
1509625620 241
1509625680 240
1509625740 229
1509625800 227
1509625860 226
1509625920 227
1509625980 228
1509626040 225
1509626100 226
1509626160 219
1509626220 217
1509626280 221
1509626340 230
1509626400 228
1509626460 238
1509626520 244
1509626580 237
1509626640 244
1509626700 252
1509626760 260
1509626820 256
1509626880 259
1509626940 263
1509627000 232
1509627060 230
1509627120 246
1509627180 244
1509627240 242
1509627300 244
1509627360 248
1509627420 251
1509627480 262
1509627540 255
1509627600 252
1509627660 247
1509627720 253
1509627780 262
1509627840 267
1509627900 267
1509627960 270
1509628020 267
1509628080 263
1509628140 268
1509628200 268
1509628260 268
1509628320 272
1509628380 274
1509628440 278
1509628500 276
1509628560 239
1509628620 242
1509628680 248
1509628740 241
1509628800 245
1509628860 238
1509628920 239
1509628980 230
1509629040 227
1509629100 231
1509629160 239
1509629220 233
1509629280 236
1509629340 239
1509629400 250
1509629460 245
1509629520 247
1509629580 245
1509629640 250
1509629700 256
1509629760 250
1509629820 262
1509629880 263
1509629940 265
1509630000 268
1509630060 273
1509630120 283
1509630180 278
1509630240 271
1509630300 275
1509630360 274
1509630420 273
1509630480 271
1509630540 272
1509630600 267
1509630660 269
1509630720 270
1509630780 261
1509630840 265
1509630900 270
1509630960 273
1509631020 271
1509631080 284
1509631140 284
1509631200 288
1509631260 284
1509631320 286
1509631380 283
1509631440 283
1509631500 276
1509631560 247
1509631620 241
1509631680 248
1509631740 244
1509631800 245
1509631860 241
1509631920 237
1509631980 239
1509632040 240
1509632100 245
1509632160 247
1509632220 249
1509632280 262
1509632340 263
1509632400 253
1509632460 250
1509632520 248
1509632580 228
1509632640 230
1509632700 228
1509632760 217
1509632820 213
1509632880 217
1509632940 220
1509633000 210
1509633060 192
1509633120 170
1509633180 168
1509633240 164
1509633300 159
1509633360 167
1509633420 162
1509633480 167
1509633540 172
1509633600 176
1509633660 165
1509633720 168
1509633780 163
1509633840 159
1509633900 155
1509633960 160
1509634020 153
1509634080 139
1509634140 130
1509634200 131
1509634260 90
