1512039660 22
1512039720 24
1512039780 32
1512039840 24
1512039900 22
1512039960 23
1512040020 22
1512040080 24
1512040140 26
1512040200 19
1512040260 19
1512040320 23
1512040380 17
1512040440 23
1512040500 27
1512040560 25
1512040620 27
1512040680 27
1512040740 29
1512040800 30
1512040860 34
1512040920 32
1512040980 40
1512041040 38
1512041100 36
1512041160 39
1512041220 42
1512041280 39
1512041340 45
1512041400 45
1512041460 48
1512041520 51
1512041580 61
1512041640 62
1512041700 57
1512041760 57
1512041820 52
1512041880 49
1512041940 54
1512042000 59
1512042060 46
1512042120 46
1512042180 49
1512042240 43
1512042300 42
1512042360 37
1512042420 44
1512042480 38
1512042540 29
1512042600 28
1512042660 29
1512042720 31
1512042780 25
1512042840 25
1512042900 30
1512042960 33
1512043020 30
1512043080 26
1512043140 31
1512043200 27
1512043260 32
1512043320 14
1512043380 6
1512043440 10
1512043500 25
1512043560 17
1512043620 24
1512043680 23
1512043740 25
1512043800 23
1512043860 16
1512043920 21
1512043980 22
1512044040 25
1512044100 23
1512044160 23
1512044220 24
1512044280 24
1512044340 23
1512044400 23
1512044460 24
1512044520 29
1512044580 28
1512044640 29
1512044700 22
1512044760 22
1512044820 18
1512044880 23
1512044940 25
1512045000 23
1512045060 16
1512045120 4
