1508652180 35
1508652240 39
1508652300 43
1508652360 46
1508652420 45
1508652480 52
1508652540 51
1508652600 56
1508652660 55
1508652720 55
1508652780 58
1508652840 59
1508652900 60
1508652960 61
1508653020 61
1508653080 66
1508653140 67
1508653200 75
1508653260 73
1508653320 74
1508653380 68
1508653440 68
1508653500 66
1508653560 64
1508653620 65
1508653680 64
1508653740 68
1508653800 69
1508653860 72
1508653920 72
1508653980 69
1508654040 66
1508654100 68
1508654160 64
1508654220 62
1508654280 63
1508654340 67
1508654400 74
1508654460 72
1508654520 74
1508654580 71
1508654640 68
1508654700 71
1508654760 67
1508654820 71
1508654880 68
1508654940 73
1508655000 75
1508655060 73
1508655120 75
1508655180 75
1508655240 81
1508655300 78
1508655360 83
1508655420 78
1508655480 81
1508655540 74
1508655600 74
1508655660 69
1508655720 73
1508655780 72
1508655840 72
1508655900 73
1508655960 73
1508656020 70
1508656080 74
1508656140 79
1508656200 82
1508656260 83
1508656320 89
1508656380 88
1508656440 85
1508656500 83
1508656560 87
1508656620 86
1508656680 84
1508656740 82
1508656800 82
1508656860 88
1508656920 88
1508656980 79
1508657040 78
1508657100 76
1508657160 74
1508657220 74
1508657280 74
1508657340 79
1508657400 84
1508657460 78
1508657520 76
1508657580 80
1508657640 78
1508657700 79
1508657760 77
1508657820 75
1508657880 74
1508657940 75
1508658000 74
1508658060 71
1508658120 74
1508658180 71
1508658240 69
1508658300 71
1508658360 75
1508658420 74
1508658480 80
1508658540 78
1508658600 83
1508658660 79
1508658720 81
1508658780 81
1508658840 83
1508658900 81
1508658960 84
1508659020 86
1508659080 83
1508659140 82
1508659200 83
1508659260 79
1508659320 78
1508659380 79
1508659440 71
1508659500 77
1508659560 73
1508659620 73
1508659680 76
1508659740 78
1508659800 78
1508659860 79
1508659920 77
1508659980 78
1508660040 81
1508660100 77
1508660160 82
1508660220 80
1508660280 78
1508660340 76
1508660400 74
1508660460 74
1508660520 76
1508660580 78
1508660640 80
1508660700 75
1508660760 80
1508660820 79
1508660880 80
1508660940 79
1508661000 81
1508661060 79
1508661120 81
1508661180 85
1508661240 86
1508661300 80
1508661360 79
1508661420 79
1508661480 75
1508661540 73
1508661600 71
1508661660 69
1508661720 69
1508661780 69
1508661840 66
1508661900 62
1508661960 63
1508662020 63
1508662080 60
1508662140 62
1508662200 60
1508662260 59
1508662320 55
1508662380 60
1508662440 61
1508662500 59
1508662560 61
1508662620 63
1508662680 62
1508662740 65
1508662800 64
1508662860 66
1508662920 66
1508662980 69
1508663040 69
1508663100 60
1508663160 53
1508663220 40
1508663280 16
