1511607360 41
1511607420 40
1511607480 41
1511607540 55
1511607600 68
1511607660 73
1511607720 87
1511607780 88
1511607840 93
1511607900 98
1511607960 97
1511608020 113
1511608080 125
1511608140 128
1511608200 132
1511608260 135
1511608320 139
1511608380 147
1511608440 153
1511608500 158
1511608560 155
1511608620 161
1511608680 170
1511608740 175
1511608800 191
1511608860 197
1511608920 205
1511608980 205
1511609040 208
1511609100 216
1511609160 215
1511609220 218
1511609280 225
1511609340 228
1511609400 216
1511609460 230
1511609520 235
1511609580 240
1511609640 241
1511609700 252
1511609760 246
1511609820 257
1511609880 260
1511609940 269
1511610000 275
1511610060 288
1511610120 290
1511610180 293
1511610240 304
1511610300 309
1511610360 320
1511610420 318
1511610480 327
1511610540 329
1511610600 322
1511610660 329
1511610720 334
1511610780 336
1511610840 338
1511610900 352
1511610960 343
1511611020 333
1511611080 326
1511611140 332
1511611200 326
1511611260 327
1511611320 320
1511611380 327
1511611440 320
1511611500 313
1511611560 318
1511611620 326
1511611680 325
1511611740 326
1511611800 322
1511611860 317
1511611920 331
1511611980 327
1511612040 323
1511612100 336
1511612160 342
1511612220 340
1511612280 340
1511612340 343
1511612400 344
1511612460 342
1511612520 349
1511612580 332
1511612640 327
1511612700 316
1511612760 333
1511612820 333
1511612880 334
1511612940 330
1511613000 338
1511613060 325
1511613120 316
1511613180 319
1511613240 321
1511613300 327
1511613360 332
1511613420 327
1511613480 333
1511613540 339
1511613600 323
1511613660 328
1511613720 341
1511613780 325
1511613840 332
1511613900 343
1511613960 349
1511614020 350
1511614080 335
1511614140 336
1511614200 331
1511614260 341
1511614320 345
1511614380 358
1511614440 361
1511614500 361
1511614560 357
1511614620 361
1511614680 347
1511614740 351
1511614800 352
1511614860 349
1511614920 338
1511614980 352
1511615040 349
1511615100 347
1511615160 356
1511615220 359
1511615280 364
1511615340 370
1511615400 357
1511615460 347
1511615520 345
1511615580 359
1511615640 361
1511615700 368
1511615760 374
1511615820 370
1511615880 369
1511615940 378
1511616000 386
1511616060 384
1511616120 389
1511616180 371
1511616240 381
1511616300 379
1511616360 371
1511616420 365
1511616480 373
1511616540 373
1511616600 371
1511616660 362
1511616720 359
1511616780 340
1511616840 312
1511616900 304
1511616960 307
1511617020 301
1511617080 299
1511617140 312
1511617200 305
1511617260 307
1511617320 313
1511617380 310
1511617440 316
1511617500 310
1511617560 315
1511617620 307
1511617680 307
1511617740 307
1511617800 305
1511617860 307
1511617920 314
1511617980 315
1511618040 313
1511618100 322
1511618160 322
1511618220 315
1511618280 324
1511618340 327
1511618400 316
1511618460 310
1511618520 300
1511618580 299
1511618640 301
1511618700 299
1511618760 303
1511618820 306
1511618880 311
1511618940 302
1511619000 300
1511619060 317
1511619120 296
1511619180 291
1511619240 293
1511619300 282
1511619360 266
1511619420 263
1511619480 259
1511619540 262
1511619600 270
1511619660 265
1511619720 270
1511619780 266
1511619840 275
1511619900 267
1511619960 266
1511620020 266
1511620080 270
1511620140 263
1511620200 265
1511620260 273
1511620320 268
1511620380 249
1511620440 241
1511620500 228
1511620560 212
1511620620 138
1511620680 87
