1512724140 10
1512724200 4
1512724260 11
1512724320 15
1512724380 15
1512724440 15
1512724500 15
1512724560 16
1512724620 15
1512724680 18
1512724740 21
1512724800 19
1512724860 23
1512724920 15
1512724980 16
1512725040 19
1512725100 22
1512725160 20
1512725220 27
1512725280 27
1512725340 25
1512725400 26
1512725460 33
1512725520 29
1512725580 30
1512725640 31
1512725700 33
1512725760 31
1512725820 36
1512725880 42
1512725940 40
1512726000 40
1512726060 41
1512726120 48
1512726180 44
1512726240 42
1512726300 41
1512726360 41
1512726420 39
1512726480 43
1512726540 38
1512726600 40
1512726660 41
1512726720 43
1512726780 42
1512726840 40
1512726900 44
1512726960 51
1512727020 51
1512727080 46
1512727140 47
1512727200 45
1512727260 45
1512727320 52
1512727380 50
1512727440 54
1512727500 58
1512727560 60
1512727620 60
1512727680 65
1512727740 63
1512727800 61
1512727860 54
1512727920 57
1512727980 59
1512728040 58
1512728100 61
1512728160 66
1512728220 64
1512728280 67
1512728340 64
1512728400 66
1512728460 64
1512728520 65
1512728580 61
1512728640 61
1512728700 64
1512728760 61
1512728820 61
1512728880 61
1512728940 61
1512729000 64
1512729060 67
1512729120 65
1512729180 64
1512729240 66
1512729300 72
1512729360 62
1512729420 64
1512729480 66
1512729540 63
1512729600 60
1512729660 62
1512729720 68
1512729780 67
1512729840 65
1512729900 72
1512729960 68
1512730020 74
1512730080 69
1512730140 71
1512730200 71
1512730260 59
