1507022820 15
1507022880 13
1507022940 14
1507023000 20
1507023060 20
1507023120 17
1507023180 18
1507023240 18
1507023300 25
1507023360 23
1507023420 22
1507023480 27
1507023540 20
1507023600 20
1507023660 19
1507023720 16
1507023780 17
1507023840 19
1507023900 24
1507023960 27
1507024020 26
1507024080 24
1507024140 20
1507024200 14
1507024260 15
1507024320 15
1507024380 21
1507024440 18
1507024500 19
1507024560 19
1507024620 18
1507024680 23
1507024740 25
1507024800 23
1507024860 25
1507024920 25
1507024980 22
1507025040 27
1507025100 25
1507025160 25
1507025220 23
1507025280 24
1507025340 24
1507025400 28
1507025460 29
1507025520 28
1507025580 26
1507025640 26
1507025700 27
1507025760 23
1507025820 23
1507025880 22
1507025940 20
1507026000 18
1507026060 21
1507026120 20
1507026180 21
1507026240 21
1507026300 20
1507026360 21
1507026420 20
1507026480 11
