1507972860 22
1507972920 22
1507972980 22
1507973040 26
1507973100 24
1507973160 23
1507973220 30
1507973280 26
1507973340 28
1507973400 24
1507973460 24
1507973520 21
1507973580 17
1507973640 18
1507973700 18
1507973760 14
1507973820 19
1507973880 15
1507973940 21
1507974000 17
1507974060 15
1507974120 19
1507974180 19
1507974240 22
1507974300 22
1507974360 25
1507974420 25
1507974480 23
1507974540 24
1507974600 25
1507974660 30
1507974720 24
1507974780 23
1507974840 25
1507974900 27
1507974960 30
1507975020 30
1507975080 27
1507975140 29
1507975200 26
1507975260 25
1507975320 26
1507975380 26
1507975440 23
1507975500 23
1507975560 25
1507975620 29
1507975680 29
1507975740 25
1507975800 25
1507975860 24
1507975920 26
1507975980 21
1507976040 19
1507976100 17
1507976160 16
1507976220 18
1507976280 8
