1507886460 4
1507886520 5
1507886580 12
1507886640 14
1507886700 18
1507886760 18
1507886820 23
1507886880 24
1507886940 29
1507887000 32
1507887060 38
1507887120 35
1507887180 35
1507887240 34
1507887300 34
1507887360 37
1507887420 36
1507887480 35
1507887540 39
1507887600 31
1507887660 30
1507887720 33
1507887780 27
1507887840 29
1507887900 33
1507887960 37
1507888020 39
1507888080 39
1507888140 37
1507888200 35
1507888260 35
1507888320 37
1507888380 46
1507888440 47
1507888500 48
1507888560 39
1507888620 40
1507888680 41
1507888740 41
1507888800 45
1507888860 46
1507888920 43
1507888980 39
1507889040 39
1507889100 38
1507889160 36
1507889220 37
1507889280 35
1507889340 36
1507889400 40
1507889460 45
1507889520 46
1507889580 42
1507889640 39
1507889700 41
1507889760 37
1507889820 41
1507889880 37
1507889940 37
1507890000 36
1507890060 34
1507890120 34
1507890180 35
1507890240 38
1507890300 34
1507890360 34
1507890420 31
1507890480 26
1507890540 26
1507890600 9
