1514098080 26
1514098140 38
1514098200 36
1514098260 34
1514098320 34
1514098380 41
1514098440 45
1514098500 50
1514098560 49
1514098620 57
1514098680 59
1514098740 59
1514098800 61
1514098860 65
1514098920 72
1514098980 66
1514099040 71
1514099100 71
1514099160 70
1514099220 73
1514099280 78
1514099340 81
1514099400 81
1514099460 81
1514099520 77
1514099580 79
1514099640 83
1514099700 81
1514099760 80
1514099820 77
1514099880 85
1514099940 90
1514100000 88
1514100060 83
1514100120 90
1514100180 87
1514100240 94
1514100300 92
1514100360 87
1514100420 93
1514100480 102
1514100540 98
1514100600 96
1514100660 98
1514100720 97
1514100780 93
1514100840 93
1514100900 95
1514100960 100
1514101020 99
1514101080 94
1514101140 93
1514101200 91
1514101260 90
1514101320 95
1514101380 97
1514101440 103
1514101500 106
1514101560 108
1514101620 111
1514101680 111
1514101740 110
1514101800 113
1514101860 110
1514101920 110
1514101980 104
1514102040 104
1514102100 101
1514102160 98
1514102220 100
1514102280 99
1514102340 94
1514102400 94
1514102460 85
1514102520 92
1514102580 93
1514102640 87
1514102700 87
1514102760 91
1514102820 90
1514102880 90
1514102940 87
1514103000 94
1514103060 88
1514103120 90
1514103180 91
1514103240 93
1514103300 83
1514103360 88
1514103420 85
1514103480 94
1514103540 93
1514103600 101
1514103660 98
1514103720 97
1514103780 103
1514103840 106
1514103900 104
1514103960 106
1514104020 106
1514104080 102
1514104140 100
1514104200 101
1514104260 98
1514104320 90
1514104380 94
1514104440 93
1514104500 92
1514104560 97
1514104620 94
1514104680 102
1514104740 100
1514104800 97
1514104860 97
1514104920 99
1514104980 102
1514105040 101
1514105100 99
1514105160 96
1514105220 95
1514105280 96
1514105340 94
1514105400 95
1514105460 96
1514105520 96
1514105580 92
1514105640 93
1514105700 99
1514105760 93
1514105820 94
1514105880 96
1514105940 97
1514106000 89
1514106060 91
1514106120 96
1514106180 92
1514106240 90
1514106300 90
1514106360 80
1514106420 82
1514106480 76
1514106540 75
1514106600 78
1514106660 82
1514106720 84
1514106780 85
1514106840 85
1514106900 88
1514106960 81
1514107020 85
1514107080 84
1514107140 89
1514107200 90
1514107260 84
1514107320 86
1514107380 90
1514107440 89
1514107500 90
1514107560 89
1514107620 83
1514107680 73
1514107740 60
