1513329900 30
1513329960 24
1513330020 27
1513330080 32
1513330140 36
1513330200 32
1513330260 26
1513330320 32
1513330380 33
1513330440 39
1513330500 43
1513330560 42
1513330620 41
1513330680 43
1513330740 42
1513330800 42
1513330860 37
1513330920 39
1513330980 40
1513331040 35
1513331100 39
1513331160 40
1513331220 36
1513331280 43
1513331340 39
1513331400 39
1513331460 45
1513331520 47
1513331580 44
1513331640 44
1513331700 44
1513331760 57
1513331820 50
1513331880 51
1513331940 49
1513332000 52
1513332060 40
1513332120 38
1513332180 41
1513332240 42
1513332300 42
1513332360 43
1513332420 48
1513332480 44
1513332540 49
1513332600 45
1513332660 44
1513332720 45
1513332780 46
1513332840 45
1513332900 44
1513332960 49
1513333020 47
1513333080 48
1513333140 47
1513333200 47
1513333260 49
1513333320 52
1513333380 61
1513333440 56
1513333500 50
1513333560 41
1513333620 36
1513333680 30
1513333740 24
1513333800 26
1513333860 26
1513333920 26
1513333980 21
1513334040 18
1513334100 20
1513334160 22
1513334220 23
1513334280 19
1513334340 25
1513334400 21
1513334460 29
1513334520 26
1513334580 22
1513334640 24
1513334700 20
1513334760 13
