1509700980 12
1509701040 12
1509701100 19
1509701160 20
1509701220 25
1509701280 26
1509701340 25
1509701400 22
1509701460 29
1509701520 28
1509701580 33
1509701640 34
1509701700 35
1509701760 38
1509701820 35
1509701880 37
1509701940 33
1509702000 37
1509702060 40
1509702120 37
1509702180 38
1509702240 37
1509702300 43
1509702360 40
1509702420 37
1509702480 32
1509702540 33
1509702600 37
1509702660 42
1509702720 41
1509702780 47
1509702840 45
1509702900 45
1509702960 43
1509703020 42
1509703080 41
1509703140 36
1509703200 29
1509703260 35
1509703320 33
1509703380 25
1509703440 25
1509703500 33
1509703560 30
1509703620 25
1509703680 32
1509703740 30
1509703800 30
1509703860 35
1509703920 35
1509703980 35
1509704040 39
1509704100 37
1509704160 41
1509704220 37
1509704280 43
1509704340 41
1509704400 43
1509704460 39
1509704520 42
1509704580 43
1509704640 32
1509704700 10
