1511434800 25
1511434860 32
1511434920 27
1511434980 42
1511435040 34
1511435100 32
1511435160 32
1511435220 38
1511435280 40
1511435340 51
1511435400 47
1511435460 45
1511435520 46
1511435580 23
1511435640 5
1511435700 10
1511435760 16
1511435820 6
1511435880 21
1511435940 25
1511436000 27
1511436060 34
1511436120 33
1511436180 36
1511436240 41
1511436300 46
1511436360 43
1511436420 42
1511436480 40
1511436540 47
1511436600 46
1511436660 53
1511436720 56
1511436780 55
1511436840 55
1511436900 60
1511436960 65
1511437020 65
1511437080 71
1511437140 76
1511437200 82
1511437260 83
1511437320 75
1511437380 80
1511437440 83
1511437500 82
1511437560 84
1511437620 92
1511437680 87
1511437740 96
1511437800 97
1511437860 103
1511437920 98
1511437980 102
1511438040 104
1511438100 106
1511438160 103
1511438220 102
1511438280 101
1511438340 100
1511438400 101
1511438460 97
1511438520 99
1511438580 104
1511438640 111
1511438700 116
1511438760 115
1511438820 107
1511438880 108
1511438940 112
1511439000 112
1511439060 108
1511439120 111
1511439180 103
1511439240 101
1511439300 101
1511439360 100
1511439420 103
1511439480 106
1511439540 101
1511439600 105
1511439660 102
1511439720 105
1511439780 111
1511439840 108
1511439900 103
1511439960 104
1511440020 108
1511440080 101
1511440140 97
1511440200 92
1511440260 96
1511440320 94
1511440380 90
1511440440 92
1511440500 95
1511440560 96
1511440620 94
1511440680 91
1511440740 90
1511440800 93
1511440860 89
1511440920 90
1511440980 94
1511441040 97
1511441100 96
1511441160 95
1511441220 98
1511441280 92
1511441340 94
1511441400 95
1511441460 92
1511441520 97
1511441580 98
1511441640 107
1511441700 102
1511441760 94
1511441820 96
1511441880 100
1511441940 95
1511442000 97
1511442060 95
1511442120 98
1511442180 99
1511442240 101
1511442300 99
1511442360 99
1511442420 99
1511442480 102
1511442540 97
1511442600 100
1511442660 92
1511442720 91
1511442780 95
1511442840 99
1511442900 99
1511442960 102
1511443020 96
1511443080 97
1511443140 100
1511443200 100
1511443260 97
1511443320 100
1511443380 102
1511443440 102
1511443500 95
1511443560 95
1511443620 89
1511443680 86
1511443740 86
1511443800 93
1511443860 92
1511443920 93
1511443980 93
1511444040 95
1511444100 100
1511444160 99
1511444220 102
1511444280 102
1511444340 97
1511444400 102
1511444460 96
1511444520 97
1511444580 102
1511444640 101
1511444700 104
1511444760 102
1511444820 107
1511444880 106
1511444940 99
1511445000 96
1511445060 96
1511445120 93
1511445180 99
1511445240 96
1511445300 97
1511445360 95
1511445420 99
1511445480 96
1511445540 93
1511445600 93
1511445660 94
1511445720 91
1511445780 93
1511445840 92
1511445900 88
1511445960 91
1511446020 93
1511446080 97
1511446140 98
1511446200 96
1511446260 96
1511446320 94
1511446380 93
1511446440 94
1511446500 87
1511446560 89
1511446620 90
1511446680 91
1511446740 91
1511446800 86
1511446860 87
1511446920 88
1511446980 88
1511447040 86
1511447100 85
1511447160 78
1511447220 73
1511447280 65
1511447340 31
1511447400 18
