1511520300 32
1511520360 49
1511520420 39
1511520480 45
1511520540 42
1511520600 48
1511520660 54
1511520720 61
1511520780 63
1511520840 63
1511520900 70
1511520960 79
1511521020 84
1511521080 81
1511521140 96
1511521200 103
1511521260 102
1511521320 110
1511521380 114
1511521440 126
1511521500 132
1511521560 145
1511521620 151
1511521680 159
1511521740 148
1511521800 147
1511521860 158
1511521920 174
1511521980 172
1511522040 167
1511522100 168
1511522160 160
1511522220 159
1511522280 164
1511522340 169
1511522400 165
1511522460 175
1511522520 170
1511522580 166
1511522640 164
1511522700 155
1511522760 167
1511522820 179
1511522880 189
1511522940 199
1511523000 204
1511523060 210
1511523120 223
1511523180 242
1511523240 248
1511523300 254
1511523360 261
1511523420 275
1511523480 274
1511523540 270
1511523600 268
1511523660 275
1511523720 275
1511523780 278
1511523840 282
1511523900 281
1511523960 289
1511524020 299
1511524080 310
1511524140 321
1511524200 328
1511524260 320
1511524320 320
1511524380 314
1511524440 314
1511524500 306
1511524560 295
1511524620 291
1511524680 296
1511524740 303
1511524800 300
1511524860 297
1511524920 297
1511524980 311
1511525040 308
1511525100 316
1511525160 305
1511525220 303
1511525280 302
1511525340 295
1511525400 298
1511525460 301
1511525520 305
1511525580 314
1511525640 324
1511525700 319
1511525760 323
1511525820 334
1511525880 329
1511525940 325
1511526000 324
1511526060 335
1511526120 331
1511526180 344
1511526240 341
1511526300 340
1511526360 340
1511526420 339
1511526480 347
1511526540 346
1511526600 350
1511526660 343
1511526720 348
1511526780 337
1511526840 321
1511526900 336
1511526960 339
1511527020 349
1511527080 339
1511527140 340
1511527200 350
1511527260 339
1511527320 340
1511527380 339
1511527440 350
1511527500 332
1511527560 333
1511527620 323
1511527680 325
1511527740 330
1511527800 334
1511527860 340
1511527920 346
1511527980 327
1511528040 325
1511528100 325
1511528160 324
1511528220 321
1511528280 329
1511528340 338
1511528400 348
1511528460 337
1511528520 329
1511528580 333
1511528640 330
1511528700 331
1511528760 332
1511528820 332
1511528880 336
1511528940 335
1511529000 335
1511529060 333
1511529120 324
1511529180 324
1511529240 324
1511529300 331
1511529360 327
1511529420 322
1511529480 330
1511529540 333
1511529600 341
1511529660 327
1511529720 341
1511529780 338
1511529840 328
1511529900 318
1511529960 325
1511530020 318
1511530080 312
1511530140 325
1511530200 324
1511530260 326
1511530320 335
1511530380 341
1511530440 347
1511530500 346
1511530560 338
1511530620 347
1511530680 352
1511530740 341
1511530800 304
1511530860 306
1511530920 292
1511530980 294
1511531040 296
1511531100 299
1511531160 290
1511531220 270
1511531280 267
1511531340 271
1511531400 273
1511531460 274
1511531520 277
1511531580 269
1511531640 276
1511531700 277
1511531760 281
1511531820 277
1511531880 271
1511531940 274
1511532000 270
1511532060 281
1511532120 274
1511532180 276
1511532240 274
1511532300 297
1511532360 282
1511532420 286
1511532480 288
1511532540 246
1511532600 232
1511532660 218
1511532720 210
1511532780 201
1511532840 208
1511532900 193
1511532960 189
1511533020 182
1511533080 174
1511533140 170
1511533200 165
1511533260 161
1511533320 168
1511533380 165
1511533440 172
1511533500 179
1511533560 163
1511533620 145
1511533680 83
