1513250400 46
1513250460 59
1513250520 75
1513250580 91
1513250640 92
1513250700 103
1513250760 123
1513250820 127
1513250880 135
1513250940 142
1513251000 151
1513251060 161
1513251120 163
1513251180 172
1513251240 180
1513251300 180
1513251360 190
1513251420 203
1513251480 214
1513251540 210
1513251600 216
1513251660 212
1513251720 236
1513251780 228
1513251840 220
1513251900 242
1513251960 251
1513252020 261
1513252080 269
1513252140 270
1513252200 263
1513252260 271
1513252320 275
1513252380 276
1513252440 288
1513252500 290
1513252560 285
1513252620 285
1513252680 281
1513252740 286
1513252800 290
1513252860 298
1513252920 304
1513252980 314
1513253040 320
1513253100 313
1513253160 309
1513253220 300
1513253280 297
1513253340 293
1513253400 297
1513253460 300
1513253520 288
1513253580 291
1513253640 294
1513253700 287
1513253760 295
1513253820 296
1513253880 305
1513253940 300
1513254000 281
1513254060 278
1513254120 291
1513254180 282
1513254240 276
1513254300 272
1513254360 273
1513254420 277
1513254480 272
1513254540 278
1513254600 290
1513254660 288
1513254720 280
1513254780 281
1513254840 281
1513254900 276
1513254960 287
1513255020 294
1513255080 312
1513255140 310
1513255200 316
1513255260 317
1513255320 313
1513255380 310
1513255440 301
1513255500 293
1513255560 284
1513255620 281
1513255680 286
1513255740 287
1513255800 298
1513255860 302
1513255920 299
1513255980 304
1513256040 304
1513256100 311
1513256160 315
1513256220 309
1513256280 310
1513256340 293
1513256400 282
1513256460 282
1513256520 291
1513256580 295
1513256640 301
1513256700 299
1513256760 306
1513256820 302
1513256880 293
1513256940 300
1513257000 294
1513257060 302
1513257120 309
1513257180 309
1513257240 295
1513257300 284
1513257360 270
1513257420 262
1513257480 275
1513257540 266
1513257600 270
1513257660 264
1513257720 275
1513257780 270
1513257840 283
1513257900 283
1513257960 285
1513258020 283
1513258080 277
1513258140 282
1513258200 280
1513258260 283
1513258320 290
1513258380 303
1513258440 300
1513258500 310
1513258560 321
1513258620 315
1513258680 306
1513258740 306
1513258800 310
1513258860 324
1513258920 329
1513258980 331
1513259040 330
1513259100 323
1513259160 317
1513259220 327
1513259280 339
1513259340 342
1513259400 348
1513259460 341
1513259520 339
1513259580 349
1513259640 344
1513259700 340
1513259760 341
1513259820 340
1513259880 323
1513259940 321
1513260000 313
1513260060 304
1513260120 298
1513260180 295
1513260240 294
1513260300 282
1513260360 265
1513260420 273
1513260480 283
1513260540 289
1513260600 276
1513260660 285
1513260720 275
1513260780 279
1513260840 276
1513260900 280
1513260960 283
1513261020 285
1513261080 288
1513261140 286
1513261200 286
1513261260 295
1513261320 294
1513261380 281
1513261440 286
1513261500 291
1513261560 294
1513261620 286
1513261680 277
1513261740 274
1513261800 237
1513261860 201
1513261920 128
1513261980 88
