1509449580 74
1509449640 106
1509449700 119
1509449760 136
1509449820 156
1509449880 167
1509449940 183
1509450000 206
1509450060 220
1509450120 227
1509450180 236
1509450240 254
1509450300 270
1509450360 292
1509450420 310
1509450480 337
1509450540 359
1509450600 354
1509450660 368
1509450720 366
1509450780 370
1509450840 385
1509450900 384
1509450960 390
1509451020 387
1509451080 401
1509451140 408
1509451200 408
1509451260 399
1509451320 420
1509451380 470
1509451440 495
1509451500 493
1509451560 492
1509451620 491
1509451680 496
1509451740 478
1509451800 492
1509451860 497
1509451920 501
1509451980 499
1509452040 507
1509452100 492
1509452160 498
1509452220 502
1509452280 499
1509452340 503
1509452400 490
1509452460 508
1509452520 510
1509452580 509
1509452640 513
1509452700 522
1509452760 514
1509452820 511
1509452880 521
1509452940 522
1509453000 522
1509453060 527
1509453120 533
1509453180 534
1509453240 511
1509453300 511
1509453360 510
1509453420 494
1509453480 500
1509453540 505
1509453600 499
1509453660 491
1509453720 504
1509453780 504
1509453840 515
1509453900 512
1509453960 514
1509454020 507
1509454080 527
1509454140 523
1509454200 524
1509454260 525
1509454320 529
1509454380 518
1509454440 531
1509454500 517
1509454560 500
1509454620 522
1509454680 526
1509454740 530
1509454800 532
1509454860 538
1509454920 539
1509454980 529
1509455040 515
1509455100 513
1509455160 507
1509455220 500
1509455280 486
1509455340 483
1509455400 494
1509455460 497
1509455520 502
1509455580 502
1509455640 521
1509455700 537
1509455760 537
1509455820 531
1509455880 536
1509455940 532
1509456000 531
1509456060 545
1509456120 543
1509456180 540
1509456240 543
1509456300 535
1509456360 549
1509456420 549
1509456480 549
1509456540 542
1509456600 543
1509456660 518
1509456720 509
1509456780 499
1509456840 474
1509456900 426
1509456960 395
1509457020 366
1509457080 346
1509457140 338
1509457200 316
1509457260 205
