1512644460 31
1512644520 36
1512644580 36
1512644640 36
1512644700 37
1512644760 41
1512644820 38
1512644880 40
1512644940 39
1512645000 47
1512645060 49
1512645120 41
1512645180 40
1512645240 46
1512645300 46
1512645360 44
1512645420 55
1512645480 59
1512645540 59
1512645600 57
1512645660 64
1512645720 65
1512645780 64
1512645840 66
1512645900 64
1512645960 67
1512646020 77
1512646080 71
1512646140 71
1512646200 77
1512646260 77
1512646320 78
1512646380 83
1512646440 80
1512646500 83
1512646560 86
1512646620 89
1512646680 89
1512646740 91
1512646800 89
1512646860 89
1512646920 89
1512646980 88
1512647040 85
1512647100 88
1512647160 95
1512647220 102
1512647280 103
1512647340 98
1512647400 104
1512647460 102
1512647520 93
1512647580 97
1512647640 96
1512647700 98
1512647760 101
1512647820 100
1512647880 96
1512647940 90
1512648000 95
1512648060 90
1512648120 85
1512648180 85
1512648240 90
1512648300 83
1512648360 88
1512648420 90
1512648480 92
1512648540 94
1512648600 95
1512648660 96
1512648720 98
1512648780 95
1512648840 99
1512648900 103
1512648960 101
1512649020 108
1512649080 109
1512649140 111
1512649200 110
1512649260 104
1512649320 105
1512649380 106
1512649440 113
1512649500 108
1512649560 114
1512649620 118
1512649680 120
1512649740 116
1512649800 115
1512649860 110
1512649920 116
1512649980 112
1512650040 114
1512650100 111
1512650160 111
1512650220 108
1512650280 112
1512650340 105
1512650400 110
1512650460 113
1512650520 111
1512650580 114
1512650640 106
1512650700 107
1512650760 111
1512650820 107
1512650880 107
1512650940 108
1512651000 112
1512651060 116
1512651120 113
1512651180 114
1512651240 114
1512651300 108
1512651360 111
1512651420 113
1512651480 109
1512651540 110
1512651600 114
1512651660 112
1512651720 118
1512651780 115
1512651840 120
1512651900 124
1512651960 122
1512652020 120
1512652080 124
1512652140 98
1512652200 108
1512652260 116
1512652320 111
1512652380 105
1512652440 104
1512652500 99
1512652560 103
1512652620 100
1512652680 95
1512652740 90
1512652800 88
1512652860 86
1512652920 91
1512652980 82
1512653040 88
1512653100 41
