1509187440 29
1509187500 27
1509187560 29
1509187620 32
1509187680 34
1509187740 38
1509187800 35
1509187860 30
1509187920 36
1509187980 37
1509188040 41
1509188100 32
1509188160 33
1509188220 37
1509188280 44
1509188340 50
1509188400 54
1509188460 54
1509188520 61
1509188580 62
1509188640 61
1509188700 65
1509188760 65
1509188820 69
1509188880 73
1509188940 79
1509189000 80
1509189060 81
1509189120 79
1509189180 81
1509189240 81
1509189300 79
1509189360 77
1509189420 83
1509189480 77
1509189540 84
1509189600 81
1509189660 84
1509189720 85
1509189780 83
1509189840 82
1509189900 87
1509189960 81
1509190020 85
1509190080 88
1509190140 85
1509190200 88
1509190260 92
1509190320 89
1509190380 90
1509190440 97
1509190500 105
1509190560 95
1509190620 98
1509190680 95
1509190740 94
1509190800 89
1509190860 83
1509190920 83
1509190980 79
1509191040 18
1509191100 10
