1506597960 46
1506598020 49
1506598080 55
1506598140 59
1506598200 56
1506598260 57
1506598320 58
1506598380 57
1506598440 51
1506598500 61
1506598560 65
1506598620 68
1506598680 71
1506598740 81
1506598800 81
1506598860 84
1506598920 80
1506598980 84
1506599040 89
1506599100 97
1506599160 96
1506599220 102
1506599280 97
1506599340 93
1506599400 101
1506599459 107
1506599520 111
1506599580 106
1506599640 109
1506599700 114
1506599760 114
1506599820 111
1506599880 112
1506599940 121
1506600000 122
1506600060 119
1506600120 123
1506600180 124
1506600240 124
1506600300 122
1506600360 126
1506600420 127
1506600480 127
1506600540 122
1506600600 126
1506600660 126
1506600720 121
1506600780 121
1506600840 120
1506600900 121
1506600960 125
1506601020 119
1506601079 130
1506601140 131
1506601200 136
1506601260 132
1506601320 132
1506601380 135
1506601440 133
1506601500 129
1506601560 125
1506601620 125
1506601680 126
1506601740 127
1506601800 120
1506601860 132
1506601920 133
1506601980 136
1506602040 136
1506602100 140
1506602160 141
1506602220 138
1506602280 138
1506602340 140
1506602400 145
1506602460 140
1506602520 143
1506602580 146
1506602640 147
1506602700 143
1506602760 141
1506602820 147
1506602880 140
1506602940 145
1506603000 145
1506603060 138
1506603120 144
1506603180 146
1506603240 144
1506603300 138
1506603360 131
1506603420 124
1506603480 121
1506603540 132
1506603600 136
1506603660 133
1506603720 129
1506603780 135
1506603840 132
1506603900 131
1506603960 134
1506604020 138
1506604080 127
1506604140 133
1506604200 130
1506604259 130
1506604320 126
1506604380 127
1506604440 130
1506604500 126
1506604560 133
1506604620 135
1506604680 138
1506604740 134
1506604800 137
1506604860 134
1506604920 130
1506604980 129
1506605040 130
1506605100 126
1506605160 123
1506605220 124
1506605280 126
1506605340 128
1506605400 131
1506605460 131
1506605520 130
1506605580 135
1506605640 136
1506605700 140
1506605760 144
1506605820 139
1506605880 138
1506605940 137
1506606000 138
1506606060 137
1506606120 131
1506606180 135
1506606240 133
1506606300 128
1506606360 135
1506606420 137
1506606480 138
1506606540 140
1506606600 143
1506606660 143
1506606720 140
1506606780 137
1506606840 131
1506606900 134
1506606960 130
1506607020 121
1506607080 124
1506607140 130
1506607200 126
1506607260 122
1506607320 122
1506607380 124
1506607440 116
1506607500 118
1506607560 118
1506607619 119
1506607680 120
1506607740 117
1506607800 115
1506607860 118
1506607920 121
1506607980 118
1506608040 116
1506608100 115
1506608160 122
1506608220 118
1506608280 122
1506608340 121
1506608400 118
1506608460 121
1506608520 127
1506608579 111
1506608640 105
1506608700 97
1506608760 66
1506608820 24
