1506853860 37
1506853920 49
1506853980 42
1506854040 44
1506854100 54
1506854160 63
1506854220 60
1506854280 69
1506854340 70
1506854400 69
1506854460 74
1506854519 70
1506854580 68
1506854640 67
1506854700 70
1506854760 73
1506854820 69
1506854880 75
1506854940 86
1506855000 75
1506855060 90
1506855120 89
1506855180 82
1506855240 76
1506855300 77
1506855360 87
1506855420 92
1506855480 99
1506855540 108
1506855600 112
1506855660 115
1506855720 140
1506855780 150
1506855840 164
1506855900 170
1506855960 171
1506856020 187
1506856080 198
1506856140 205
1506856200 225
1506856260 230
1506856320 220
1506856380 223
1506856440 238
1506856500 202
1506856560 208
1506856620 208
1506856679 219
1506856740 235
1506856800 234
1506856860 251
1506856920 262
1506856980 262
1506857040 266
1506857100 279
1506857160 272
1506857220 265
1506857280 275
1506857340 279
1506857400 293
1506857460 306
1506857520 317
1506857580 307
1506857640 318
1506857700 319
1506857760 303
1506857820 300
1506857880 303
1506857940 306
1506858000 308
1506858060 312
1506858120 313
1506858180 308
1506858240 310
1506858300 319
1506858360 321
1506858420 312
1506858480 314
1506858540 321
1506858600 324
1506858660 330
1506858720 330
1506858780 339
1506858840 344
1506858900 354
1506858960 345
1506859020 343
1506859080 351
1506859140 356
1506859200 352
1506859260 368
1506859320 367
1506859380 356
1506859440 353
1506859500 356
1506859560 353
1506859620 343
1506859680 343
1506859740 349
1506859800 357
1506859860 343
1506859920 354
1506859980 350
1506860040 361
1506860100 362
1506860160 365
1506860220 357
1506860280 359
1506860340 372
1506860400 375
1506860460 354
1506860520 361
1506860580 364
1506860640 362
1506860700 366
1506860760 362
1506860820 365
1506860880 321
1506860940 333
1506861000 349
1506861060 341
1506861120 345
1506861180 319
1506861240 329
1506861300 344
1506861360 333
1506861420 341
1506861480 352
1506861540 353
1506861600 346
1506861660 330
1506861720 349
1506861780 348
1506861840 355
1506861900 345
1506861960 352
1506862020 358
1506862080 369
1506862140 371
1506862200 377
1506862260 384
1506862320 377
1506862380 360
1506862439 365
1506862500 362
1506862560 355
1506862620 362
1506862680 373
1506862740 366
1506862800 360
1506862860 355
1506862920 354
1506862980 336
1506863040 342
1506863100 358
1506863160 358
1506863220 354
1506863280 349
1506863340 348
1506863400 324
1506863460 319
1506863520 324
1506863580 327
1506863640 329
1506863700 337
1506863760 345
1506863820 360
1506863880 360
1506863940 371
1506864000 365
1506864060 364
1506864120 373
1506864180 355
1506864240 364
1506864300 361
1506864360 341
1506864420 309
1506864480 295
1506864540 291
1506864600 272
1506864660 176
1506864720 96
