1506770460 71
1506770520 72
1506770580 70
1506770640 72
1506770700 63
1506770760 64
1506770820 69
1506770880 71
1506770940 70
1506771000 75
1506771060 84
1506771120 80
1506771179 79
1506771240 81
1506771300 82
1506771360 81
1506771420 91
1506771480 87
1506771540 86
1506771600 97
1506771659 94
1506771720 96
1506771780 89
1506771840 91
1506771900 91
1506771960 101
1506772019 103
1506772080 103
1506772140 100
1506772200 100
1506772260 106
1506772320 107
1506772379 106
1506772440 104
1506772500 99
1506772560 106
1506772620 105
1506772680 105
1506772740 105
1506772799 108
1506772860 99
1506772920 99
1506772980 101
1506773039 103
1506773100 102
1506773160 97
1506773220 98
1506773280 99
1506773340 100
1506773400 98
1506773460 93
1506773520 105
1506773580 107
1506773640 104
1506773700 100
1506773760 102
1506773820 97
1506773880 98
1506773940 101
1506774000 100
1506774060 102
1506774120 105
1506774180 102
1506774240 104
1506774300 101
1506774360 96
1506774420 91
1506774480 101
1506774540 101
1506774600 95
1506774660 102
1506774720 99
1506774779 93
1506774840 94
1506774900 88
1506774960 93
1506775020 91
1506775080 97
1506775140 99
1506775200 98
1506775260 104
1506775320 104
1506775380 108
1506775440 112
1506775500 106
1506775560 110
1506775620 110
1506775680 112
1506775739 104
1506775800 100
1506775860 101
1506775920 103
1506775980 97
1506776040 100
1506776100 95
1506776160 93
1506776220 93
1506776280 90
1506776340 94
1506776400 91
1506776460 97
1506776520 96
1506776580 98
1506776640 99
1506776700 96
1506776760 95
1506776820 103
1506776880 101
1506776940 102
1506777000 102
1506777060 101
1506777120 98
1506777180 96
1506777240 93
1506777300 94
1506777360 91
1506777420 99
1506777479 101
1506777540 94
1506777600 90
1506777660 88
1506777719 90
1506777780 83
1506777840 87
1506777900 91
1506777960 92
1506778019 92
1506778080 97
1506778140 103
1506778200 97
1506778260 97
1506778320 96
1506778380 79
1506778440 83
1506778500 86
1506778560 86
1506778620 90
1506778680 85
1506778740 91
1506778800 91
1506778860 88
1506778920 90
1506778980 88
1506779040 90
1506779100 93
1506779160 87
1506779220 85
1506779280 92
1506779340 88
1506779400 87
1506779460 93
1506779520 92
1506779580 81
1506779640 75
1506779700 78
1506779760 81
1506779820 83
1506779879 81
1506779940 79
1506780000 86
1506780060 85
1506780120 90
1506780180 91
1506780240 91
1506780300 88
1506780360 97
1506780420 87
1506780480 86
1506780539 79
1506780600 76
1506780660 59
1506780720 21
