1506683820 41
1506683880 43
1506683940 51
1506684000 64
1506684060 55
1506684120 62
1506684180 63
1506684240 59
1506684300 75
1506684359 87
1506684420 98
1506684480 100
1506684540 110
1506684600 110
1506684660 113
1506684720 119
1506684780 131
1506684840 138
1506684900 138
1506684960 134
1506685020 133
1506685080 150
1506685140 159
1506685200 156
1506685260 173
1506685320 191
1506685380 192
1506685440 195
1506685500 201
1506685560 208
1506685620 210
1506685680 211
1506685740 217
1506685800 220
1506685860 211
1506685920 204
1506685980 202
1506686040 210
1506686100 217
1506686160 215
1506686220 220
1506686280 219
1506686339 223
1506686400 215
1506686460 200
1506686519 203
1506686580 201
1506686640 198
1506686700 199
1506686760 204
1506686820 203
1506686880 204
1506686940 206
1506687000 189
1506687060 202
1506687120 201
1506687180 196
1506687240 193
1506687300 192
1506687360 187
1506687420 196
1506687480 199
1506687540 202
1506687600 210
1506687660 206
1506687720 214
1506687780 216
1506687839 216
1506687900 218
1506687960 229
1506688020 227
1506688080 224
1506688140 220
1506688200 230
1506688260 216
1506688320 220
1506688380 217
1506688440 218
1506688500 222
1506688560 221
1506688620 221
1506688680 221
1506688740 229
1506688800 223
1506688860 224
1506688920 227
1506688980 228
1506689040 227
1506689100 226
1506689160 231
1506689219 236
1506689280 231
1506689340 239
1506689400 237
1506689460 252
1506689519 258
1506689580 244
1506689640 257
1506689700 255
1506689760 256
1506689820 258
1506689880 251
1506689940 260
1506690000 259
1506690060 249
1506690120 252
1506690180 262
1506690240 248
1506690300 244
1506690360 238
1506690420 251
1506690480 258
1506690540 246
1506690600 244
1506690660 251
1506690720 247
1506690780 247
1506690840 241
1506690900 251
1506690960 247
1506691020 248
1506691080 258
1506691140 252
1506691200 256
1506691260 252
1506691320 250
1506691380 245
1506691440 236
1506691500 227
1506691560 232
1506691620 234
1506691680 231
1506691740 235
1506691800 240
1506691860 231
1506691920 232
1506691980 222
1506692040 222
1506692100 227
1506692160 226
1506692220 231
1506692280 233
1506692340 224
1506692400 231
1506692460 233
1506692520 228
1506692580 218
1506692640 223
1506692700 220
1506692760 222
1506692820 232
1506692880 241
1506692940 238
1506693000 232
1506693060 240
1506693120 232
1506693180 232
1506693240 237
1506693300 242
1506693360 238
1506693420 234
1506693480 237
1506693540 236
1506693600 231
1506693660 232
1506693720 234
1506693780 234
1506693840 230
1506693900 222
1506693960 224
1506694020 209
1506694080 201
1506694140 198
1506694200 189
1506694260 187
1506694320 179
1506694380 183
1506694440 180
1506694500 182
1506694560 189
1506694620 191
1506694680 191
1506694740 193
1506694800 188
1506694860 187
1506694920 190
1506694980 182
1506695040 187
1506695100 189
1506695160 196
1506695220 182
1506695280 195
1506695340 193
1506695400 187
1506695460 171
1506695520 159
1506695580 76
1506695640 44
